<?xml version="1.0" encoding="UTF-8"?>
<testsuite xmlns:xsi="http://www.w3.org/2001/XMLSchema-instance" xsi:noNamespaceSchemaLocation="https://maven.apache.org/surefire/maven-surefire-plugin/xsd/surefire-test-report.xsd" version="3.0.2" name="TestSuite" time="3140.583" tests="37" errors="0" skipped="8" failures="13">
  <properties>
    <property name="java.specification.version" value="17"/>
    <property name="sun.cpu.isalist" value="amd64"/>
    <property name="sun.jnu.encoding" value="Cp1252"/>
    <property name="java.class.path" value="C:\Users\ganesh\eclipse-workspace\AmazonProject1\target\test-classes;C:\Users\ganesh\eclipse-workspace\AmazonProject1\target\classes;C:\Users\ganesh\.m2\repository\org\seleniumhq\selenium\selenium-java\4.33.0\selenium-java-4.33.0.jar;C:\Users\ganesh\.m2\repository\org\seleniumhq\selenium\selenium-api\4.33.0\selenium-api-4.33.0.jar;C:\Users\ganesh\.m2\repository\org\jspecify\jspecify\1.0.0\jspecify-1.0.0.jar;C:\Users\ganesh\.m2\repository\org\seleniumhq\selenium\selenium-chrome-driver\4.33.0\selenium-chrome-driver-4.33.0.jar;C:\Users\ganesh\.m2\repository\com\google\auto\service\auto-service-annotations\1.1.1\auto-service-annotations-1.1.1.jar;C:\Users\ganesh\.m2\repository\org\seleniumhq\selenium\selenium-chromium-driver\4.33.0\selenium-chromium-driver-4.33.0.jar;C:\Users\ganesh\.m2\repository\org\seleniumhq\selenium\selenium-json\4.33.0\selenium-json-4.33.0.jar;C:\Users\ganesh\.m2\repository\org\seleniumhq\selenium\selenium-manager\4.33.0\selenium-manager-4.33.0.jar;C:\Users\ganesh\.m2\repository\org\seleniumhq\selenium\selenium-devtools-v135\4.33.0\selenium-devtools-v135-4.33.0.jar;C:\Users\ganesh\.m2\repository\org\seleniumhq\selenium\selenium-devtools-v136\4.33.0\selenium-devtools-v136-4.33.0.jar;C:\Users\ganesh\.m2\repository\org\seleniumhq\selenium\selenium-devtools-v137\4.33.0\selenium-devtools-v137-4.33.0.jar;C:\Users\ganesh\.m2\repository\org\seleniumhq\selenium\selenium-edge-driver\4.33.0\selenium-edge-driver-4.33.0.jar;C:\Users\ganesh\.m2\repository\org\seleniumhq\selenium\selenium-firefox-driver\4.33.0\selenium-firefox-driver-4.33.0.jar;C:\Users\ganesh\.m2\repository\org\seleniumhq\selenium\selenium-http\4.33.0\selenium-http-4.33.0.jar;C:\Users\ganesh\.m2\repository\org\seleniumhq\selenium\selenium-ie-driver\4.33.0\selenium-ie-driver-4.33.0.jar;C:\Users\ganesh\.m2\repository\org\seleniumhq\selenium\selenium-remote-driver\4.33.0\selenium-remote-driver-4.33.0.jar;C:\Users\ganesh\.m2\repository\com\google\guava\guava\33.4.8-jre\guava-33.4.8-jre.jar;C:\Users\ganesh\.m2\repository\com\google\guava\failureaccess\1.0.3\failureaccess-1.0.3.jar;C:\Users\ganesh\.m2\repository\com\google\guava\listenablefuture\9999.0-empty-to-avoid-conflict-with-guava\listenablefuture-9999.0-empty-to-avoid-conflict-with-guava.jar;C:\Users\ganesh\.m2\repository\com\google\errorprone\error_prone_annotations\2.36.0\error_prone_annotations-2.36.0.jar;C:\Users\ganesh\.m2\repository\com\google\j2objc\j2objc-annotations\3.0.0\j2objc-annotations-3.0.0.jar;C:\Users\ganesh\.m2\repository\io\opentelemetry\opentelemetry-api\1.50.0\opentelemetry-api-1.50.0.jar;C:\Users\ganesh\.m2\repository\io\opentelemetry\opentelemetry-context\1.50.0\opentelemetry-context-1.50.0.jar;C:\Users\ganesh\.m2\repository\io\opentelemetry\opentelemetry-exporter-logging\1.50.0\opentelemetry-exporter-logging-1.50.0.jar;C:\Users\ganesh\.m2\repository\io\opentelemetry\opentelemetry-sdk-common\1.50.0\opentelemetry-sdk-common-1.50.0.jar;C:\Users\ganesh\.m2\repository\io\opentelemetry\opentelemetry-sdk-extension-autoconfigure-spi\1.50.0\opentelemetry-sdk-extension-autoconfigure-spi-1.50.0.jar;C:\Users\ganesh\.m2\repository\io\opentelemetry\opentelemetry-sdk-extension-autoconfigure\1.50.0\opentelemetry-sdk-extension-autoconfigure-1.50.0.jar;C:\Users\ganesh\.m2\repository\io\opentelemetry\opentelemetry-sdk-trace\1.50.0\opentelemetry-sdk-trace-1.50.0.jar;C:\Users\ganesh\.m2\repository\io\opentelemetry\opentelemetry-sdk\1.50.0\opentelemetry-sdk-1.50.0.jar;C:\Users\ganesh\.m2\repository\io\opentelemetry\opentelemetry-sdk-metrics\1.50.0\opentelemetry-sdk-metrics-1.50.0.jar;C:\Users\ganesh\.m2\repository\io\opentelemetry\opentelemetry-sdk-logs\1.50.0\opentelemetry-sdk-logs-1.50.0.jar;C:\Users\ganesh\.m2\repository\net\bytebuddy\byte-buddy\1.17.5\byte-buddy-1.17.5.jar;C:\Users\ganesh\.m2\repository\org\seleniumhq\selenium\selenium-os\4.33.0\selenium-os-4.33.0.jar;C:\Users\ganesh\.m2\repository\org\apache\commons\commons-exec\1.4.0\commons-exec-1.4.0.jar;C:\Users\ganesh\.m2\repository\org\seleniumhq\selenium\selenium-safari-driver\4.33.0\selenium-safari-driver-4.33.0.jar;C:\Users\ganesh\.m2\repository\org\seleniumhq\selenium\selenium-support\4.33.0\selenium-support-4.33.0.jar;C:\Users\ganesh\.m2\repository\org\testng\testng\7.10.2\testng-7.10.2.jar;C:\Users\ganesh\.m2\repository\org\slf4j\slf4j-api\1.7.36\slf4j-api-1.7.36.jar;C:\Users\ganesh\.m2\repository\com\beust\jcommander\1.82\jcommander-1.82.jar;C:\Users\ganesh\.m2\repository\org\webjars\jquery\3.7.1\jquery-3.7.1.jar;C:\Users\ganesh\.m2\repository\org\apache\poi\poi\5.2.5\poi-5.2.5.jar;C:\Users\ganesh\.m2\repository\commons-codec\commons-codec\1.16.0\commons-codec-1.16.0.jar;C:\Users\ganesh\.m2\repository\org\apache\commons\commons-collections4\4.4\commons-collections4-4.4.jar;C:\Users\ganesh\.m2\repository\org\apache\commons\commons-math3\3.6.1\commons-math3-3.6.1.jar;C:\Users\ganesh\.m2\repository\commons-io\commons-io\2.15.0\commons-io-2.15.0.jar;C:\Users\ganesh\.m2\repository\com\zaxxer\SparseBitSet\1.3\SparseBitSet-1.3.jar;C:\Users\ganesh\.m2\repository\org\apache\logging\log4j\log4j-api\2.21.1\log4j-api-2.21.1.jar;C:\Users\ganesh\.m2\repository\org\apache\poi\poi-ooxml\5.2.5\poi-ooxml-5.2.5.jar;C:\Users\ganesh\.m2\repository\org\apache\poi\poi-ooxml-lite\5.2.5\poi-ooxml-lite-5.2.5.jar;C:\Users\ganesh\.m2\repository\org\apache\xmlbeans\xmlbeans\5.2.0\xmlbeans-5.2.0.jar;C:\Users\ganesh\.m2\repository\org\apache\commons\commons-compress\1.25.0\commons-compress-1.25.0.jar;C:\Users\ganesh\.m2\repository\com\github\virtuald\curvesapi\1.08\curvesapi-1.08.jar;C:\Users\ganesh\.m2\repository\org\apache\poi\poi-ooxml-schemas\4.1.2\poi-ooxml-schemas-4.1.2.jar;"/>
    <property name="java.vm.vendor" value="Oracle Corporation"/>
    <property name="sun.arch.data.model" value="64"/>
    <property name="user.variant" value=""/>
    <property name="java.vendor.url" value="https://java.oracle.com/"/>
    <property name="user.timezone" value="America/New_York"/>
    <property name="os.name" value="Windows 11"/>
    <property name="java.vm.specification.version" value="17"/>
    <property name="sun.java.launcher" value="SUN_STANDARD"/>
    <property name="user.country" value="US"/>
    <property name="sun.boot.library.path" value="C:\Program Files\Java\jdk-17\bin"/>
    <property name="sun.java.command" value="C:\Users\ganesh\AppData\Local\Temp\surefire12680344043739115056\surefirebooter-20250621140526756_3.jar C:\Users\ganesh\AppData\Local\Temp\surefire12680344043739115056 2025-06-21T14-05-26_480-jvmRun1 surefire-20250621140526756_1tmp surefire_0-20250621140526756_2tmp"/>
    <property name="jdk.debug" value="release"/>
    <property name="surefire.test.class.path" value="C:\Users\ganesh\eclipse-workspace\AmazonProject1\target\test-classes;C:\Users\ganesh\eclipse-workspace\AmazonProject1\target\classes;C:\Users\ganesh\.m2\repository\org\seleniumhq\selenium\selenium-java\4.33.0\selenium-java-4.33.0.jar;C:\Users\ganesh\.m2\repository\org\seleniumhq\selenium\selenium-api\4.33.0\selenium-api-4.33.0.jar;C:\Users\ganesh\.m2\repository\org\jspecify\jspecify\1.0.0\jspecify-1.0.0.jar;C:\Users\ganesh\.m2\repository\org\seleniumhq\selenium\selenium-chrome-driver\4.33.0\selenium-chrome-driver-4.33.0.jar;C:\Users\ganesh\.m2\repository\com\google\auto\service\auto-service-annotations\1.1.1\auto-service-annotations-1.1.1.jar;C:\Users\ganesh\.m2\repository\org\seleniumhq\selenium\selenium-chromium-driver\4.33.0\selenium-chromium-driver-4.33.0.jar;C:\Users\ganesh\.m2\repository\org\seleniumhq\selenium\selenium-json\4.33.0\selenium-json-4.33.0.jar;C:\Users\ganesh\.m2\repository\org\seleniumhq\selenium\selenium-manager\4.33.0\selenium-manager-4.33.0.jar;C:\Users\ganesh\.m2\repository\org\seleniumhq\selenium\selenium-devtools-v135\4.33.0\selenium-devtools-v135-4.33.0.jar;C:\Users\ganesh\.m2\repository\org\seleniumhq\selenium\selenium-devtools-v136\4.33.0\selenium-devtools-v136-4.33.0.jar;C:\Users\ganesh\.m2\repository\org\seleniumhq\selenium\selenium-devtools-v137\4.33.0\selenium-devtools-v137-4.33.0.jar;C:\Users\ganesh\.m2\repository\org\seleniumhq\selenium\selenium-edge-driver\4.33.0\selenium-edge-driver-4.33.0.jar;C:\Users\ganesh\.m2\repository\org\seleniumhq\selenium\selenium-firefox-driver\4.33.0\selenium-firefox-driver-4.33.0.jar;C:\Users\ganesh\.m2\repository\org\seleniumhq\selenium\selenium-http\4.33.0\selenium-http-4.33.0.jar;C:\Users\ganesh\.m2\repository\org\seleniumhq\selenium\selenium-ie-driver\4.33.0\selenium-ie-driver-4.33.0.jar;C:\Users\ganesh\.m2\repository\org\seleniumhq\selenium\selenium-remote-driver\4.33.0\selenium-remote-driver-4.33.0.jar;C:\Users\ganesh\.m2\repository\com\google\guava\guava\33.4.8-jre\guava-33.4.8-jre.jar;C:\Users\ganesh\.m2\repository\com\google\guava\failureaccess\1.0.3\failureaccess-1.0.3.jar;C:\Users\ganesh\.m2\repository\com\google\guava\listenablefuture\9999.0-empty-to-avoid-conflict-with-guava\listenablefuture-9999.0-empty-to-avoid-conflict-with-guava.jar;C:\Users\ganesh\.m2\repository\com\google\errorprone\error_prone_annotations\2.36.0\error_prone_annotations-2.36.0.jar;C:\Users\ganesh\.m2\repository\com\google\j2objc\j2objc-annotations\3.0.0\j2objc-annotations-3.0.0.jar;C:\Users\ganesh\.m2\repository\io\opentelemetry\opentelemetry-api\1.50.0\opentelemetry-api-1.50.0.jar;C:\Users\ganesh\.m2\repository\io\opentelemetry\opentelemetry-context\1.50.0\opentelemetry-context-1.50.0.jar;C:\Users\ganesh\.m2\repository\io\opentelemetry\opentelemetry-exporter-logging\1.50.0\opentelemetry-exporter-logging-1.50.0.jar;C:\Users\ganesh\.m2\repository\io\opentelemetry\opentelemetry-sdk-common\1.50.0\opentelemetry-sdk-common-1.50.0.jar;C:\Users\ganesh\.m2\repository\io\opentelemetry\opentelemetry-sdk-extension-autoconfigure-spi\1.50.0\opentelemetry-sdk-extension-autoconfigure-spi-1.50.0.jar;C:\Users\ganesh\.m2\repository\io\opentelemetry\opentelemetry-sdk-extension-autoconfigure\1.50.0\opentelemetry-sdk-extension-autoconfigure-1.50.0.jar;C:\Users\ganesh\.m2\repository\io\opentelemetry\opentelemetry-sdk-trace\1.50.0\opentelemetry-sdk-trace-1.50.0.jar;C:\Users\ganesh\.m2\repository\io\opentelemetry\opentelemetry-sdk\1.50.0\opentelemetry-sdk-1.50.0.jar;C:\Users\ganesh\.m2\repository\io\opentelemetry\opentelemetry-sdk-metrics\1.50.0\opentelemetry-sdk-metrics-1.50.0.jar;C:\Users\ganesh\.m2\repository\io\opentelemetry\opentelemetry-sdk-logs\1.50.0\opentelemetry-sdk-logs-1.50.0.jar;C:\Users\ganesh\.m2\repository\net\bytebuddy\byte-buddy\1.17.5\byte-buddy-1.17.5.jar;C:\Users\ganesh\.m2\repository\org\seleniumhq\selenium\selenium-os\4.33.0\selenium-os-4.33.0.jar;C:\Users\ganesh\.m2\repository\org\apache\commons\commons-exec\1.4.0\commons-exec-1.4.0.jar;C:\Users\ganesh\.m2\repository\org\seleniumhq\selenium\selenium-safari-driver\4.33.0\selenium-safari-driver-4.33.0.jar;C:\Users\ganesh\.m2\repository\org\seleniumhq\selenium\selenium-support\4.33.0\selenium-support-4.33.0.jar;C:\Users\ganesh\.m2\repository\org\testng\testng\7.10.2\testng-7.10.2.jar;C:\Users\ganesh\.m2\repository\org\slf4j\slf4j-api\1.7.36\slf4j-api-1.7.36.jar;C:\Users\ganesh\.m2\repository\com\beust\jcommander\1.82\jcommander-1.82.jar;C:\Users\ganesh\.m2\repository\org\webjars\jquery\3.7.1\jquery-3.7.1.jar;C:\Users\ganesh\.m2\repository\org\apache\poi\poi\5.2.5\poi-5.2.5.jar;C:\Users\ganesh\.m2\repository\commons-codec\commons-codec\1.16.0\commons-codec-1.16.0.jar;C:\Users\ganesh\.m2\repository\org\apache\commons\commons-collections4\4.4\commons-collections4-4.4.jar;C:\Users\ganesh\.m2\repository\org\apache\commons\commons-math3\3.6.1\commons-math3-3.6.1.jar;C:\Users\ganesh\.m2\repository\commons-io\commons-io\2.15.0\commons-io-2.15.0.jar;C:\Users\ganesh\.m2\repository\com\zaxxer\SparseBitSet\1.3\SparseBitSet-1.3.jar;C:\Users\ganesh\.m2\repository\org\apache\logging\log4j\log4j-api\2.21.1\log4j-api-2.21.1.jar;C:\Users\ganesh\.m2\repository\org\apache\poi\poi-ooxml\5.2.5\poi-ooxml-5.2.5.jar;C:\Users\ganesh\.m2\repository\org\apache\poi\poi-ooxml-lite\5.2.5\poi-ooxml-lite-5.2.5.jar;C:\Users\ganesh\.m2\repository\org\apache\xmlbeans\xmlbeans\5.2.0\xmlbeans-5.2.0.jar;C:\Users\ganesh\.m2\repository\org\apache\commons\commons-compress\1.25.0\commons-compress-1.25.0.jar;C:\Users\ganesh\.m2\repository\com\github\virtuald\curvesapi\1.08\curvesapi-1.08.jar;C:\Users\ganesh\.m2\repository\org\apache\poi\poi-ooxml-schemas\4.1.2\poi-ooxml-schemas-4.1.2.jar;"/>
    <property name="sun.cpu.endian" value="little"/>
    <property name="user.home" value="C:\Users\ganesh"/>
    <property name="user.language" value="en"/>
    <property name="java.specification.vendor" value="Oracle Corporation"/>
    <property name="java.version.date" value="2024-07-16"/>
    <property name="java.home" value="C:\Program Files\Java\jdk-17"/>
    <property name="file.separator" value="\"/>
    <property name="style.color" value="always"/>
    <property name="basedir" value="C:\Users\ganesh\eclipse-workspace\AmazonProject1"/>
    <property name="java.vm.compressedOopsMode" value="32-bit"/>
    <property name="line.separator" value="&#10;"/>
    <property name="java.vm.specification.vendor" value="Oracle Corporation"/>
    <property name="java.specification.name" value="Java Platform API Specification"/>
    <property name="surefire.real.class.path" value="C:\Users\ganesh\AppData\Local\Temp\surefire12680344043739115056\surefirebooter-20250621140526756_3.jar"/>
    <property name="user.script" value=""/>
    <property name="sun.management.compiler" value="HotSpot 64-Bit Tiered Compilers"/>
    <property name="java.runtime.version" value="17.0.12+8-LTS-286"/>
    <property name="user.name" value="ganesh"/>
    <property name="path.separator" value=";"/>
    <property name="os.version" value="10.0"/>
    <property name="java.runtime.name" value="Java(TM) SE Runtime Environment"/>
    <property name="file.encoding" value="Cp1252"/>
    <property name="java.vm.name" value="Java HotSpot(TM) 64-Bit Server VM"/>
    <property name="localRepository" value="C:\Users\ganesh\.m2\repository"/>
    <property name="java.vendor.url.bug" value="https://bugreport.java.com/bugreport/"/>
    <property name="java.io.tmpdir" value="C:\Users\ganesh\AppData\Local\Temp\"/>
    <property name="java.version" value="17.0.12"/>
    <property name="user.dir" value="C:\Users\ganesh\eclipse-workspace\AmazonProject1"/>
    <property name="os.arch" value="amd64"/>
    <property name="java.vm.specification.name" value="Java Virtual Machine Specification"/>
    <property name="sun.os.patch.level" value=""/>
    <property name="native.encoding" value="Cp1252"/>
    <property name="java.library.path" value="C:\Program Files\Java\jdk-17\bin;C:\WINDOWS\Sun\Java\bin;C:\WINDOWS\system32;C:\WINDOWS;C:/Users/ganesh/.p2/pool/plugins/org.eclipse.justj.openjdk.hotspot.jre.full.win32.x86_64_23.0.2.v20250131-0604/jre/bin/server;C:/Users/ganesh/.p2/pool/plugins/org.eclipse.justj.openjdk.hotspot.jre.full.win32.x86_64_23.0.2.v20250131-0604/jre/bin;C:\Program Files\Common Files\Oracle\Java\javapath;C:\WINDOWS\system32;C:\WINDOWS;C:\WINDOWS\System32\Wbem;C:\WINDOWS\System32\WindowsPowerShell\v1.0\;C:\WINDOWS\System32\OpenSSH\;C:\Program Files\dotnet\;C:\Program Files\Git\cmd;C:\Users\ganesh\AppData\Local\Microsoft\WindowsApps;;C:\Users\ganesh\OneDrive\Desktop\Anuja Grotech;;."/>
    <property name="java.vm.info" value="mixed mode, sharing"/>
    <property name="java.vendor" value="Oracle Corporation"/>
    <property name="java.vm.version" value="17.0.12+8-LTS-286"/>
    <property name="sun.io.unicode.encoding" value="UnicodeLittle"/>
    <property name="java.class.version" value="61.0"/>
  </properties>
  <testcase name="registration[, , , 0](1)" classname="Amazon1.TC_1AmazonRegistration" time="13.033">
    <failure message="no such element: Unable to locate element: {&quot;method&quot;:&quot;link text&quot;,&quot;selector&quot;:&quot;            Privacy Notice&quot;}&#10;  (Session info: chrome=137.0.7151.119)&#10;For documentation on this error, please visit: https://www.selenium.dev/documentation/webdriver/troubleshooting/errors#no-such-element-exception&#10;Build info: version: &apos;4.33.0&apos;, revision: &apos;2c6aaad03a&apos;&#10;System info: os.name: &apos;Windows 11&apos;, os.arch: &apos;amd64&apos;, os.version: &apos;10.0&apos;, java.version: &apos;17.0.12&apos;&#10;Driver info: org.openqa.selenium.chrome.ChromeDriver&#10;Command: [9608573a1bc90883395808752ed31d84, findElement {using=link text, value=            Privacy Notice}]&#10;Capabilities {acceptInsecureCerts: false, browserName: chrome, browserVersion: 137.0.7151.119, chrome: {chromedriverVersion: 137.0.7151.119 (e0ac9d12dff..., userDataDir: C:\Users\ganesh\AppData\Loc...}, fedcm:accounts: true, goog:chromeOptions: {debuggerAddress: localhost:53651}, networkConnectionEnabled: false, pageLoadStrategy: normal, platformName: windows, proxy: Proxy(), se:cdp: ws://localhost:53651/devtoo..., se:cdpVersion: 137.0.7151.119, setWindowRect: true, strictFileInteractability: false, timeouts: {implicit: 0, pageLoad: 300000, script: 30000}, unhandledPromptBehavior: dismiss and notify, webauthn:extension:credBlob: true, webauthn:extension:largeBlob: true, webauthn:extension:minPinLength: true, webauthn:extension:prf: true, webauthn:virtualAuthenticators: true}&#10;Session ID: 9608573a1bc90883395808752ed31d84" type="org.openqa.selenium.NoSuchElementException"><![CDATA[org.openqa.selenium.NoSuchElementException: 
no such element: Unable to locate element: {"method":"link text","selector":"            Privacy Notice"}
  (Session info: chrome=137.0.7151.119)
For documentation on this error, please visit: https://www.selenium.dev/documentation/webdriver/troubleshooting/errors#no-such-element-exception
Build info: version: '4.33.0', revision: '2c6aaad03a'
System info: os.name: 'Windows 11', os.arch: 'amd64', os.version: '10.0', java.version: '17.0.12'
Driver info: org.openqa.selenium.chrome.ChromeDriver
Command: [9608573a1bc90883395808752ed31d84, findElement {using=link text, value=            Privacy Notice}]
Capabilities {acceptInsecureCerts: false, browserName: chrome, browserVersion: 137.0.7151.119, chrome: {chromedriverVersion: 137.0.7151.119 (e0ac9d12dff..., userDataDir: C:\Users\ganesh\AppData\Loc...}, fedcm:accounts: true, goog:chromeOptions: {debuggerAddress: localhost:53651}, networkConnectionEnabled: false, pageLoadStrategy: normal, platformName: windows, proxy: Proxy(), se:cdp: ws://localhost:53651/devtoo..., se:cdpVersion: 137.0.7151.119, setWindowRect: true, strictFileInteractability: false, timeouts: {implicit: 0, pageLoad: 300000, script: 30000}, unhandledPromptBehavior: dismiss and notify, webauthn:extension:credBlob: true, webauthn:extension:largeBlob: true, webauthn:extension:minPinLength: true, webauthn:extension:prf: true, webauthn:virtualAuthenticators: true}
Session ID: 9608573a1bc90883395808752ed31d84
	at java.base/jdk.internal.reflect.NativeConstructorAccessorImpl.newInstance0(Native Method)
	at java.base/jdk.internal.reflect.NativeConstructorAccessorImpl.newInstance(NativeConstructorAccessorImpl.java:77)
	at java.base/jdk.internal.reflect.DelegatingConstructorAccessorImpl.newInstance(DelegatingConstructorAccessorImpl.java:45)
	at java.base/java.lang.reflect.Constructor.newInstanceWithCaller(Constructor.java:499)
	at java.base/java.lang.reflect.Constructor.newInstance(Constructor.java:480)
	at org.openqa.selenium.remote.ErrorCodec.decode(ErrorCodec.java:167)
	at org.openqa.selenium.remote.codec.w3c.W3CHttpResponseCodec.decode(W3CHttpResponseCodec.java:138)
	at org.openqa.selenium.remote.codec.w3c.W3CHttpResponseCodec.decode(W3CHttpResponseCodec.java:50)
	at org.openqa.selenium.remote.HttpCommandExecutor.execute(HttpCommandExecutor.java:215)
	at org.openqa.selenium.remote.service.DriverCommandExecutor.invokeExecute(DriverCommandExecutor.java:216)
	at org.openqa.selenium.remote.service.DriverCommandExecutor.execute(DriverCommandExecutor.java:174)
	at org.openqa.selenium.remote.RemoteWebDriver.execute(RemoteWebDriver.java:544)
	at org.openqa.selenium.remote.ElementLocation$ElementFinder$2.findElement(ElementLocation.java:165)
	at org.openqa.selenium.remote.ElementLocation.findElement(ElementLocation.java:59)
	at org.openqa.selenium.remote.RemoteWebDriver.findElement(RemoteWebDriver.java:367)
	at org.openqa.selenium.remote.RemoteWebDriver.findElement(RemoteWebDriver.java:361)
	at org.openqa.selenium.support.pagefactory.DefaultElementLocator.findElement(DefaultElementLocator.java:68)
	at org.openqa.selenium.support.pagefactory.internal.LocatingElementHandler.invoke(LocatingElementHandler.java:38)
	at jdk.proxy2/jdk.proxy2.$Proxy13.isDisplayed(Unknown Source)
	at Amazon1.AmazonRegiPage.authenticationpage(AmazonRegiPage.java:53)
	at Amazon1.TC_1AmazonRegistration.registration(TC_1AmazonRegistration.java:25)
	at java.base/jdk.internal.reflect.NativeMethodAccessorImpl.invoke0(Native Method)
	at java.base/jdk.internal.reflect.NativeMethodAccessorImpl.invoke(NativeMethodAccessorImpl.java:77)
	at java.base/jdk.internal.reflect.DelegatingMethodAccessorImpl.invoke(DelegatingMethodAccessorImpl.java:43)
	at java.base/java.lang.reflect.Method.invoke(Method.java:568)
	at org.testng.internal.invokers.MethodInvocationHelper.invokeMethod(MethodInvocationHelper.java:141)
	at org.testng.internal.invokers.TestInvoker.invokeMethod(TestInvoker.java:686)
	at org.testng.internal.invokers.TestInvoker.invokeTestMethod(TestInvoker.java:230)
	at org.testng.internal.invokers.MethodRunner.runInSequence(MethodRunner.java:63)
	at org.testng.internal.invokers.TestInvoker$MethodInvocationAgent.invoke(TestInvoker.java:992)
	at org.testng.internal.invokers.TestInvoker.invokeTestMethods(TestInvoker.java:203)
	at org.testng.internal.invokers.TestMethodWorker.invokeTestMethods(TestMethodWorker.java:154)
	at org.testng.internal.invokers.TestMethodWorker.run(TestMethodWorker.java:134)
	at java.base/java.util.ArrayList.forEach(ArrayList.java:1511)
	at org.testng.TestRunner.privateRun(TestRunner.java:739)
	at org.testng.TestRunner.run(TestRunner.java:614)
	at org.testng.SuiteRunner.runTest(SuiteRunner.java:421)
	at org.testng.SuiteRunner.runSequentially(SuiteRunner.java:413)
	at org.testng.SuiteRunner.privateRun(SuiteRunner.java:373)
	at org.testng.SuiteRunner.run(SuiteRunner.java:312)
	at org.testng.SuiteRunnerWorker.runSuite(SuiteRunnerWorker.java:52)
	at org.testng.SuiteRunnerWorker.run(SuiteRunnerWorker.java:95)
	at org.testng.TestNG.runSuitesSequentially(TestNG.java:1274)
	at org.testng.TestNG.runSuitesLocally(TestNG.java:1208)
	at org.testng.TestNG.runSuites(TestNG.java:1112)
	at org.testng.TestNG.run(TestNG.java:1079)
	at org.apache.maven.surefire.testng.TestNGExecutor.run(TestNGExecutor.java:308)
	at org.apache.maven.surefire.testng.TestNGXmlTestSuite.execute(TestNGXmlTestSuite.java:71)
	at org.apache.maven.surefire.testng.TestNGProvider.invoke(TestNGProvider.java:113)
	at org.apache.maven.surefire.booter.ForkedBooter.runSuitesInProcess(ForkedBooter.java:385)
	at org.apache.maven.surefire.booter.ForkedBooter.execute(ForkedBooter.java:162)
	at org.apache.maven.surefire.booter.ForkedBooter.run(ForkedBooter.java:507)
	at org.apache.maven.surefire.booter.ForkedBooter.main(ForkedBooter.java:495)
]]></failure>
    <system-err><![CDATA[SLF4J: Failed to load class "org.slf4j.impl.StaticLoggerBinder".
SLF4J: Defaulting to no-operation (NOP) logger implementation
SLF4J: See http://www.slf4j.org/codes.html#StaticLoggerBinder for further details.
ERROR StatusLogger Log4j2 could not find a logging implementation. Please add log4j-core to the classpath. Using SimpleLogger to log to the console...
]]></system-err>
  </testcase>
  <testcase name="registration[anujagaikwad86@gmail.com, anuja@89, , ](2)" classname="Amazon1.TC_1AmazonRegistration" time="10.042">
    <failure message="no such element: Unable to locate element: {&quot;method&quot;:&quot;xpath&quot;,&quot;selector&quot;:&quot;//input[@id=&apos;ap_customer_name&apos;]&quot;}&#10;  (Session info: chrome=137.0.7151.119)&#10;For documentation on this error, please visit: https://www.selenium.dev/documentation/webdriver/troubleshooting/errors#no-such-element-exception&#10;Build info: version: &apos;4.33.0&apos;, revision: &apos;2c6aaad03a&apos;&#10;System info: os.name: &apos;Windows 11&apos;, os.arch: &apos;amd64&apos;, os.version: &apos;10.0&apos;, java.version: &apos;17.0.12&apos;&#10;Driver info: org.openqa.selenium.chrome.ChromeDriver&#10;Command: [5705daf2974e7ae764ac27603fcb0a2f, findElement {using=xpath, value=//input[@id=&apos;ap_customer_name&apos;]}]&#10;Capabilities {acceptInsecureCerts: false, browserName: chrome, browserVersion: 137.0.7151.119, chrome: {chromedriverVersion: 137.0.7151.119 (e0ac9d12dff..., userDataDir: C:\Users\ganesh\AppData\Loc...}, fedcm:accounts: true, goog:chromeOptions: {debuggerAddress: localhost:51301}, networkConnectionEnabled: false, pageLoadStrategy: normal, platformName: windows, proxy: Proxy(), se:cdp: ws://localhost:51301/devtoo..., se:cdpVersion: 137.0.7151.119, setWindowRect: true, strictFileInteractability: false, timeouts: {implicit: 0, pageLoad: 300000, script: 30000}, unhandledPromptBehavior: dismiss and notify, webauthn:extension:credBlob: true, webauthn:extension:largeBlob: true, webauthn:extension:minPinLength: true, webauthn:extension:prf: true, webauthn:virtualAuthenticators: true}&#10;Session ID: 5705daf2974e7ae764ac27603fcb0a2f" type="org.openqa.selenium.NoSuchElementException"><![CDATA[org.openqa.selenium.NoSuchElementException: 
no such element: Unable to locate element: {"method":"xpath","selector":"//input[@id='ap_customer_name']"}
  (Session info: chrome=137.0.7151.119)
For documentation on this error, please visit: https://www.selenium.dev/documentation/webdriver/troubleshooting/errors#no-such-element-exception
Build info: version: '4.33.0', revision: '2c6aaad03a'
System info: os.name: 'Windows 11', os.arch: 'amd64', os.version: '10.0', java.version: '17.0.12'
Driver info: org.openqa.selenium.chrome.ChromeDriver
Command: [5705daf2974e7ae764ac27603fcb0a2f, findElement {using=xpath, value=//input[@id='ap_customer_name']}]
Capabilities {acceptInsecureCerts: false, browserName: chrome, browserVersion: 137.0.7151.119, chrome: {chromedriverVersion: 137.0.7151.119 (e0ac9d12dff..., userDataDir: C:\Users\ganesh\AppData\Loc...}, fedcm:accounts: true, goog:chromeOptions: {debuggerAddress: localhost:51301}, networkConnectionEnabled: false, pageLoadStrategy: normal, platformName: windows, proxy: Proxy(), se:cdp: ws://localhost:51301/devtoo..., se:cdpVersion: 137.0.7151.119, setWindowRect: true, strictFileInteractability: false, timeouts: {implicit: 0, pageLoad: 300000, script: 30000}, unhandledPromptBehavior: dismiss and notify, webauthn:extension:credBlob: true, webauthn:extension:largeBlob: true, webauthn:extension:minPinLength: true, webauthn:extension:prf: true, webauthn:virtualAuthenticators: true}
Session ID: 5705daf2974e7ae764ac27603fcb0a2f
	at java.base/jdk.internal.reflect.NativeConstructorAccessorImpl.newInstance0(Native Method)
	at java.base/jdk.internal.reflect.NativeConstructorAccessorImpl.newInstance(NativeConstructorAccessorImpl.java:77)
	at java.base/jdk.internal.reflect.DelegatingConstructorAccessorImpl.newInstance(DelegatingConstructorAccessorImpl.java:45)
	at java.base/java.lang.reflect.Constructor.newInstanceWithCaller(Constructor.java:499)
	at java.base/java.lang.reflect.Constructor.newInstance(Constructor.java:480)
	at org.openqa.selenium.remote.ErrorCodec.decode(ErrorCodec.java:167)
	at org.openqa.selenium.remote.codec.w3c.W3CHttpResponseCodec.decode(W3CHttpResponseCodec.java:138)
	at org.openqa.selenium.remote.codec.w3c.W3CHttpResponseCodec.decode(W3CHttpResponseCodec.java:50)
	at org.openqa.selenium.remote.HttpCommandExecutor.execute(HttpCommandExecutor.java:215)
	at org.openqa.selenium.remote.service.DriverCommandExecutor.invokeExecute(DriverCommandExecutor.java:216)
	at org.openqa.selenium.remote.service.DriverCommandExecutor.execute(DriverCommandExecutor.java:174)
	at org.openqa.selenium.remote.RemoteWebDriver.execute(RemoteWebDriver.java:544)
	at org.openqa.selenium.remote.ElementLocation$ElementFinder$2.findElement(ElementLocation.java:165)
	at org.openqa.selenium.remote.ElementLocation.findElement(ElementLocation.java:59)
	at org.openqa.selenium.remote.RemoteWebDriver.findElement(RemoteWebDriver.java:367)
	at org.openqa.selenium.remote.RemoteWebDriver.findElement(RemoteWebDriver.java:361)
	at org.openqa.selenium.support.pagefactory.DefaultElementLocator.findElement(DefaultElementLocator.java:68)
	at org.openqa.selenium.support.pagefactory.internal.LocatingElementHandler.invoke(LocatingElementHandler.java:38)
	at jdk.proxy2/jdk.proxy2.$Proxy13.sendKeys(Unknown Source)
	at Amazon1.AmazonRegiPage.addusername(AmazonRegiPage.java:34)
	at Amazon1.TC_1AmazonRegistration.registration(TC_1AmazonRegistration.java:21)
	at java.base/jdk.internal.reflect.NativeMethodAccessorImpl.invoke0(Native Method)
	at java.base/jdk.internal.reflect.NativeMethodAccessorImpl.invoke(NativeMethodAccessorImpl.java:77)
	at java.base/jdk.internal.reflect.DelegatingMethodAccessorImpl.invoke(DelegatingMethodAccessorImpl.java:43)
	at java.base/java.lang.reflect.Method.invoke(Method.java:568)
	at org.testng.internal.invokers.MethodInvocationHelper.invokeMethod(MethodInvocationHelper.java:141)
	at org.testng.internal.invokers.TestInvoker.invokeMethod(TestInvoker.java:686)
	at org.testng.internal.invokers.TestInvoker.invokeTestMethod(TestInvoker.java:230)
	at org.testng.internal.invokers.MethodRunner.runInSequence(MethodRunner.java:63)
	at org.testng.internal.invokers.TestInvoker$MethodInvocationAgent.invoke(TestInvoker.java:992)
	at org.testng.internal.invokers.TestInvoker.invokeTestMethods(TestInvoker.java:203)
	at org.testng.internal.invokers.TestMethodWorker.invokeTestMethods(TestMethodWorker.java:154)
	at org.testng.internal.invokers.TestMethodWorker.run(TestMethodWorker.java:134)
	at java.base/java.util.ArrayList.forEach(ArrayList.java:1511)
	at org.testng.TestRunner.privateRun(TestRunner.java:739)
	at org.testng.TestRunner.run(TestRunner.java:614)
	at org.testng.SuiteRunner.runTest(SuiteRunner.java:421)
	at org.testng.SuiteRunner.runSequentially(SuiteRunner.java:413)
	at org.testng.SuiteRunner.privateRun(SuiteRunner.java:373)
	at org.testng.SuiteRunner.run(SuiteRunner.java:312)
	at org.testng.SuiteRunnerWorker.runSuite(SuiteRunnerWorker.java:52)
	at org.testng.SuiteRunnerWorker.run(SuiteRunnerWorker.java:95)
	at org.testng.TestNG.runSuitesSequentially(TestNG.java:1274)
	at org.testng.TestNG.runSuitesLocally(TestNG.java:1208)
	at org.testng.TestNG.runSuites(TestNG.java:1112)
	at org.testng.TestNG.run(TestNG.java:1079)
	at org.apache.maven.surefire.testng.TestNGExecutor.run(TestNGExecutor.java:308)
	at org.apache.maven.surefire.testng.TestNGXmlTestSuite.execute(TestNGXmlTestSuite.java:71)
	at org.apache.maven.surefire.testng.TestNGProvider.invoke(TestNGProvider.java:113)
	at org.apache.maven.surefire.booter.ForkedBooter.runSuitesInProcess(ForkedBooter.java:385)
	at org.apache.maven.surefire.booter.ForkedBooter.execute(ForkedBooter.java:162)
	at org.apache.maven.surefire.booter.ForkedBooter.run(ForkedBooter.java:507)
	at org.apache.maven.surefire.booter.ForkedBooter.main(ForkedBooter.java:495)
]]></failure>
  </testcase>
  <testcase name="loginwithDDT[, ](1)" classname="Amazon1.TC_2AmazonLogin" time="83.977"/>
  <testcase name="loginwithDDT[anujagaikwad86@gmail.com, anuja@89](2)" classname="Amazon1.TC_2AmazonLogin" time="26.551"/>
  <testcase name="loginWithInvalidEmail[, ](1)" classname="Amazon1.TC_3AmazonLoginFail" time="0.0">
    <skipped message="no such element: Unable to locate element: {&quot;method&quot;:&quot;xpath&quot;,&quot;selector&quot;:&quot;//input[@id=&apos;ap_password&apos;]&quot;}&#10;  (Session info: chrome=137.0.7151.119)&#10;For documentation on this error, please visit: https://www.selenium.dev/documentation/webdriver/troubleshooting/errors#no-such-element-exception&#10;Build info: version: &apos;4.33.0&apos;, revision: &apos;2c6aaad03a&apos;&#10;System info: os.name: &apos;Windows 11&apos;, os.arch: &apos;amd64&apos;, os.version: &apos;10.0&apos;, java.version: &apos;17.0.12&apos;&#10;Driver info: org.openqa.selenium.chrome.ChromeDriver&#10;Command: [4d3005cb0353e36737c8168108ccd5de, findElement {using=xpath, value=//input[@id=&apos;ap_password&apos;]}]&#10;Capabilities {acceptInsecureCerts: false, browserName: chrome, browserVersion: 137.0.7151.119, chrome: {chromedriverVersion: 137.0.7151.119 (e0ac9d12dff..., userDataDir: C:\Users\ganesh\AppData\Loc...}, fedcm:accounts: true, goog:chromeOptions: {debuggerAddress: localhost:57738}, networkConnectionEnabled: false, pageLoadStrategy: normal, platformName: windows, proxy: Proxy(), se:cdp: ws://localhost:57738/devtoo..., se:cdpVersion: 137.0.7151.119, setWindowRect: true, strictFileInteractability: false, timeouts: {implicit: 0, pageLoad: 300000, script: 30000}, unhandledPromptBehavior: dismiss and notify, webauthn:extension:credBlob: true, webauthn:extension:largeBlob: true, webauthn:extension:minPinLength: true, webauthn:extension:prf: true, webauthn:virtualAuthenticators: true}&#10;Session ID: 4d3005cb0353e36737c8168108ccd5de"/>
  </testcase>
  <testcase name="loginWithInvalidEmail[, ](2)" classname="Amazon1.TC_3AmazonLoginFail" time="0.0">
    <skipped message="no such element: Unable to locate element: {&quot;method&quot;:&quot;xpath&quot;,&quot;selector&quot;:&quot;//input[@id=&apos;ap_password&apos;]&quot;}&#10;  (Session info: chrome=137.0.7151.119)&#10;For documentation on this error, please visit: https://www.selenium.dev/documentation/webdriver/troubleshooting/errors#no-such-element-exception&#10;Build info: version: &apos;4.33.0&apos;, revision: &apos;2c6aaad03a&apos;&#10;System info: os.name: &apos;Windows 11&apos;, os.arch: &apos;amd64&apos;, os.version: &apos;10.0&apos;, java.version: &apos;17.0.12&apos;&#10;Driver info: org.openqa.selenium.chrome.ChromeDriver&#10;Command: [f1a57d2ea84bc759af41a15a1bac14db, findElement {using=xpath, value=//input[@id=&apos;ap_password&apos;]}]&#10;Capabilities {acceptInsecureCerts: false, browserName: chrome, browserVersion: 137.0.7151.119, chrome: {chromedriverVersion: 137.0.7151.119 (e0ac9d12dff..., userDataDir: C:\Users\ganesh\AppData\Loc...}, fedcm:accounts: true, goog:chromeOptions: {debuggerAddress: localhost:59078}, networkConnectionEnabled: false, pageLoadStrategy: normal, platformName: windows, proxy: Proxy(), se:cdp: ws://localhost:59078/devtoo..., se:cdpVersion: 137.0.7151.119, setWindowRect: true, strictFileInteractability: false, timeouts: {implicit: 0, pageLoad: 300000, script: 30000}, unhandledPromptBehavior: dismiss and notify, webauthn:extension:credBlob: true, webauthn:extension:largeBlob: true, webauthn:extension:minPinLength: true, webauthn:extension:prf: true, webauthn:virtualAuthenticators: true}&#10;Session ID: f1a57d2ea84bc759af41a15a1bac14db"/>
  </testcase>
  <testcase name="loginWithInvalidEmail[, ](3)" classname="Amazon1.TC_3AmazonLoginFail" time="12.956">
    <failure message="no such element: Unable to locate element: {&quot;method&quot;:&quot;xpath&quot;,&quot;selector&quot;:&quot;//input[@id=&apos;ap_password&apos;]&quot;}&#10;  (Session info: chrome=137.0.7151.119)&#10;For documentation on this error, please visit: https://www.selenium.dev/documentation/webdriver/troubleshooting/errors#no-such-element-exception&#10;Build info: version: &apos;4.33.0&apos;, revision: &apos;2c6aaad03a&apos;&#10;System info: os.name: &apos;Windows 11&apos;, os.arch: &apos;amd64&apos;, os.version: &apos;10.0&apos;, java.version: &apos;17.0.12&apos;&#10;Driver info: org.openqa.selenium.chrome.ChromeDriver&#10;Command: [4a0365730b4832bc8552eff64c49ef7e, findElement {using=xpath, value=//input[@id=&apos;ap_password&apos;]}]&#10;Capabilities {acceptInsecureCerts: false, browserName: chrome, browserVersion: 137.0.7151.119, chrome: {chromedriverVersion: 137.0.7151.119 (e0ac9d12dff..., userDataDir: C:\Users\ganesh\AppData\Loc...}, fedcm:accounts: true, goog:chromeOptions: {debuggerAddress: localhost:65298}, networkConnectionEnabled: false, pageLoadStrategy: normal, platformName: windows, proxy: Proxy(), se:cdp: ws://localhost:65298/devtoo..., se:cdpVersion: 137.0.7151.119, setWindowRect: true, strictFileInteractability: false, timeouts: {implicit: 0, pageLoad: 300000, script: 30000}, unhandledPromptBehavior: dismiss and notify, webauthn:extension:credBlob: true, webauthn:extension:largeBlob: true, webauthn:extension:minPinLength: true, webauthn:extension:prf: true, webauthn:virtualAuthenticators: true}&#10;Session ID: 4a0365730b4832bc8552eff64c49ef7e" type="org.openqa.selenium.NoSuchElementException"><![CDATA[org.openqa.selenium.NoSuchElementException: 
no such element: Unable to locate element: {"method":"xpath","selector":"//input[@id='ap_password']"}
  (Session info: chrome=137.0.7151.119)
For documentation on this error, please visit: https://www.selenium.dev/documentation/webdriver/troubleshooting/errors#no-such-element-exception
Build info: version: '4.33.0', revision: '2c6aaad03a'
System info: os.name: 'Windows 11', os.arch: 'amd64', os.version: '10.0', java.version: '17.0.12'
Driver info: org.openqa.selenium.chrome.ChromeDriver
Command: [4a0365730b4832bc8552eff64c49ef7e, findElement {using=xpath, value=//input[@id='ap_password']}]
Capabilities {acceptInsecureCerts: false, browserName: chrome, browserVersion: 137.0.7151.119, chrome: {chromedriverVersion: 137.0.7151.119 (e0ac9d12dff..., userDataDir: C:\Users\ganesh\AppData\Loc...}, fedcm:accounts: true, goog:chromeOptions: {debuggerAddress: localhost:65298}, networkConnectionEnabled: false, pageLoadStrategy: normal, platformName: windows, proxy: Proxy(), se:cdp: ws://localhost:65298/devtoo..., se:cdpVersion: 137.0.7151.119, setWindowRect: true, strictFileInteractability: false, timeouts: {implicit: 0, pageLoad: 300000, script: 30000}, unhandledPromptBehavior: dismiss and notify, webauthn:extension:credBlob: true, webauthn:extension:largeBlob: true, webauthn:extension:minPinLength: true, webauthn:extension:prf: true, webauthn:virtualAuthenticators: true}
Session ID: 4a0365730b4832bc8552eff64c49ef7e
	at java.base/jdk.internal.reflect.NativeConstructorAccessorImpl.newInstance0(Native Method)
	at java.base/jdk.internal.reflect.NativeConstructorAccessorImpl.newInstance(NativeConstructorAccessorImpl.java:77)
	at java.base/jdk.internal.reflect.DelegatingConstructorAccessorImpl.newInstance(DelegatingConstructorAccessorImpl.java:45)
	at java.base/java.lang.reflect.Constructor.newInstanceWithCaller(Constructor.java:499)
	at java.base/java.lang.reflect.Constructor.newInstance(Constructor.java:480)
	at org.openqa.selenium.remote.ErrorCodec.decode(ErrorCodec.java:167)
	at org.openqa.selenium.remote.codec.w3c.W3CHttpResponseCodec.decode(W3CHttpResponseCodec.java:138)
	at org.openqa.selenium.remote.codec.w3c.W3CHttpResponseCodec.decode(W3CHttpResponseCodec.java:50)
	at org.openqa.selenium.remote.HttpCommandExecutor.execute(HttpCommandExecutor.java:215)
	at org.openqa.selenium.remote.service.DriverCommandExecutor.invokeExecute(DriverCommandExecutor.java:216)
	at org.openqa.selenium.remote.service.DriverCommandExecutor.execute(DriverCommandExecutor.java:174)
	at org.openqa.selenium.remote.RemoteWebDriver.execute(RemoteWebDriver.java:544)
	at org.openqa.selenium.remote.ElementLocation$ElementFinder$2.findElement(ElementLocation.java:165)
	at org.openqa.selenium.remote.ElementLocation.findElement(ElementLocation.java:59)
	at org.openqa.selenium.remote.RemoteWebDriver.findElement(RemoteWebDriver.java:367)
	at org.openqa.selenium.remote.RemoteWebDriver.findElement(RemoteWebDriver.java:361)
	at org.openqa.selenium.support.pagefactory.DefaultElementLocator.findElement(DefaultElementLocator.java:68)
	at org.openqa.selenium.support.pagefactory.internal.LocatingElementHandler.invoke(LocatingElementHandler.java:38)
	at jdk.proxy2/jdk.proxy2.$Proxy13.sendKeys(Unknown Source)
	at Amazon1.AmazonHomeLoginPage.pwdinvalid(AmazonHomeLoginPage.java:157)
	at Amazon1.TC_3AmazonLoginFail.loginWithInvalidEmail(TC_3AmazonLoginFail.java:31)
	at java.base/jdk.internal.reflect.NativeMethodAccessorImpl.invoke0(Native Method)
	at java.base/jdk.internal.reflect.NativeMethodAccessorImpl.invoke(NativeMethodAccessorImpl.java:77)
	at java.base/jdk.internal.reflect.DelegatingMethodAccessorImpl.invoke(DelegatingMethodAccessorImpl.java:43)
	at java.base/java.lang.reflect.Method.invoke(Method.java:568)
	at org.testng.internal.invokers.MethodInvocationHelper.invokeMethod(MethodInvocationHelper.java:141)
	at org.testng.internal.invokers.TestInvoker.invokeMethod(TestInvoker.java:686)
	at org.testng.internal.invokers.TestInvoker.retryFailed(TestInvoker.java:269)
	at org.testng.internal.invokers.MethodRunner.runInSequence(MethodRunner.java:76)
	at org.testng.internal.invokers.TestInvoker$MethodInvocationAgent.invoke(TestInvoker.java:992)
	at org.testng.internal.invokers.TestInvoker.invokeTestMethods(TestInvoker.java:203)
	at org.testng.internal.invokers.TestMethodWorker.invokeTestMethods(TestMethodWorker.java:154)
	at org.testng.internal.invokers.TestMethodWorker.run(TestMethodWorker.java:134)
	at java.base/java.util.ArrayList.forEach(ArrayList.java:1511)
	at org.testng.TestRunner.privateRun(TestRunner.java:739)
	at org.testng.TestRunner.run(TestRunner.java:614)
	at org.testng.SuiteRunner.runTest(SuiteRunner.java:421)
	at org.testng.SuiteRunner.runSequentially(SuiteRunner.java:413)
	at org.testng.SuiteRunner.privateRun(SuiteRunner.java:373)
	at org.testng.SuiteRunner.run(SuiteRunner.java:312)
	at org.testng.SuiteRunnerWorker.runSuite(SuiteRunnerWorker.java:52)
	at org.testng.SuiteRunnerWorker.run(SuiteRunnerWorker.java:95)
	at org.testng.TestNG.runSuitesSequentially(TestNG.java:1274)
	at org.testng.TestNG.runSuitesLocally(TestNG.java:1208)
	at org.testng.TestNG.runSuites(TestNG.java:1112)
	at org.testng.TestNG.run(TestNG.java:1079)
	at org.apache.maven.surefire.testng.TestNGExecutor.run(TestNGExecutor.java:308)
	at org.apache.maven.surefire.testng.TestNGXmlTestSuite.execute(TestNGXmlTestSuite.java:71)
	at org.apache.maven.surefire.testng.TestNGProvider.invoke(TestNGProvider.java:113)
	at org.apache.maven.surefire.booter.ForkedBooter.runSuitesInProcess(ForkedBooter.java:385)
	at org.apache.maven.surefire.booter.ForkedBooter.execute(ForkedBooter.java:162)
	at org.apache.maven.surefire.booter.ForkedBooter.run(ForkedBooter.java:507)
	at org.apache.maven.surefire.booter.ForkedBooter.main(ForkedBooter.java:495)
]]></failure>
  </testcase>
  <testcase name="loginWithInvalidEmail[anujagaikwad86@gmail.com, anuja@89](4)" classname="Amazon1.TC_3AmazonLoginFail" time="0.0">
    <skipped message="expected [true] but found [false]"/>
  </testcase>
  <testcase name="loginWithInvalidEmail[anujagaikwad86@gmail.com, anuja@89](5)" classname="Amazon1.TC_3AmazonLoginFail" time="0.0">
    <skipped message="expected [true] but found [false]"/>
  </testcase>
  <testcase name="loginWithInvalidEmail[anujagaikwad86@gmail.com, anuja@89](6)" classname="Amazon1.TC_3AmazonLoginFail" time="19.911">
    <failure message="expected [true] but found [false]" type="java.lang.AssertionError"><![CDATA[java.lang.AssertionError: expected [true] but found [false]
	at org.testng.Assert.fail(Assert.java:111)
	at org.testng.Assert.failNotEquals(Assert.java:1578)
	at org.testng.Assert.assertEqualsImpl(Assert.java:150)
	at org.testng.Assert.assertEquals(Assert.java:132)
	at org.testng.Assert.assertEquals(Assert.java:1067)
	at org.testng.Assert.assertEquals(Assert.java:1031)
	at org.testng.Assert.assertEquals(Assert.java:1077)
	at Amazon1.AmazonHomeLoginPage.verifyAccountInvalid(AmazonHomeLoginPage.java:191)
	at Amazon1.TC_3AmazonLoginFail.loginWithInvalidEmail(TC_3AmazonLoginFail.java:33)
	at java.base/jdk.internal.reflect.NativeMethodAccessorImpl.invoke0(Native Method)
	at java.base/jdk.internal.reflect.NativeMethodAccessorImpl.invoke(NativeMethodAccessorImpl.java:77)
	at java.base/jdk.internal.reflect.DelegatingMethodAccessorImpl.invoke(DelegatingMethodAccessorImpl.java:43)
	at java.base/java.lang.reflect.Method.invoke(Method.java:568)
	at org.testng.internal.invokers.MethodInvocationHelper.invokeMethod(MethodInvocationHelper.java:141)
	at org.testng.internal.invokers.TestInvoker.invokeMethod(TestInvoker.java:686)
	at org.testng.internal.invokers.TestInvoker.retryFailed(TestInvoker.java:269)
	at org.testng.internal.invokers.MethodRunner.runInSequence(MethodRunner.java:76)
	at org.testng.internal.invokers.TestInvoker$MethodInvocationAgent.invoke(TestInvoker.java:992)
	at org.testng.internal.invokers.TestInvoker.invokeTestMethods(TestInvoker.java:203)
	at org.testng.internal.invokers.TestMethodWorker.invokeTestMethods(TestMethodWorker.java:154)
	at org.testng.internal.invokers.TestMethodWorker.run(TestMethodWorker.java:134)
	at java.base/java.util.ArrayList.forEach(ArrayList.java:1511)
	at org.testng.TestRunner.privateRun(TestRunner.java:739)
	at org.testng.TestRunner.run(TestRunner.java:614)
	at org.testng.SuiteRunner.runTest(SuiteRunner.java:421)
	at org.testng.SuiteRunner.runSequentially(SuiteRunner.java:413)
	at org.testng.SuiteRunner.privateRun(SuiteRunner.java:373)
	at org.testng.SuiteRunner.run(SuiteRunner.java:312)
	at org.testng.SuiteRunnerWorker.runSuite(SuiteRunnerWorker.java:52)
	at org.testng.SuiteRunnerWorker.run(SuiteRunnerWorker.java:95)
	at org.testng.TestNG.runSuitesSequentially(TestNG.java:1274)
	at org.testng.TestNG.runSuitesLocally(TestNG.java:1208)
	at org.testng.TestNG.runSuites(TestNG.java:1112)
	at org.testng.TestNG.run(TestNG.java:1079)
	at org.apache.maven.surefire.testng.TestNGExecutor.run(TestNGExecutor.java:308)
	at org.apache.maven.surefire.testng.TestNGXmlTestSuite.execute(TestNGXmlTestSuite.java:71)
	at org.apache.maven.surefire.testng.TestNGProvider.invoke(TestNGProvider.java:113)
	at org.apache.maven.surefire.booter.ForkedBooter.runSuitesInProcess(ForkedBooter.java:385)
	at org.apache.maven.surefire.booter.ForkedBooter.execute(ForkedBooter.java:162)
	at org.apache.maven.surefire.booter.ForkedBooter.run(ForkedBooter.java:507)
	at org.apache.maven.surefire.booter.ForkedBooter.main(ForkedBooter.java:495)
]]></failure>
  </testcase>
  <testcase name="loginwithDDT[, ](1)" classname="Amazon1.TC_4EditYourProfile" time="0.0">
    <skipped message="Cannot invoke &quot;org.openqa.selenium.WebDriver.getClass()&quot; because &quot;exceptionDriver&quot; is null"/>
  </testcase>
  <testcase name="loginwithDDT[, ](2)" classname="Amazon1.TC_4EditYourProfile" time="0.0">
    <skipped message="Cannot invoke &quot;org.openqa.selenium.WebDriver.getClass()&quot; because &quot;exceptionDriver&quot; is null"/>
  </testcase>
  <testcase name="loginwithDDT[, ](3)" classname="Amazon1.TC_4EditYourProfile" time="133.982">
    <failure message="Cannot invoke &quot;org.openqa.selenium.WebDriver.getClass()&quot; because &quot;exceptionDriver&quot; is null" type="java.lang.NullPointerException"><![CDATA[java.lang.NullPointerException: Cannot invoke "org.openqa.selenium.WebDriver.getClass()" because "exceptionDriver" is null
	at org.openqa.selenium.support.ui.WebDriverWait.timeoutException(WebDriverWait.java:85)
	at org.openqa.selenium.support.ui.FluentWait.until(FluentWait.java:228)
	at Amazon1.AmazonProfileEditPage.goToYourAccount(AmazonProfileEditPage.java:36)
	at Amazon1.TC_4EditYourProfile.loginwithDDT(TC_4EditYourProfile.java:36)
	at java.base/jdk.internal.reflect.NativeMethodAccessorImpl.invoke0(Native Method)
	at java.base/jdk.internal.reflect.NativeMethodAccessorImpl.invoke(NativeMethodAccessorImpl.java:77)
	at java.base/jdk.internal.reflect.DelegatingMethodAccessorImpl.invoke(DelegatingMethodAccessorImpl.java:43)
	at java.base/java.lang.reflect.Method.invoke(Method.java:568)
	at org.testng.internal.invokers.MethodInvocationHelper.invokeMethod(MethodInvocationHelper.java:141)
	at org.testng.internal.invokers.TestInvoker.invokeMethod(TestInvoker.java:686)
	at org.testng.internal.invokers.TestInvoker.retryFailed(TestInvoker.java:269)
	at org.testng.internal.invokers.MethodRunner.runInSequence(MethodRunner.java:76)
	at org.testng.internal.invokers.TestInvoker$MethodInvocationAgent.invoke(TestInvoker.java:992)
	at org.testng.internal.invokers.TestInvoker.invokeTestMethods(TestInvoker.java:203)
	at org.testng.internal.invokers.TestMethodWorker.invokeTestMethods(TestMethodWorker.java:154)
	at org.testng.internal.invokers.TestMethodWorker.run(TestMethodWorker.java:134)
	at java.base/java.util.ArrayList.forEach(ArrayList.java:1511)
	at org.testng.TestRunner.privateRun(TestRunner.java:739)
	at org.testng.TestRunner.run(TestRunner.java:614)
	at org.testng.SuiteRunner.runTest(SuiteRunner.java:421)
	at org.testng.SuiteRunner.runSequentially(SuiteRunner.java:413)
	at org.testng.SuiteRunner.privateRun(SuiteRunner.java:373)
	at org.testng.SuiteRunner.run(SuiteRunner.java:312)
	at org.testng.SuiteRunnerWorker.runSuite(SuiteRunnerWorker.java:52)
	at org.testng.SuiteRunnerWorker.run(SuiteRunnerWorker.java:95)
	at org.testng.TestNG.runSuitesSequentially(TestNG.java:1274)
	at org.testng.TestNG.runSuitesLocally(TestNG.java:1208)
	at org.testng.TestNG.runSuites(TestNG.java:1112)
	at org.testng.TestNG.run(TestNG.java:1079)
	at org.apache.maven.surefire.testng.TestNGExecutor.run(TestNGExecutor.java:308)
	at org.apache.maven.surefire.testng.TestNGXmlTestSuite.execute(TestNGXmlTestSuite.java:71)
	at org.apache.maven.surefire.testng.TestNGProvider.invoke(TestNGProvider.java:113)
	at org.apache.maven.surefire.booter.ForkedBooter.runSuitesInProcess(ForkedBooter.java:385)
	at org.apache.maven.surefire.booter.ForkedBooter.execute(ForkedBooter.java:162)
	at org.apache.maven.surefire.booter.ForkedBooter.run(ForkedBooter.java:507)
	at org.apache.maven.surefire.booter.ForkedBooter.main(ForkedBooter.java:495)
]]></failure>
  </testcase>
  <testcase name="loginwithDDT[anujagaikwad86@gmail.com, anuja@89](4)" classname="Amazon1.TC_4EditYourProfile" time="0.0">
    <skipped message="Cannot invoke &quot;org.openqa.selenium.WebDriver.getClass()&quot; because &quot;exceptionDriver&quot; is null"/>
  </testcase>
  <testcase name="loginwithDDT[anujagaikwad86@gmail.com, anuja@89](5)" classname="Amazon1.TC_4EditYourProfile" time="0.0">
    <skipped message="Cannot invoke &quot;org.openqa.selenium.WebDriver.getClass()&quot; because &quot;exceptionDriver&quot; is null"/>
  </testcase>
  <testcase name="loginwithDDT[anujagaikwad86@gmail.com, anuja@89](6)" classname="Amazon1.TC_4EditYourProfile" time="40.126">
    <failure message="Cannot invoke &quot;org.openqa.selenium.WebDriver.getClass()&quot; because &quot;exceptionDriver&quot; is null" type="java.lang.NullPointerException"><![CDATA[java.lang.NullPointerException: Cannot invoke "org.openqa.selenium.WebDriver.getClass()" because "exceptionDriver" is null
	at org.openqa.selenium.support.ui.WebDriverWait.timeoutException(WebDriverWait.java:85)
	at org.openqa.selenium.support.ui.FluentWait.until(FluentWait.java:228)
	at Amazon1.AmazonProfileEditPage.clickingyouraddress(AmazonProfileEditPage.java:43)
	at Amazon1.TC_4EditYourProfile.loginwithDDT(TC_4EditYourProfile.java:37)
	at java.base/jdk.internal.reflect.NativeMethodAccessorImpl.invoke0(Native Method)
	at java.base/jdk.internal.reflect.NativeMethodAccessorImpl.invoke(NativeMethodAccessorImpl.java:77)
	at java.base/jdk.internal.reflect.DelegatingMethodAccessorImpl.invoke(DelegatingMethodAccessorImpl.java:43)
	at java.base/java.lang.reflect.Method.invoke(Method.java:568)
	at org.testng.internal.invokers.MethodInvocationHelper.invokeMethod(MethodInvocationHelper.java:141)
	at org.testng.internal.invokers.TestInvoker.invokeMethod(TestInvoker.java:686)
	at org.testng.internal.invokers.TestInvoker.retryFailed(TestInvoker.java:269)
	at org.testng.internal.invokers.MethodRunner.runInSequence(MethodRunner.java:76)
	at org.testng.internal.invokers.TestInvoker$MethodInvocationAgent.invoke(TestInvoker.java:992)
	at org.testng.internal.invokers.TestInvoker.invokeTestMethods(TestInvoker.java:203)
	at org.testng.internal.invokers.TestMethodWorker.invokeTestMethods(TestMethodWorker.java:154)
	at org.testng.internal.invokers.TestMethodWorker.run(TestMethodWorker.java:134)
	at java.base/java.util.ArrayList.forEach(ArrayList.java:1511)
	at org.testng.TestRunner.privateRun(TestRunner.java:739)
	at org.testng.TestRunner.run(TestRunner.java:614)
	at org.testng.SuiteRunner.runTest(SuiteRunner.java:421)
	at org.testng.SuiteRunner.runSequentially(SuiteRunner.java:413)
	at org.testng.SuiteRunner.privateRun(SuiteRunner.java:373)
	at org.testng.SuiteRunner.run(SuiteRunner.java:312)
	at org.testng.SuiteRunnerWorker.runSuite(SuiteRunnerWorker.java:52)
	at org.testng.SuiteRunnerWorker.run(SuiteRunnerWorker.java:95)
	at org.testng.TestNG.runSuitesSequentially(TestNG.java:1274)
	at org.testng.TestNG.runSuitesLocally(TestNG.java:1208)
	at org.testng.TestNG.runSuites(TestNG.java:1112)
	at org.testng.TestNG.run(TestNG.java:1079)
	at org.apache.maven.surefire.testng.TestNGExecutor.run(TestNGExecutor.java:308)
	at org.apache.maven.surefire.testng.TestNGXmlTestSuite.execute(TestNGXmlTestSuite.java:71)
	at org.apache.maven.surefire.testng.TestNGProvider.invoke(TestNGProvider.java:113)
	at org.apache.maven.surefire.booter.ForkedBooter.runSuitesInProcess(ForkedBooter.java:385)
	at org.apache.maven.surefire.booter.ForkedBooter.execute(ForkedBooter.java:162)
	at org.apache.maven.surefire.booter.ForkedBooter.run(ForkedBooter.java:507)
	at org.apache.maven.surefire.booter.ForkedBooter.main(ForkedBooter.java:495)
]]></failure>
  </testcase>
  <testcase name="loginwithDDT[, ](1)" classname="Amazon1.TC_5AmazonSearchProduct" time="106.928"/>
  <testcase name="loginwithDDT[anujagaikwad86@gmail.com, anuja@89](2)" classname="Amazon1.TC_5AmazonSearchProduct" time="30.526"/>
  <testcase name="loginwithDDT[, ](1)" classname="Amazon1.TC_6Filters" time="147.43">
    <failure message="Cannot invoke &quot;org.openqa.selenium.WebDriver.getClass()&quot; because &quot;exceptionDriver&quot; is null" type="java.lang.NullPointerException"><![CDATA[java.lang.NullPointerException: Cannot invoke "org.openqa.selenium.WebDriver.getClass()" because "exceptionDriver" is null
	at org.openqa.selenium.support.ui.WebDriverWait.timeoutException(WebDriverWait.java:85)
	at org.openqa.selenium.support.ui.FluentWait.until(FluentWait.java:228)
	at Amazon1.AmazonAfterSearchFilterSortCartWishPage.selectBrand(AmazonAfterSearchFilterSortCartWishPage.java:65)
	at Amazon1.TC_6Filters.loginwithDDT(TC_6Filters.java:37)
	at java.base/jdk.internal.reflect.NativeMethodAccessorImpl.invoke0(Native Method)
	at java.base/jdk.internal.reflect.NativeMethodAccessorImpl.invoke(NativeMethodAccessorImpl.java:77)
	at java.base/jdk.internal.reflect.DelegatingMethodAccessorImpl.invoke(DelegatingMethodAccessorImpl.java:43)
	at java.base/java.lang.reflect.Method.invoke(Method.java:568)
	at org.testng.internal.invokers.MethodInvocationHelper.invokeMethod(MethodInvocationHelper.java:141)
	at org.testng.internal.invokers.TestInvoker.invokeMethod(TestInvoker.java:686)
	at org.testng.internal.invokers.TestInvoker.invokeTestMethod(TestInvoker.java:230)
	at org.testng.internal.invokers.MethodRunner.runInSequence(MethodRunner.java:63)
	at org.testng.internal.invokers.TestInvoker$MethodInvocationAgent.invoke(TestInvoker.java:992)
	at org.testng.internal.invokers.TestInvoker.invokeTestMethods(TestInvoker.java:203)
	at org.testng.internal.invokers.TestMethodWorker.invokeTestMethods(TestMethodWorker.java:154)
	at org.testng.internal.invokers.TestMethodWorker.run(TestMethodWorker.java:134)
	at java.base/java.util.ArrayList.forEach(ArrayList.java:1511)
	at org.testng.TestRunner.privateRun(TestRunner.java:739)
	at org.testng.TestRunner.run(TestRunner.java:614)
	at org.testng.SuiteRunner.runTest(SuiteRunner.java:421)
	at org.testng.SuiteRunner.runSequentially(SuiteRunner.java:413)
	at org.testng.SuiteRunner.privateRun(SuiteRunner.java:373)
	at org.testng.SuiteRunner.run(SuiteRunner.java:312)
	at org.testng.SuiteRunnerWorker.runSuite(SuiteRunnerWorker.java:52)
	at org.testng.SuiteRunnerWorker.run(SuiteRunnerWorker.java:95)
	at org.testng.TestNG.runSuitesSequentially(TestNG.java:1274)
	at org.testng.TestNG.runSuitesLocally(TestNG.java:1208)
	at org.testng.TestNG.runSuites(TestNG.java:1112)
	at org.testng.TestNG.run(TestNG.java:1079)
	at org.apache.maven.surefire.testng.TestNGExecutor.run(TestNGExecutor.java:308)
	at org.apache.maven.surefire.testng.TestNGXmlTestSuite.execute(TestNGXmlTestSuite.java:71)
	at org.apache.maven.surefire.testng.TestNGProvider.invoke(TestNGProvider.java:113)
	at org.apache.maven.surefire.booter.ForkedBooter.runSuitesInProcess(ForkedBooter.java:385)
	at org.apache.maven.surefire.booter.ForkedBooter.execute(ForkedBooter.java:162)
	at org.apache.maven.surefire.booter.ForkedBooter.run(ForkedBooter.java:507)
	at org.apache.maven.surefire.booter.ForkedBooter.main(ForkedBooter.java:495)
]]></failure>
  </testcase>
  <testcase name="loginwithDDT[anujagaikwad86@gmail.com, anuja@89](2)" classname="Amazon1.TC_6Filters" time="48.724"/>
  <testcase name="loginwithDDT[, ](1)" classname="Amazon1.TC_7ProductPageInfo" time="164.684">
    <system-out><![CDATA[[]
]]></system-out>
  </testcase>
  <testcase name="loginwithDDT[anujagaikwad86@gmail.com, anuja@89](2)" classname="Amazon1.TC_7ProductPageInfo" time="35.546">
    <system-out><![CDATA[[[[ChromeDriver: chrome on windows (210ac996c47f5bb50f5918ef100d4b39)] -> xpath: //img[@class="s-image"]], [[ChromeDriver: chrome on windows (210ac996c47f5bb50f5918ef100d4b39)] -> xpath: //img[@class="s-image"]], [[ChromeDriver: chrome on windows (210ac996c47f5bb50f5918ef100d4b39)] -> xpath: //img[@class="s-image"]], [[ChromeDriver: chrome on windows (210ac996c47f5bb50f5918ef100d4b39)] -> xpath: //img[@class="s-image"]], [[ChromeDriver: chrome on windows (210ac996c47f5bb50f5918ef100d4b39)] -> xpath: //img[@class="s-image"]], [[ChromeDriver: chrome on windows (210ac996c47f5bb50f5918ef100d4b39)] -> xpath: //img[@class="s-image"]], [[ChromeDriver: chrome on windows (210ac996c47f5bb50f5918ef100d4b39)] -> xpath: //img[@class="s-image"]], [[ChromeDriver: chrome on windows (210ac996c47f5bb50f5918ef100d4b39)] -> xpath: //img[@class="s-image"]], [[ChromeDriver: chrome on windows (210ac996c47f5bb50f5918ef100d4b39)] -> xpath: //img[@class="s-image"]], [[ChromeDriver: chrome on windows (210ac996c47f5bb50f5918ef100d4b39)] -> xpath: //img[@class="s-image"]], [[ChromeDriver: chrome on windows (210ac996c47f5bb50f5918ef100d4b39)] -> xpath: //img[@class="s-image"]], [[ChromeDriver: chrome on windows (210ac996c47f5bb50f5918ef100d4b39)] -> xpath: //img[@class="s-image"]], [[ChromeDriver: chrome on windows (210ac996c47f5bb50f5918ef100d4b39)] -> xpath: //img[@class="s-image"]], [[ChromeDriver: chrome on windows (210ac996c47f5bb50f5918ef100d4b39)] -> xpath: //img[@class="s-image"]], [[ChromeDriver: chrome on windows (210ac996c47f5bb50f5918ef100d4b39)] -> xpath: //img[@class="s-image"]], [[ChromeDriver: chrome on windows (210ac996c47f5bb50f5918ef100d4b39)] -> xpath: //img[@class="s-image"]], [[ChromeDriver: chrome on windows (210ac996c47f5bb50f5918ef100d4b39)] -> xpath: //img[@class="s-image"]], [[ChromeDriver: chrome on windows (210ac996c47f5bb50f5918ef100d4b39)] -> xpath: //img[@class="s-image"]], [[ChromeDriver: chrome on windows (210ac996c47f5bb50f5918ef100d4b39)] -> xpath: //img[@class="s-image"]], [[ChromeDriver: chrome on windows (210ac996c47f5bb50f5918ef100d4b39)] -> xpath: //img[@class="s-image"]], [[ChromeDriver: chrome on windows (210ac996c47f5bb50f5918ef100d4b39)] -> xpath: //img[@class="s-image"]], [[ChromeDriver: chrome on windows (210ac996c47f5bb50f5918ef100d4b39)] -> xpath: //img[@class="s-image"]], [[ChromeDriver: chrome on windows (210ac996c47f5bb50f5918ef100d4b39)] -> xpath: //img[@class="s-image"]], [[ChromeDriver: chrome on windows (210ac996c47f5bb50f5918ef100d4b39)] -> xpath: //img[@class="s-image"]], [[ChromeDriver: chrome on windows (210ac996c47f5bb50f5918ef100d4b39)] -> xpath: //img[@class="s-image"]], [[ChromeDriver: chrome on windows (210ac996c47f5bb50f5918ef100d4b39)] -> xpath: //img[@class="s-image"]], [[ChromeDriver: chrome on windows (210ac996c47f5bb50f5918ef100d4b39)] -> xpath: //img[@class="s-image"]], [[ChromeDriver: chrome on windows (210ac996c47f5bb50f5918ef100d4b39)] -> xpath: //img[@class="s-image"]], [[ChromeDriver: chrome on windows (210ac996c47f5bb50f5918ef100d4b39)] -> xpath: //img[@class="s-image"]], [[ChromeDriver: chrome on windows (210ac996c47f5bb50f5918ef100d4b39)] -> xpath: //img[@class="s-image"]], [[ChromeDriver: chrome on windows (210ac996c47f5bb50f5918ef100d4b39)] -> xpath: //img[@class="s-image"]], [[ChromeDriver: chrome on windows (210ac996c47f5bb50f5918ef100d4b39)] -> xpath: //img[@class="s-image"]], [[ChromeDriver: chrome on windows (210ac996c47f5bb50f5918ef100d4b39)] -> xpath: //img[@class="s-image"]], [[ChromeDriver: chrome on windows (210ac996c47f5bb50f5918ef100d4b39)] -> xpath: //img[@class="s-image"]], [[ChromeDriver: chrome on windows (210ac996c47f5bb50f5918ef100d4b39)] -> xpath: //img[@class="s-image"]], [[ChromeDriver: chrome on windows (210ac996c47f5bb50f5918ef100d4b39)] -> xpath: //img[@class="s-image"]], [[ChromeDriver: chrome on windows (210ac996c47f5bb50f5918ef100d4b39)] -> xpath: //img[@class="s-image"]], [[ChromeDriver: chrome on windows (210ac996c47f5bb50f5918ef100d4b39)] -> xpath: //img[@class="s-image"]], [[ChromeDriver: chrome on windows (210ac996c47f5bb50f5918ef100d4b39)] -> xpath: //img[@class="s-image"]], [[ChromeDriver: chrome on windows (210ac996c47f5bb50f5918ef100d4b39)] -> xpath: //img[@class="s-image"]], [[ChromeDriver: chrome on windows (210ac996c47f5bb50f5918ef100d4b39)] -> xpath: //img[@class="s-image"]], [[ChromeDriver: chrome on windows (210ac996c47f5bb50f5918ef100d4b39)] -> xpath: //img[@class="s-image"]], [[ChromeDriver: chrome on windows (210ac996c47f5bb50f5918ef100d4b39)] -> xpath: //img[@class="s-image"]], [[ChromeDriver: chrome on windows (210ac996c47f5bb50f5918ef100d4b39)] -> xpath: //img[@class="s-image"]], [[ChromeDriver: chrome on windows (210ac996c47f5bb50f5918ef100d4b39)] -> xpath: //img[@class="s-image"]], [[ChromeDriver: chrome on windows (210ac996c47f5bb50f5918ef100d4b39)] -> xpath: //img[@class="s-image"]], [[ChromeDriver: chrome on windows (210ac996c47f5bb50f5918ef100d4b39)] -> xpath: //img[@class="s-image"]], [[ChromeDriver: chrome on windows (210ac996c47f5bb50f5918ef100d4b39)] -> xpath: //img[@class="s-image"]], [[ChromeDriver: chrome on windows (210ac996c47f5bb50f5918ef100d4b39)] -> xpath: //img[@class="s-image"]], [[ChromeDriver: chrome on windows (210ac996c47f5bb50f5918ef100d4b39)] -> xpath: //img[@class="s-image"]], [[ChromeDriver: chrome on windows (210ac996c47f5bb50f5918ef100d4b39)] -> xpath: //img[@class="s-image"]], [[ChromeDriver: chrome on windows (210ac996c47f5bb50f5918ef100d4b39)] -> xpath: //img[@class="s-image"]], [[ChromeDriver: chrome on windows (210ac996c47f5bb50f5918ef100d4b39)] -> xpath: //img[@class="s-image"]], [[ChromeDriver: chrome on windows (210ac996c47f5bb50f5918ef100d4b39)] -> xpath: //img[@class="s-image"]], [[ChromeDriver: chrome on windows (210ac996c47f5bb50f5918ef100d4b39)] -> xpath: //img[@class="s-image"]], [[ChromeDriver: chrome on windows (210ac996c47f5bb50f5918ef100d4b39)] -> xpath: //img[@class="s-image"]], [[ChromeDriver: chrome on windows (210ac996c47f5bb50f5918ef100d4b39)] -> xpath: //img[@class="s-image"]], [[ChromeDriver: chrome on windows (210ac996c47f5bb50f5918ef100d4b39)] -> xpath: //img[@class="s-image"]], [[ChromeDriver: chrome on windows (210ac996c47f5bb50f5918ef100d4b39)] -> xpath: //img[@class="s-image"]], [[ChromeDriver: chrome on windows (210ac996c47f5bb50f5918ef100d4b39)] -> xpath: //img[@class="s-image"]], [[ChromeDriver: chrome on windows (210ac996c47f5bb50f5918ef100d4b39)] -> xpath: //img[@class="s-image"]], [[ChromeDriver: chrome on windows (210ac996c47f5bb50f5918ef100d4b39)] -> xpath: //img[@class="s-image"]], [[ChromeDriver: chrome on windows (210ac996c47f5bb50f5918ef100d4b39)] -> xpath: //img[@class="s-image"]], [[ChromeDriver: chrome on windows (210ac996c47f5bb50f5918ef100d4b39)] -> xpath: //img[@class="s-image"]], [[ChromeDriver: chrome on windows (210ac996c47f5bb50f5918ef100d4b39)] -> xpath: //img[@class="s-image"]], [[ChromeDriver: chrome on windows (210ac996c47f5bb50f5918ef100d4b39)] -> xpath: //img[@class="s-image"]], [[ChromeDriver: chrome on windows (210ac996c47f5bb50f5918ef100d4b39)] -> xpath: //img[@class="s-image"]], [[ChromeDriver: chrome on windows (210ac996c47f5bb50f5918ef100d4b39)] -> xpath: //img[@class="s-image"]], [[ChromeDriver: chrome on windows (210ac996c47f5bb50f5918ef100d4b39)] -> xpath: //img[@class="s-image"]], [[ChromeDriver: chrome on windows (210ac996c47f5bb50f5918ef100d4b39)] -> xpath: //img[@class="s-image"]], [[ChromeDriver: chrome on windows (210ac996c47f5bb50f5918ef100d4b39)] -> xpath: //img[@class="s-image"]], [[ChromeDriver: chrome on windows (210ac996c47f5bb50f5918ef100d4b39)] -> xpath: //img[@class="s-image"]]]
]]></system-out>
  </testcase>
  <testcase name="loginwithDDT[, ](1)" classname="Amazon1.TC_8ProductSort" time="127.025">
    <failure message="Cannot invoke &quot;org.openqa.selenium.WebDriver.getClass()&quot; because &quot;exceptionDriver&quot; is null" type="java.lang.NullPointerException"><![CDATA[java.lang.NullPointerException: Cannot invoke "org.openqa.selenium.WebDriver.getClass()" because "exceptionDriver" is null
	at org.openqa.selenium.support.ui.WebDriverWait.timeoutException(WebDriverWait.java:85)
	at org.openqa.selenium.support.ui.FluentWait.until(FluentWait.java:228)
	at Amazon1.AmazonProductDetailPage.clickingOnSort(AmazonProductDetailPage.java:100)
	at Amazon1.TC_8ProductSort.loginwithDDT(TC_8ProductSort.java:36)
	at java.base/jdk.internal.reflect.NativeMethodAccessorImpl.invoke0(Native Method)
	at java.base/jdk.internal.reflect.NativeMethodAccessorImpl.invoke(NativeMethodAccessorImpl.java:77)
	at java.base/jdk.internal.reflect.DelegatingMethodAccessorImpl.invoke(DelegatingMethodAccessorImpl.java:43)
	at java.base/java.lang.reflect.Method.invoke(Method.java:568)
	at org.testng.internal.invokers.MethodInvocationHelper.invokeMethod(MethodInvocationHelper.java:141)
	at org.testng.internal.invokers.TestInvoker.invokeMethod(TestInvoker.java:686)
	at org.testng.internal.invokers.TestInvoker.invokeTestMethod(TestInvoker.java:230)
	at org.testng.internal.invokers.MethodRunner.runInSequence(MethodRunner.java:63)
	at org.testng.internal.invokers.TestInvoker$MethodInvocationAgent.invoke(TestInvoker.java:992)
	at org.testng.internal.invokers.TestInvoker.invokeTestMethods(TestInvoker.java:203)
	at org.testng.internal.invokers.TestMethodWorker.invokeTestMethods(TestMethodWorker.java:154)
	at org.testng.internal.invokers.TestMethodWorker.run(TestMethodWorker.java:134)
	at java.base/java.util.ArrayList.forEach(ArrayList.java:1511)
	at org.testng.TestRunner.privateRun(TestRunner.java:739)
	at org.testng.TestRunner.run(TestRunner.java:614)
	at org.testng.SuiteRunner.runTest(SuiteRunner.java:421)
	at org.testng.SuiteRunner.runSequentially(SuiteRunner.java:413)
	at org.testng.SuiteRunner.privateRun(SuiteRunner.java:373)
	at org.testng.SuiteRunner.run(SuiteRunner.java:312)
	at org.testng.SuiteRunnerWorker.runSuite(SuiteRunnerWorker.java:52)
	at org.testng.SuiteRunnerWorker.run(SuiteRunnerWorker.java:95)
	at org.testng.TestNG.runSuitesSequentially(TestNG.java:1274)
	at org.testng.TestNG.runSuitesLocally(TestNG.java:1208)
	at org.testng.TestNG.runSuites(TestNG.java:1112)
	at org.testng.TestNG.run(TestNG.java:1079)
	at org.apache.maven.surefire.testng.TestNGExecutor.run(TestNGExecutor.java:308)
	at org.apache.maven.surefire.testng.TestNGXmlTestSuite.execute(TestNGXmlTestSuite.java:71)
	at org.apache.maven.surefire.testng.TestNGProvider.invoke(TestNGProvider.java:113)
	at org.apache.maven.surefire.booter.ForkedBooter.runSuitesInProcess(ForkedBooter.java:385)
	at org.apache.maven.surefire.booter.ForkedBooter.execute(ForkedBooter.java:162)
	at org.apache.maven.surefire.booter.ForkedBooter.run(ForkedBooter.java:507)
	at org.apache.maven.surefire.booter.ForkedBooter.main(ForkedBooter.java:495)
]]></failure>
  </testcase>
  <testcase name="loginwithDDT[anujagaikwad86@gmail.com, anuja@89](2)" classname="Amazon1.TC_8ProductSort" time="42.673"/>
  <testcase name="loginwithDDT[, ](1)" classname="Amazon1.TC_9AddToCart" time="144.438">
    <system-out><![CDATA[[]
]]></system-out>
  </testcase>
  <testcase name="loginwithDDT[anujagaikwad86@gmail.com, anuja@89](2)" classname="Amazon1.TC_9AddToCart" time="28.65">
    <system-out><![CDATA[[[[ChromeDriver: chrome on windows (6605c9e9686006d92c103e1396254f51)] -> xpath: //img[@class="s-image"]], [[ChromeDriver: chrome on windows (6605c9e9686006d92c103e1396254f51)] -> xpath: //img[@class="s-image"]], [[ChromeDriver: chrome on windows (6605c9e9686006d92c103e1396254f51)] -> xpath: //img[@class="s-image"]], [[ChromeDriver: chrome on windows (6605c9e9686006d92c103e1396254f51)] -> xpath: //img[@class="s-image"]], [[ChromeDriver: chrome on windows (6605c9e9686006d92c103e1396254f51)] -> xpath: //img[@class="s-image"]], [[ChromeDriver: chrome on windows (6605c9e9686006d92c103e1396254f51)] -> xpath: //img[@class="s-image"]], [[ChromeDriver: chrome on windows (6605c9e9686006d92c103e1396254f51)] -> xpath: //img[@class="s-image"]], [[ChromeDriver: chrome on windows (6605c9e9686006d92c103e1396254f51)] -> xpath: //img[@class="s-image"]], [[ChromeDriver: chrome on windows (6605c9e9686006d92c103e1396254f51)] -> xpath: //img[@class="s-image"]], [[ChromeDriver: chrome on windows (6605c9e9686006d92c103e1396254f51)] -> xpath: //img[@class="s-image"]], [[ChromeDriver: chrome on windows (6605c9e9686006d92c103e1396254f51)] -> xpath: //img[@class="s-image"]], [[ChromeDriver: chrome on windows (6605c9e9686006d92c103e1396254f51)] -> xpath: //img[@class="s-image"]], [[ChromeDriver: chrome on windows (6605c9e9686006d92c103e1396254f51)] -> xpath: //img[@class="s-image"]], [[ChromeDriver: chrome on windows (6605c9e9686006d92c103e1396254f51)] -> xpath: //img[@class="s-image"]], [[ChromeDriver: chrome on windows (6605c9e9686006d92c103e1396254f51)] -> xpath: //img[@class="s-image"]], [[ChromeDriver: chrome on windows (6605c9e9686006d92c103e1396254f51)] -> xpath: //img[@class="s-image"]], [[ChromeDriver: chrome on windows (6605c9e9686006d92c103e1396254f51)] -> xpath: //img[@class="s-image"]], [[ChromeDriver: chrome on windows (6605c9e9686006d92c103e1396254f51)] -> xpath: //img[@class="s-image"]], [[ChromeDriver: chrome on windows (6605c9e9686006d92c103e1396254f51)] -> xpath: //img[@class="s-image"]], [[ChromeDriver: chrome on windows (6605c9e9686006d92c103e1396254f51)] -> xpath: //img[@class="s-image"]], [[ChromeDriver: chrome on windows (6605c9e9686006d92c103e1396254f51)] -> xpath: //img[@class="s-image"]], [[ChromeDriver: chrome on windows (6605c9e9686006d92c103e1396254f51)] -> xpath: //img[@class="s-image"]], [[ChromeDriver: chrome on windows (6605c9e9686006d92c103e1396254f51)] -> xpath: //img[@class="s-image"]], [[ChromeDriver: chrome on windows (6605c9e9686006d92c103e1396254f51)] -> xpath: //img[@class="s-image"]], [[ChromeDriver: chrome on windows (6605c9e9686006d92c103e1396254f51)] -> xpath: //img[@class="s-image"]], [[ChromeDriver: chrome on windows (6605c9e9686006d92c103e1396254f51)] -> xpath: //img[@class="s-image"]], [[ChromeDriver: chrome on windows (6605c9e9686006d92c103e1396254f51)] -> xpath: //img[@class="s-image"]], [[ChromeDriver: chrome on windows (6605c9e9686006d92c103e1396254f51)] -> xpath: //img[@class="s-image"]], [[ChromeDriver: chrome on windows (6605c9e9686006d92c103e1396254f51)] -> xpath: //img[@class="s-image"]], [[ChromeDriver: chrome on windows (6605c9e9686006d92c103e1396254f51)] -> xpath: //img[@class="s-image"]], [[ChromeDriver: chrome on windows (6605c9e9686006d92c103e1396254f51)] -> xpath: //img[@class="s-image"]], [[ChromeDriver: chrome on windows (6605c9e9686006d92c103e1396254f51)] -> xpath: //img[@class="s-image"]], [[ChromeDriver: chrome on windows (6605c9e9686006d92c103e1396254f51)] -> xpath: //img[@class="s-image"]], [[ChromeDriver: chrome on windows (6605c9e9686006d92c103e1396254f51)] -> xpath: //img[@class="s-image"]], [[ChromeDriver: chrome on windows (6605c9e9686006d92c103e1396254f51)] -> xpath: //img[@class="s-image"]], [[ChromeDriver: chrome on windows (6605c9e9686006d92c103e1396254f51)] -> xpath: //img[@class="s-image"]], [[ChromeDriver: chrome on windows (6605c9e9686006d92c103e1396254f51)] -> xpath: //img[@class="s-image"]], [[ChromeDriver: chrome on windows (6605c9e9686006d92c103e1396254f51)] -> xpath: //img[@class="s-image"]], [[ChromeDriver: chrome on windows (6605c9e9686006d92c103e1396254f51)] -> xpath: //img[@class="s-image"]], [[ChromeDriver: chrome on windows (6605c9e9686006d92c103e1396254f51)] -> xpath: //img[@class="s-image"]], [[ChromeDriver: chrome on windows (6605c9e9686006d92c103e1396254f51)] -> xpath: //img[@class="s-image"]], [[ChromeDriver: chrome on windows (6605c9e9686006d92c103e1396254f51)] -> xpath: //img[@class="s-image"]], [[ChromeDriver: chrome on windows (6605c9e9686006d92c103e1396254f51)] -> xpath: //img[@class="s-image"]], [[ChromeDriver: chrome on windows (6605c9e9686006d92c103e1396254f51)] -> xpath: //img[@class="s-image"]], [[ChromeDriver: chrome on windows (6605c9e9686006d92c103e1396254f51)] -> xpath: //img[@class="s-image"]], [[ChromeDriver: chrome on windows (6605c9e9686006d92c103e1396254f51)] -> xpath: //img[@class="s-image"]], [[ChromeDriver: chrome on windows (6605c9e9686006d92c103e1396254f51)] -> xpath: //img[@class="s-image"]], [[ChromeDriver: chrome on windows (6605c9e9686006d92c103e1396254f51)] -> xpath: //img[@class="s-image"]], [[ChromeDriver: chrome on windows (6605c9e9686006d92c103e1396254f51)] -> xpath: //img[@class="s-image"]], [[ChromeDriver: chrome on windows (6605c9e9686006d92c103e1396254f51)] -> xpath: //img[@class="s-image"]], [[ChromeDriver: chrome on windows (6605c9e9686006d92c103e1396254f51)] -> xpath: //img[@class="s-image"]], [[ChromeDriver: chrome on windows (6605c9e9686006d92c103e1396254f51)] -> xpath: //img[@class="s-image"]], [[ChromeDriver: chrome on windows (6605c9e9686006d92c103e1396254f51)] -> xpath: //img[@class="s-image"]], [[ChromeDriver: chrome on windows (6605c9e9686006d92c103e1396254f51)] -> xpath: //img[@class="s-image"]], [[ChromeDriver: chrome on windows (6605c9e9686006d92c103e1396254f51)] -> xpath: //img[@class="s-image"]], [[ChromeDriver: chrome on windows (6605c9e9686006d92c103e1396254f51)] -> xpath: //img[@class="s-image"]], [[ChromeDriver: chrome on windows (6605c9e9686006d92c103e1396254f51)] -> xpath: //img[@class="s-image"]], [[ChromeDriver: chrome on windows (6605c9e9686006d92c103e1396254f51)] -> xpath: //img[@class="s-image"]], [[ChromeDriver: chrome on windows (6605c9e9686006d92c103e1396254f51)] -> xpath: //img[@class="s-image"]], [[ChromeDriver: chrome on windows (6605c9e9686006d92c103e1396254f51)] -> xpath: //img[@class="s-image"]], [[ChromeDriver: chrome on windows (6605c9e9686006d92c103e1396254f51)] -> xpath: //img[@class="s-image"]], [[ChromeDriver: chrome on windows (6605c9e9686006d92c103e1396254f51)] -> xpath: //img[@class="s-image"]], [[ChromeDriver: chrome on windows (6605c9e9686006d92c103e1396254f51)] -> xpath: //img[@class="s-image"]], [[ChromeDriver: chrome on windows (6605c9e9686006d92c103e1396254f51)] -> xpath: //img[@class="s-image"]], [[ChromeDriver: chrome on windows (6605c9e9686006d92c103e1396254f51)] -> xpath: //img[@class="s-image"]], [[ChromeDriver: chrome on windows (6605c9e9686006d92c103e1396254f51)] -> xpath: //img[@class="s-image"]], [[ChromeDriver: chrome on windows (6605c9e9686006d92c103e1396254f51)] -> xpath: //img[@class="s-image"]], [[ChromeDriver: chrome on windows (6605c9e9686006d92c103e1396254f51)] -> xpath: //img[@class="s-image"]], [[ChromeDriver: chrome on windows (6605c9e9686006d92c103e1396254f51)] -> xpath: //img[@class="s-image"]], [[ChromeDriver: chrome on windows (6605c9e9686006d92c103e1396254f51)] -> xpath: //img[@class="s-image"]], [[ChromeDriver: chrome on windows (6605c9e9686006d92c103e1396254f51)] -> xpath: //img[@class="s-image"]], [[ChromeDriver: chrome on windows (6605c9e9686006d92c103e1396254f51)] -> xpath: //img[@class="s-image"]]]
]]></system-out>
  </testcase>
  <testcase name="addRemoveproduct[, ](1)" classname="Amazon1.TC_10ItemUpdateRemove" time="194.675">
    <failure message="Cannot invoke &quot;org.openqa.selenium.WebDriver.getClass()&quot; because &quot;exceptionDriver&quot; is null" type="java.lang.NullPointerException"><![CDATA[java.lang.NullPointerException: Cannot invoke "org.openqa.selenium.WebDriver.getClass()" because "exceptionDriver" is null
	at org.openqa.selenium.support.ui.WebDriverWait.timeoutException(WebDriverWait.java:85)
	at org.openqa.selenium.support.ui.FluentWait.until(FluentWait.java:228)
	at Amazon1.AmazonProductDetailPage.clickdecreasequantity(AmazonProductDetailPage.java:146)
	at Amazon1.TC_10ItemUpdateRemove.addRemoveproduct(TC_10ItemUpdateRemove.java:41)
	at java.base/jdk.internal.reflect.NativeMethodAccessorImpl.invoke0(Native Method)
	at java.base/jdk.internal.reflect.NativeMethodAccessorImpl.invoke(NativeMethodAccessorImpl.java:77)
	at java.base/jdk.internal.reflect.DelegatingMethodAccessorImpl.invoke(DelegatingMethodAccessorImpl.java:43)
	at java.base/java.lang.reflect.Method.invoke(Method.java:568)
	at org.testng.internal.invokers.MethodInvocationHelper.invokeMethod(MethodInvocationHelper.java:141)
	at org.testng.internal.invokers.TestInvoker.invokeMethod(TestInvoker.java:686)
	at org.testng.internal.invokers.TestInvoker.invokeTestMethod(TestInvoker.java:230)
	at org.testng.internal.invokers.MethodRunner.runInSequence(MethodRunner.java:63)
	at org.testng.internal.invokers.TestInvoker$MethodInvocationAgent.invoke(TestInvoker.java:992)
	at org.testng.internal.invokers.TestInvoker.invokeTestMethods(TestInvoker.java:203)
	at org.testng.internal.invokers.TestMethodWorker.invokeTestMethods(TestMethodWorker.java:154)
	at org.testng.internal.invokers.TestMethodWorker.run(TestMethodWorker.java:134)
	at java.base/java.util.ArrayList.forEach(ArrayList.java:1511)
	at org.testng.TestRunner.privateRun(TestRunner.java:739)
	at org.testng.TestRunner.run(TestRunner.java:614)
	at org.testng.SuiteRunner.runTest(SuiteRunner.java:421)
	at org.testng.SuiteRunner.runSequentially(SuiteRunner.java:413)
	at org.testng.SuiteRunner.privateRun(SuiteRunner.java:373)
	at org.testng.SuiteRunner.run(SuiteRunner.java:312)
	at org.testng.SuiteRunnerWorker.runSuite(SuiteRunnerWorker.java:52)
	at org.testng.SuiteRunnerWorker.run(SuiteRunnerWorker.java:95)
	at org.testng.TestNG.runSuitesSequentially(TestNG.java:1274)
	at org.testng.TestNG.runSuitesLocally(TestNG.java:1208)
	at org.testng.TestNG.runSuites(TestNG.java:1112)
	at org.testng.TestNG.run(TestNG.java:1079)
	at org.apache.maven.surefire.testng.TestNGExecutor.run(TestNGExecutor.java:308)
	at org.apache.maven.surefire.testng.TestNGXmlTestSuite.execute(TestNGXmlTestSuite.java:71)
	at org.apache.maven.surefire.testng.TestNGProvider.invoke(TestNGProvider.java:113)
	at org.apache.maven.surefire.booter.ForkedBooter.runSuitesInProcess(ForkedBooter.java:385)
	at org.apache.maven.surefire.booter.ForkedBooter.execute(ForkedBooter.java:162)
	at org.apache.maven.surefire.booter.ForkedBooter.run(ForkedBooter.java:507)
	at org.apache.maven.surefire.booter.ForkedBooter.main(ForkedBooter.java:495)
]]></failure>
    <system-out><![CDATA[[]
]]></system-out>
  </testcase>
  <testcase name="addRemoveproduct[anujagaikwad86@gmail.com, anuja@89](2)" classname="Amazon1.TC_10ItemUpdateRemove" time="40.417">
    <system-out><![CDATA[[[[ChromeDriver: chrome on windows (897a273a918dc08105d9ee08bf10dbc5)] -> xpath: //img[@class="s-image"]], [[ChromeDriver: chrome on windows (897a273a918dc08105d9ee08bf10dbc5)] -> xpath: //img[@class="s-image"]], [[ChromeDriver: chrome on windows (897a273a918dc08105d9ee08bf10dbc5)] -> xpath: //img[@class="s-image"]], [[ChromeDriver: chrome on windows (897a273a918dc08105d9ee08bf10dbc5)] -> xpath: //img[@class="s-image"]], [[ChromeDriver: chrome on windows (897a273a918dc08105d9ee08bf10dbc5)] -> xpath: //img[@class="s-image"]], [[ChromeDriver: chrome on windows (897a273a918dc08105d9ee08bf10dbc5)] -> xpath: //img[@class="s-image"]], [[ChromeDriver: chrome on windows (897a273a918dc08105d9ee08bf10dbc5)] -> xpath: //img[@class="s-image"]], [[ChromeDriver: chrome on windows (897a273a918dc08105d9ee08bf10dbc5)] -> xpath: //img[@class="s-image"]], [[ChromeDriver: chrome on windows (897a273a918dc08105d9ee08bf10dbc5)] -> xpath: //img[@class="s-image"]], [[ChromeDriver: chrome on windows (897a273a918dc08105d9ee08bf10dbc5)] -> xpath: //img[@class="s-image"]], [[ChromeDriver: chrome on windows (897a273a918dc08105d9ee08bf10dbc5)] -> xpath: //img[@class="s-image"]], [[ChromeDriver: chrome on windows (897a273a918dc08105d9ee08bf10dbc5)] -> xpath: //img[@class="s-image"]], [[ChromeDriver: chrome on windows (897a273a918dc08105d9ee08bf10dbc5)] -> xpath: //img[@class="s-image"]], [[ChromeDriver: chrome on windows (897a273a918dc08105d9ee08bf10dbc5)] -> xpath: //img[@class="s-image"]], [[ChromeDriver: chrome on windows (897a273a918dc08105d9ee08bf10dbc5)] -> xpath: //img[@class="s-image"]], [[ChromeDriver: chrome on windows (897a273a918dc08105d9ee08bf10dbc5)] -> xpath: //img[@class="s-image"]], [[ChromeDriver: chrome on windows (897a273a918dc08105d9ee08bf10dbc5)] -> xpath: //img[@class="s-image"]], [[ChromeDriver: chrome on windows (897a273a918dc08105d9ee08bf10dbc5)] -> xpath: //img[@class="s-image"]], [[ChromeDriver: chrome on windows (897a273a918dc08105d9ee08bf10dbc5)] -> xpath: //img[@class="s-image"]], [[ChromeDriver: chrome on windows (897a273a918dc08105d9ee08bf10dbc5)] -> xpath: //img[@class="s-image"]], [[ChromeDriver: chrome on windows (897a273a918dc08105d9ee08bf10dbc5)] -> xpath: //img[@class="s-image"]], [[ChromeDriver: chrome on windows (897a273a918dc08105d9ee08bf10dbc5)] -> xpath: //img[@class="s-image"]], [[ChromeDriver: chrome on windows (897a273a918dc08105d9ee08bf10dbc5)] -> xpath: //img[@class="s-image"]], [[ChromeDriver: chrome on windows (897a273a918dc08105d9ee08bf10dbc5)] -> xpath: //img[@class="s-image"]], [[ChromeDriver: chrome on windows (897a273a918dc08105d9ee08bf10dbc5)] -> xpath: //img[@class="s-image"]], [[ChromeDriver: chrome on windows (897a273a918dc08105d9ee08bf10dbc5)] -> xpath: //img[@class="s-image"]], [[ChromeDriver: chrome on windows (897a273a918dc08105d9ee08bf10dbc5)] -> xpath: //img[@class="s-image"]], [[ChromeDriver: chrome on windows (897a273a918dc08105d9ee08bf10dbc5)] -> xpath: //img[@class="s-image"]], [[ChromeDriver: chrome on windows (897a273a918dc08105d9ee08bf10dbc5)] -> xpath: //img[@class="s-image"]], [[ChromeDriver: chrome on windows (897a273a918dc08105d9ee08bf10dbc5)] -> xpath: //img[@class="s-image"]], [[ChromeDriver: chrome on windows (897a273a918dc08105d9ee08bf10dbc5)] -> xpath: //img[@class="s-image"]], [[ChromeDriver: chrome on windows (897a273a918dc08105d9ee08bf10dbc5)] -> xpath: //img[@class="s-image"]], [[ChromeDriver: chrome on windows (897a273a918dc08105d9ee08bf10dbc5)] -> xpath: //img[@class="s-image"]], [[ChromeDriver: chrome on windows (897a273a918dc08105d9ee08bf10dbc5)] -> xpath: //img[@class="s-image"]], [[ChromeDriver: chrome on windows (897a273a918dc08105d9ee08bf10dbc5)] -> xpath: //img[@class="s-image"]], [[ChromeDriver: chrome on windows (897a273a918dc08105d9ee08bf10dbc5)] -> xpath: //img[@class="s-image"]], [[ChromeDriver: chrome on windows (897a273a918dc08105d9ee08bf10dbc5)] -> xpath: //img[@class="s-image"]], [[ChromeDriver: chrome on windows (897a273a918dc08105d9ee08bf10dbc5)] -> xpath: //img[@class="s-image"]], [[ChromeDriver: chrome on windows (897a273a918dc08105d9ee08bf10dbc5)] -> xpath: //img[@class="s-image"]], [[ChromeDriver: chrome on windows (897a273a918dc08105d9ee08bf10dbc5)] -> xpath: //img[@class="s-image"]], [[ChromeDriver: chrome on windows (897a273a918dc08105d9ee08bf10dbc5)] -> xpath: //img[@class="s-image"]], [[ChromeDriver: chrome on windows (897a273a918dc08105d9ee08bf10dbc5)] -> xpath: //img[@class="s-image"]], [[ChromeDriver: chrome on windows (897a273a918dc08105d9ee08bf10dbc5)] -> xpath: //img[@class="s-image"]], [[ChromeDriver: chrome on windows (897a273a918dc08105d9ee08bf10dbc5)] -> xpath: //img[@class="s-image"]], [[ChromeDriver: chrome on windows (897a273a918dc08105d9ee08bf10dbc5)] -> xpath: //img[@class="s-image"]], [[ChromeDriver: chrome on windows (897a273a918dc08105d9ee08bf10dbc5)] -> xpath: //img[@class="s-image"]], [[ChromeDriver: chrome on windows (897a273a918dc08105d9ee08bf10dbc5)] -> xpath: //img[@class="s-image"]], [[ChromeDriver: chrome on windows (897a273a918dc08105d9ee08bf10dbc5)] -> xpath: //img[@class="s-image"]], [[ChromeDriver: chrome on windows (897a273a918dc08105d9ee08bf10dbc5)] -> xpath: //img[@class="s-image"]], [[ChromeDriver: chrome on windows (897a273a918dc08105d9ee08bf10dbc5)] -> xpath: //img[@class="s-image"]], [[ChromeDriver: chrome on windows (897a273a918dc08105d9ee08bf10dbc5)] -> xpath: //img[@class="s-image"]], [[ChromeDriver: chrome on windows (897a273a918dc08105d9ee08bf10dbc5)] -> xpath: //img[@class="s-image"]], [[ChromeDriver: chrome on windows (897a273a918dc08105d9ee08bf10dbc5)] -> xpath: //img[@class="s-image"]], [[ChromeDriver: chrome on windows (897a273a918dc08105d9ee08bf10dbc5)] -> xpath: //img[@class="s-image"]], [[ChromeDriver: chrome on windows (897a273a918dc08105d9ee08bf10dbc5)] -> xpath: //img[@class="s-image"]], [[ChromeDriver: chrome on windows (897a273a918dc08105d9ee08bf10dbc5)] -> xpath: //img[@class="s-image"]], [[ChromeDriver: chrome on windows (897a273a918dc08105d9ee08bf10dbc5)] -> xpath: //img[@class="s-image"]], [[ChromeDriver: chrome on windows (897a273a918dc08105d9ee08bf10dbc5)] -> xpath: //img[@class="s-image"]], [[ChromeDriver: chrome on windows (897a273a918dc08105d9ee08bf10dbc5)] -> xpath: //img[@class="s-image"]], [[ChromeDriver: chrome on windows (897a273a918dc08105d9ee08bf10dbc5)] -> xpath: //img[@class="s-image"]], [[ChromeDriver: chrome on windows (897a273a918dc08105d9ee08bf10dbc5)] -> xpath: //img[@class="s-image"]], [[ChromeDriver: chrome on windows (897a273a918dc08105d9ee08bf10dbc5)] -> xpath: //img[@class="s-image"]], [[ChromeDriver: chrome on windows (897a273a918dc08105d9ee08bf10dbc5)] -> xpath: //img[@class="s-image"]], [[ChromeDriver: chrome on windows (897a273a918dc08105d9ee08bf10dbc5)] -> xpath: //img[@class="s-image"]], [[ChromeDriver: chrome on windows (897a273a918dc08105d9ee08bf10dbc5)] -> xpath: //img[@class="s-image"]], [[ChromeDriver: chrome on windows (897a273a918dc08105d9ee08bf10dbc5)] -> xpath: //img[@class="s-image"]], [[ChromeDriver: chrome on windows (897a273a918dc08105d9ee08bf10dbc5)] -> xpath: //img[@class="s-image"]], [[ChromeDriver: chrome on windows (897a273a918dc08105d9ee08bf10dbc5)] -> xpath: //img[@class="s-image"]], [[ChromeDriver: chrome on windows (897a273a918dc08105d9ee08bf10dbc5)] -> xpath: //img[@class="s-image"]], [[ChromeDriver: chrome on windows (897a273a918dc08105d9ee08bf10dbc5)] -> xpath: //img[@class="s-image"]], [[ChromeDriver: chrome on windows (897a273a918dc08105d9ee08bf10dbc5)] -> xpath: //img[@class="s-image"]], [[ChromeDriver: chrome on windows (897a273a918dc08105d9ee08bf10dbc5)] -> xpath: //img[@class="s-image"]]]
]]></system-out>
  </testcase>
  <testcase name="selectingAddressPaymentMethod[, ](1)" classname="Amazon1.TC_11Checkout_AddressSelection" time="196.169">
    <failure message="Cannot invoke &quot;org.openqa.selenium.WebDriver.getClass()&quot; because &quot;exceptionDriver&quot; is null" type="java.lang.NullPointerException"><![CDATA[java.lang.NullPointerException: Cannot invoke "org.openqa.selenium.WebDriver.getClass()" because "exceptionDriver" is null
	at org.openqa.selenium.support.ui.WebDriverWait.timeoutException(WebDriverWait.java:85)
	at org.openqa.selenium.support.ui.FluentWait.until(FluentWait.java:228)
	at Amazon1.AmazonProductDetailPage.clickdecreasequantity(AmazonProductDetailPage.java:146)
	at Amazon1.TC_11Checkout_AddressSelection.selectingAddressPaymentMethod(TC_11Checkout_AddressSelection.java:41)
	at java.base/jdk.internal.reflect.NativeMethodAccessorImpl.invoke0(Native Method)
	at java.base/jdk.internal.reflect.NativeMethodAccessorImpl.invoke(NativeMethodAccessorImpl.java:77)
	at java.base/jdk.internal.reflect.DelegatingMethodAccessorImpl.invoke(DelegatingMethodAccessorImpl.java:43)
	at java.base/java.lang.reflect.Method.invoke(Method.java:568)
	at org.testng.internal.invokers.MethodInvocationHelper.invokeMethod(MethodInvocationHelper.java:141)
	at org.testng.internal.invokers.TestInvoker.invokeMethod(TestInvoker.java:686)
	at org.testng.internal.invokers.TestInvoker.invokeTestMethod(TestInvoker.java:230)
	at org.testng.internal.invokers.MethodRunner.runInSequence(MethodRunner.java:63)
	at org.testng.internal.invokers.TestInvoker$MethodInvocationAgent.invoke(TestInvoker.java:992)
	at org.testng.internal.invokers.TestInvoker.invokeTestMethods(TestInvoker.java:203)
	at org.testng.internal.invokers.TestMethodWorker.invokeTestMethods(TestMethodWorker.java:154)
	at org.testng.internal.invokers.TestMethodWorker.run(TestMethodWorker.java:134)
	at java.base/java.util.ArrayList.forEach(ArrayList.java:1511)
	at org.testng.TestRunner.privateRun(TestRunner.java:739)
	at org.testng.TestRunner.run(TestRunner.java:614)
	at org.testng.SuiteRunner.runTest(SuiteRunner.java:421)
	at org.testng.SuiteRunner.runSequentially(SuiteRunner.java:413)
	at org.testng.SuiteRunner.privateRun(SuiteRunner.java:373)
	at org.testng.SuiteRunner.run(SuiteRunner.java:312)
	at org.testng.SuiteRunnerWorker.runSuite(SuiteRunnerWorker.java:52)
	at org.testng.SuiteRunnerWorker.run(SuiteRunnerWorker.java:95)
	at org.testng.TestNG.runSuitesSequentially(TestNG.java:1274)
	at org.testng.TestNG.runSuitesLocally(TestNG.java:1208)
	at org.testng.TestNG.runSuites(TestNG.java:1112)
	at org.testng.TestNG.run(TestNG.java:1079)
	at org.apache.maven.surefire.testng.TestNGExecutor.run(TestNGExecutor.java:308)
	at org.apache.maven.surefire.testng.TestNGXmlTestSuite.execute(TestNGXmlTestSuite.java:71)
	at org.apache.maven.surefire.testng.TestNGProvider.invoke(TestNGProvider.java:113)
	at org.apache.maven.surefire.booter.ForkedBooter.runSuitesInProcess(ForkedBooter.java:385)
	at org.apache.maven.surefire.booter.ForkedBooter.execute(ForkedBooter.java:162)
	at org.apache.maven.surefire.booter.ForkedBooter.run(ForkedBooter.java:507)
	at org.apache.maven.surefire.booter.ForkedBooter.main(ForkedBooter.java:495)
]]></failure>
    <system-out><![CDATA[[]
]]></system-out>
  </testcase>
  <testcase name="selectingAddressPaymentMethod[anujagaikwad86@gmail.com, anuja@89](2)" classname="Amazon1.TC_11Checkout_AddressSelection" time="73.102">
    <system-out><![CDATA[[[[ChromeDriver: chrome on windows (bf8e413c2cb150ac88bf16171fba7923)] -> xpath: //img[@class="s-image"]], [[ChromeDriver: chrome on windows (bf8e413c2cb150ac88bf16171fba7923)] -> xpath: //img[@class="s-image"]], [[ChromeDriver: chrome on windows (bf8e413c2cb150ac88bf16171fba7923)] -> xpath: //img[@class="s-image"]], [[ChromeDriver: chrome on windows (bf8e413c2cb150ac88bf16171fba7923)] -> xpath: //img[@class="s-image"]], [[ChromeDriver: chrome on windows (bf8e413c2cb150ac88bf16171fba7923)] -> xpath: //img[@class="s-image"]], [[ChromeDriver: chrome on windows (bf8e413c2cb150ac88bf16171fba7923)] -> xpath: //img[@class="s-image"]], [[ChromeDriver: chrome on windows (bf8e413c2cb150ac88bf16171fba7923)] -> xpath: //img[@class="s-image"]], [[ChromeDriver: chrome on windows (bf8e413c2cb150ac88bf16171fba7923)] -> xpath: //img[@class="s-image"]], [[ChromeDriver: chrome on windows (bf8e413c2cb150ac88bf16171fba7923)] -> xpath: //img[@class="s-image"]], [[ChromeDriver: chrome on windows (bf8e413c2cb150ac88bf16171fba7923)] -> xpath: //img[@class="s-image"]], [[ChromeDriver: chrome on windows (bf8e413c2cb150ac88bf16171fba7923)] -> xpath: //img[@class="s-image"]], [[ChromeDriver: chrome on windows (bf8e413c2cb150ac88bf16171fba7923)] -> xpath: //img[@class="s-image"]], [[ChromeDriver: chrome on windows (bf8e413c2cb150ac88bf16171fba7923)] -> xpath: //img[@class="s-image"]], [[ChromeDriver: chrome on windows (bf8e413c2cb150ac88bf16171fba7923)] -> xpath: //img[@class="s-image"]], [[ChromeDriver: chrome on windows (bf8e413c2cb150ac88bf16171fba7923)] -> xpath: //img[@class="s-image"]], [[ChromeDriver: chrome on windows (bf8e413c2cb150ac88bf16171fba7923)] -> xpath: //img[@class="s-image"]], [[ChromeDriver: chrome on windows (bf8e413c2cb150ac88bf16171fba7923)] -> xpath: //img[@class="s-image"]], [[ChromeDriver: chrome on windows (bf8e413c2cb150ac88bf16171fba7923)] -> xpath: //img[@class="s-image"]], [[ChromeDriver: chrome on windows (bf8e413c2cb150ac88bf16171fba7923)] -> xpath: //img[@class="s-image"]], [[ChromeDriver: chrome on windows (bf8e413c2cb150ac88bf16171fba7923)] -> xpath: //img[@class="s-image"]], [[ChromeDriver: chrome on windows (bf8e413c2cb150ac88bf16171fba7923)] -> xpath: //img[@class="s-image"]], [[ChromeDriver: chrome on windows (bf8e413c2cb150ac88bf16171fba7923)] -> xpath: //img[@class="s-image"]], [[ChromeDriver: chrome on windows (bf8e413c2cb150ac88bf16171fba7923)] -> xpath: //img[@class="s-image"]], [[ChromeDriver: chrome on windows (bf8e413c2cb150ac88bf16171fba7923)] -> xpath: //img[@class="s-image"]], [[ChromeDriver: chrome on windows (bf8e413c2cb150ac88bf16171fba7923)] -> xpath: //img[@class="s-image"]], [[ChromeDriver: chrome on windows (bf8e413c2cb150ac88bf16171fba7923)] -> xpath: //img[@class="s-image"]], [[ChromeDriver: chrome on windows (bf8e413c2cb150ac88bf16171fba7923)] -> xpath: //img[@class="s-image"]], [[ChromeDriver: chrome on windows (bf8e413c2cb150ac88bf16171fba7923)] -> xpath: //img[@class="s-image"]], [[ChromeDriver: chrome on windows (bf8e413c2cb150ac88bf16171fba7923)] -> xpath: //img[@class="s-image"]], [[ChromeDriver: chrome on windows (bf8e413c2cb150ac88bf16171fba7923)] -> xpath: //img[@class="s-image"]], [[ChromeDriver: chrome on windows (bf8e413c2cb150ac88bf16171fba7923)] -> xpath: //img[@class="s-image"]], [[ChromeDriver: chrome on windows (bf8e413c2cb150ac88bf16171fba7923)] -> xpath: //img[@class="s-image"]], [[ChromeDriver: chrome on windows (bf8e413c2cb150ac88bf16171fba7923)] -> xpath: //img[@class="s-image"]], [[ChromeDriver: chrome on windows (bf8e413c2cb150ac88bf16171fba7923)] -> xpath: //img[@class="s-image"]], [[ChromeDriver: chrome on windows (bf8e413c2cb150ac88bf16171fba7923)] -> xpath: //img[@class="s-image"]], [[ChromeDriver: chrome on windows (bf8e413c2cb150ac88bf16171fba7923)] -> xpath: //img[@class="s-image"]], [[ChromeDriver: chrome on windows (bf8e413c2cb150ac88bf16171fba7923)] -> xpath: //img[@class="s-image"]], [[ChromeDriver: chrome on windows (bf8e413c2cb150ac88bf16171fba7923)] -> xpath: //img[@class="s-image"]], [[ChromeDriver: chrome on windows (bf8e413c2cb150ac88bf16171fba7923)] -> xpath: //img[@class="s-image"]], [[ChromeDriver: chrome on windows (bf8e413c2cb150ac88bf16171fba7923)] -> xpath: //img[@class="s-image"]], [[ChromeDriver: chrome on windows (bf8e413c2cb150ac88bf16171fba7923)] -> xpath: //img[@class="s-image"]], [[ChromeDriver: chrome on windows (bf8e413c2cb150ac88bf16171fba7923)] -> xpath: //img[@class="s-image"]], [[ChromeDriver: chrome on windows (bf8e413c2cb150ac88bf16171fba7923)] -> xpath: //img[@class="s-image"]], [[ChromeDriver: chrome on windows (bf8e413c2cb150ac88bf16171fba7923)] -> xpath: //img[@class="s-image"]], [[ChromeDriver: chrome on windows (bf8e413c2cb150ac88bf16171fba7923)] -> xpath: //img[@class="s-image"]], [[ChromeDriver: chrome on windows (bf8e413c2cb150ac88bf16171fba7923)] -> xpath: //img[@class="s-image"]], [[ChromeDriver: chrome on windows (bf8e413c2cb150ac88bf16171fba7923)] -> xpath: //img[@class="s-image"]], [[ChromeDriver: chrome on windows (bf8e413c2cb150ac88bf16171fba7923)] -> xpath: //img[@class="s-image"]], [[ChromeDriver: chrome on windows (bf8e413c2cb150ac88bf16171fba7923)] -> xpath: //img[@class="s-image"]], [[ChromeDriver: chrome on windows (bf8e413c2cb150ac88bf16171fba7923)] -> xpath: //img[@class="s-image"]], [[ChromeDriver: chrome on windows (bf8e413c2cb150ac88bf16171fba7923)] -> xpath: //img[@class="s-image"]], [[ChromeDriver: chrome on windows (bf8e413c2cb150ac88bf16171fba7923)] -> xpath: //img[@class="s-image"]], [[ChromeDriver: chrome on windows (bf8e413c2cb150ac88bf16171fba7923)] -> xpath: //img[@class="s-image"]], [[ChromeDriver: chrome on windows (bf8e413c2cb150ac88bf16171fba7923)] -> xpath: //img[@class="s-image"]], [[ChromeDriver: chrome on windows (bf8e413c2cb150ac88bf16171fba7923)] -> xpath: //img[@class="s-image"]], [[ChromeDriver: chrome on windows (bf8e413c2cb150ac88bf16171fba7923)] -> xpath: //img[@class="s-image"]], [[ChromeDriver: chrome on windows (bf8e413c2cb150ac88bf16171fba7923)] -> xpath: //img[@class="s-image"]], [[ChromeDriver: chrome on windows (bf8e413c2cb150ac88bf16171fba7923)] -> xpath: //img[@class="s-image"]], [[ChromeDriver: chrome on windows (bf8e413c2cb150ac88bf16171fba7923)] -> xpath: //img[@class="s-image"]], [[ChromeDriver: chrome on windows (bf8e413c2cb150ac88bf16171fba7923)] -> xpath: //img[@class="s-image"]], [[ChromeDriver: chrome on windows (bf8e413c2cb150ac88bf16171fba7923)] -> xpath: //img[@class="s-image"]], [[ChromeDriver: chrome on windows (bf8e413c2cb150ac88bf16171fba7923)] -> xpath: //img[@class="s-image"]], [[ChromeDriver: chrome on windows (bf8e413c2cb150ac88bf16171fba7923)] -> xpath: //img[@class="s-image"]], [[ChromeDriver: chrome on windows (bf8e413c2cb150ac88bf16171fba7923)] -> xpath: //img[@class="s-image"]], [[ChromeDriver: chrome on windows (bf8e413c2cb150ac88bf16171fba7923)] -> xpath: //img[@class="s-image"]], [[ChromeDriver: chrome on windows (bf8e413c2cb150ac88bf16171fba7923)] -> xpath: //img[@class="s-image"]], [[ChromeDriver: chrome on windows (bf8e413c2cb150ac88bf16171fba7923)] -> xpath: //img[@class="s-image"]], [[ChromeDriver: chrome on windows (bf8e413c2cb150ac88bf16171fba7923)] -> xpath: //img[@class="s-image"]], [[ChromeDriver: chrome on windows (bf8e413c2cb150ac88bf16171fba7923)] -> xpath: //img[@class="s-image"]], [[ChromeDriver: chrome on windows (bf8e413c2cb150ac88bf16171fba7923)] -> xpath: //img[@class="s-image"]], [[ChromeDriver: chrome on windows (bf8e413c2cb150ac88bf16171fba7923)] -> xpath: //img[@class="s-image"]], [[ChromeDriver: chrome on windows (bf8e413c2cb150ac88bf16171fba7923)] -> xpath: //img[@class="s-image"]]]
]]></system-out>
  </testcase>
  <testcase name="paymentMethodValidation[, ](1)" classname="Amazon1.TC_12CheckEachPaymentMethod" time="256.607">
    <system-out><![CDATA[[]
]]></system-out>
  </testcase>
  <testcase name="paymentMethodValidation[anujagaikwad86@gmail.com, anuja@89](2)" classname="Amazon1.TC_12CheckEachPaymentMethod" time="150.094">
    <system-out><![CDATA[[[[ChromeDriver: chrome on windows (0339fec9c4a87503e0a341e8cbff44b4)] -> xpath: //img[@class="s-image"]], [[ChromeDriver: chrome on windows (0339fec9c4a87503e0a341e8cbff44b4)] -> xpath: //img[@class="s-image"]], [[ChromeDriver: chrome on windows (0339fec9c4a87503e0a341e8cbff44b4)] -> xpath: //img[@class="s-image"]], [[ChromeDriver: chrome on windows (0339fec9c4a87503e0a341e8cbff44b4)] -> xpath: //img[@class="s-image"]], [[ChromeDriver: chrome on windows (0339fec9c4a87503e0a341e8cbff44b4)] -> xpath: //img[@class="s-image"]], [[ChromeDriver: chrome on windows (0339fec9c4a87503e0a341e8cbff44b4)] -> xpath: //img[@class="s-image"]], [[ChromeDriver: chrome on windows (0339fec9c4a87503e0a341e8cbff44b4)] -> xpath: //img[@class="s-image"]], [[ChromeDriver: chrome on windows (0339fec9c4a87503e0a341e8cbff44b4)] -> xpath: //img[@class="s-image"]], [[ChromeDriver: chrome on windows (0339fec9c4a87503e0a341e8cbff44b4)] -> xpath: //img[@class="s-image"]], [[ChromeDriver: chrome on windows (0339fec9c4a87503e0a341e8cbff44b4)] -> xpath: //img[@class="s-image"]], [[ChromeDriver: chrome on windows (0339fec9c4a87503e0a341e8cbff44b4)] -> xpath: //img[@class="s-image"]], [[ChromeDriver: chrome on windows (0339fec9c4a87503e0a341e8cbff44b4)] -> xpath: //img[@class="s-image"]], [[ChromeDriver: chrome on windows (0339fec9c4a87503e0a341e8cbff44b4)] -> xpath: //img[@class="s-image"]], [[ChromeDriver: chrome on windows (0339fec9c4a87503e0a341e8cbff44b4)] -> xpath: //img[@class="s-image"]], [[ChromeDriver: chrome on windows (0339fec9c4a87503e0a341e8cbff44b4)] -> xpath: //img[@class="s-image"]], [[ChromeDriver: chrome on windows (0339fec9c4a87503e0a341e8cbff44b4)] -> xpath: //img[@class="s-image"]], [[ChromeDriver: chrome on windows (0339fec9c4a87503e0a341e8cbff44b4)] -> xpath: //img[@class="s-image"]], [[ChromeDriver: chrome on windows (0339fec9c4a87503e0a341e8cbff44b4)] -> xpath: //img[@class="s-image"]], [[ChromeDriver: chrome on windows (0339fec9c4a87503e0a341e8cbff44b4)] -> xpath: //img[@class="s-image"]], [[ChromeDriver: chrome on windows (0339fec9c4a87503e0a341e8cbff44b4)] -> xpath: //img[@class="s-image"]], [[ChromeDriver: chrome on windows (0339fec9c4a87503e0a341e8cbff44b4)] -> xpath: //img[@class="s-image"]], [[ChromeDriver: chrome on windows (0339fec9c4a87503e0a341e8cbff44b4)] -> xpath: //img[@class="s-image"]], [[ChromeDriver: chrome on windows (0339fec9c4a87503e0a341e8cbff44b4)] -> xpath: //img[@class="s-image"]], [[ChromeDriver: chrome on windows (0339fec9c4a87503e0a341e8cbff44b4)] -> xpath: //img[@class="s-image"]], [[ChromeDriver: chrome on windows (0339fec9c4a87503e0a341e8cbff44b4)] -> xpath: //img[@class="s-image"]], [[ChromeDriver: chrome on windows (0339fec9c4a87503e0a341e8cbff44b4)] -> xpath: //img[@class="s-image"]], [[ChromeDriver: chrome on windows (0339fec9c4a87503e0a341e8cbff44b4)] -> xpath: //img[@class="s-image"]], [[ChromeDriver: chrome on windows (0339fec9c4a87503e0a341e8cbff44b4)] -> xpath: //img[@class="s-image"]], [[ChromeDriver: chrome on windows (0339fec9c4a87503e0a341e8cbff44b4)] -> xpath: //img[@class="s-image"]], [[ChromeDriver: chrome on windows (0339fec9c4a87503e0a341e8cbff44b4)] -> xpath: //img[@class="s-image"]], [[ChromeDriver: chrome on windows (0339fec9c4a87503e0a341e8cbff44b4)] -> xpath: //img[@class="s-image"]], [[ChromeDriver: chrome on windows (0339fec9c4a87503e0a341e8cbff44b4)] -> xpath: //img[@class="s-image"]], [[ChromeDriver: chrome on windows (0339fec9c4a87503e0a341e8cbff44b4)] -> xpath: //img[@class="s-image"]], [[ChromeDriver: chrome on windows (0339fec9c4a87503e0a341e8cbff44b4)] -> xpath: //img[@class="s-image"]], [[ChromeDriver: chrome on windows (0339fec9c4a87503e0a341e8cbff44b4)] -> xpath: //img[@class="s-image"]], [[ChromeDriver: chrome on windows (0339fec9c4a87503e0a341e8cbff44b4)] -> xpath: //img[@class="s-image"]], [[ChromeDriver: chrome on windows (0339fec9c4a87503e0a341e8cbff44b4)] -> xpath: //img[@class="s-image"]], [[ChromeDriver: chrome on windows (0339fec9c4a87503e0a341e8cbff44b4)] -> xpath: //img[@class="s-image"]], [[ChromeDriver: chrome on windows (0339fec9c4a87503e0a341e8cbff44b4)] -> xpath: //img[@class="s-image"]], [[ChromeDriver: chrome on windows (0339fec9c4a87503e0a341e8cbff44b4)] -> xpath: //img[@class="s-image"]], [[ChromeDriver: chrome on windows (0339fec9c4a87503e0a341e8cbff44b4)] -> xpath: //img[@class="s-image"]], [[ChromeDriver: chrome on windows (0339fec9c4a87503e0a341e8cbff44b4)] -> xpath: //img[@class="s-image"]], [[ChromeDriver: chrome on windows (0339fec9c4a87503e0a341e8cbff44b4)] -> xpath: //img[@class="s-image"]], [[ChromeDriver: chrome on windows (0339fec9c4a87503e0a341e8cbff44b4)] -> xpath: //img[@class="s-image"]], [[ChromeDriver: chrome on windows (0339fec9c4a87503e0a341e8cbff44b4)] -> xpath: //img[@class="s-image"]], [[ChromeDriver: chrome on windows (0339fec9c4a87503e0a341e8cbff44b4)] -> xpath: //img[@class="s-image"]], [[ChromeDriver: chrome on windows (0339fec9c4a87503e0a341e8cbff44b4)] -> xpath: //img[@class="s-image"]], [[ChromeDriver: chrome on windows (0339fec9c4a87503e0a341e8cbff44b4)] -> xpath: //img[@class="s-image"]], [[ChromeDriver: chrome on windows (0339fec9c4a87503e0a341e8cbff44b4)] -> xpath: //img[@class="s-image"]], [[ChromeDriver: chrome on windows (0339fec9c4a87503e0a341e8cbff44b4)] -> xpath: //img[@class="s-image"]], [[ChromeDriver: chrome on windows (0339fec9c4a87503e0a341e8cbff44b4)] -> xpath: //img[@class="s-image"]], [[ChromeDriver: chrome on windows (0339fec9c4a87503e0a341e8cbff44b4)] -> xpath: //img[@class="s-image"]], [[ChromeDriver: chrome on windows (0339fec9c4a87503e0a341e8cbff44b4)] -> xpath: //img[@class="s-image"]], [[ChromeDriver: chrome on windows (0339fec9c4a87503e0a341e8cbff44b4)] -> xpath: //img[@class="s-image"]], [[ChromeDriver: chrome on windows (0339fec9c4a87503e0a341e8cbff44b4)] -> xpath: //img[@class="s-image"]], [[ChromeDriver: chrome on windows (0339fec9c4a87503e0a341e8cbff44b4)] -> xpath: //img[@class="s-image"]], [[ChromeDriver: chrome on windows (0339fec9c4a87503e0a341e8cbff44b4)] -> xpath: //img[@class="s-image"]], [[ChromeDriver: chrome on windows (0339fec9c4a87503e0a341e8cbff44b4)] -> xpath: //img[@class="s-image"]], [[ChromeDriver: chrome on windows (0339fec9c4a87503e0a341e8cbff44b4)] -> xpath: //img[@class="s-image"]], [[ChromeDriver: chrome on windows (0339fec9c4a87503e0a341e8cbff44b4)] -> xpath: //img[@class="s-image"]], [[ChromeDriver: chrome on windows (0339fec9c4a87503e0a341e8cbff44b4)] -> xpath: //img[@class="s-image"]], [[ChromeDriver: chrome on windows (0339fec9c4a87503e0a341e8cbff44b4)] -> xpath: //img[@class="s-image"]], [[ChromeDriver: chrome on windows (0339fec9c4a87503e0a341e8cbff44b4)] -> xpath: //img[@class="s-image"]], [[ChromeDriver: chrome on windows (0339fec9c4a87503e0a341e8cbff44b4)] -> xpath: //img[@class="s-image"]], [[ChromeDriver: chrome on windows (0339fec9c4a87503e0a341e8cbff44b4)] -> xpath: //img[@class="s-image"]], [[ChromeDriver: chrome on windows (0339fec9c4a87503e0a341e8cbff44b4)] -> xpath: //img[@class="s-image"]], [[ChromeDriver: chrome on windows (0339fec9c4a87503e0a341e8cbff44b4)] -> xpath: //img[@class="s-image"]], [[ChromeDriver: chrome on windows (0339fec9c4a87503e0a341e8cbff44b4)] -> xpath: //img[@class="s-image"]], [[ChromeDriver: chrome on windows (0339fec9c4a87503e0a341e8cbff44b4)] -> xpath: //img[@class="s-image"]], [[ChromeDriver: chrome on windows (0339fec9c4a87503e0a341e8cbff44b4)] -> xpath: //img[@class="s-image"]], [[ChromeDriver: chrome on windows (0339fec9c4a87503e0a341e8cbff44b4)] -> xpath: //img[@class="s-image"]], [[ChromeDriver: chrome on windows (0339fec9c4a87503e0a341e8cbff44b4)] -> xpath: //img[@class="s-image"]]]
]]></system-out>
  </testcase>
  <testcase name="OrderingProuctWithCoupenCode[, ](1)" classname="Amazon1.TC_13ApplyCoupenCode" time="194.866">
    <failure message="Cannot invoke &quot;org.openqa.selenium.WebDriver.getClass()&quot; because &quot;exceptionDriver&quot; is null" type="java.lang.NullPointerException"><![CDATA[java.lang.NullPointerException: Cannot invoke "org.openqa.selenium.WebDriver.getClass()" because "exceptionDriver" is null
	at org.openqa.selenium.support.ui.WebDriverWait.timeoutException(WebDriverWait.java:85)
	at org.openqa.selenium.support.ui.FluentWait.until(FluentWait.java:228)
	at Amazon1.AmazonProductDetailPage.clickdecreasequantity(AmazonProductDetailPage.java:146)
	at Amazon1.TC_13ApplyCoupenCode.OrderingProuctWithCoupenCode(TC_13ApplyCoupenCode.java:41)
	at java.base/jdk.internal.reflect.NativeMethodAccessorImpl.invoke0(Native Method)
	at java.base/jdk.internal.reflect.NativeMethodAccessorImpl.invoke(NativeMethodAccessorImpl.java:77)
	at java.base/jdk.internal.reflect.DelegatingMethodAccessorImpl.invoke(DelegatingMethodAccessorImpl.java:43)
	at java.base/java.lang.reflect.Method.invoke(Method.java:568)
	at org.testng.internal.invokers.MethodInvocationHelper.invokeMethod(MethodInvocationHelper.java:141)
	at org.testng.internal.invokers.TestInvoker.invokeMethod(TestInvoker.java:686)
	at org.testng.internal.invokers.TestInvoker.invokeTestMethod(TestInvoker.java:230)
	at org.testng.internal.invokers.MethodRunner.runInSequence(MethodRunner.java:63)
	at org.testng.internal.invokers.TestInvoker$MethodInvocationAgent.invoke(TestInvoker.java:992)
	at org.testng.internal.invokers.TestInvoker.invokeTestMethods(TestInvoker.java:203)
	at org.testng.internal.invokers.TestMethodWorker.invokeTestMethods(TestMethodWorker.java:154)
	at org.testng.internal.invokers.TestMethodWorker.run(TestMethodWorker.java:134)
	at java.base/java.util.ArrayList.forEach(ArrayList.java:1511)
	at org.testng.TestRunner.privateRun(TestRunner.java:739)
	at org.testng.TestRunner.run(TestRunner.java:614)
	at org.testng.SuiteRunner.runTest(SuiteRunner.java:421)
	at org.testng.SuiteRunner.runSequentially(SuiteRunner.java:413)
	at org.testng.SuiteRunner.privateRun(SuiteRunner.java:373)
	at org.testng.SuiteRunner.run(SuiteRunner.java:312)
	at org.testng.SuiteRunnerWorker.runSuite(SuiteRunnerWorker.java:52)
	at org.testng.SuiteRunnerWorker.run(SuiteRunnerWorker.java:95)
	at org.testng.TestNG.runSuitesSequentially(TestNG.java:1274)
	at org.testng.TestNG.runSuitesLocally(TestNG.java:1208)
	at org.testng.TestNG.runSuites(TestNG.java:1112)
	at org.testng.TestNG.run(TestNG.java:1079)
	at org.apache.maven.surefire.testng.TestNGExecutor.run(TestNGExecutor.java:308)
	at org.apache.maven.surefire.testng.TestNGXmlTestSuite.execute(TestNGXmlTestSuite.java:71)
	at org.apache.maven.surefire.testng.TestNGProvider.invoke(TestNGProvider.java:113)
	at org.apache.maven.surefire.booter.ForkedBooter.runSuitesInProcess(ForkedBooter.java:385)
	at org.apache.maven.surefire.booter.ForkedBooter.execute(ForkedBooter.java:162)
	at org.apache.maven.surefire.booter.ForkedBooter.run(ForkedBooter.java:507)
	at org.apache.maven.surefire.booter.ForkedBooter.main(ForkedBooter.java:495)
]]></failure>
    <system-out><![CDATA[[]
]]></system-out>
  </testcase>
  <testcase name="OrderingProuctWithCoupenCode[anujagaikwad86@gmail.com, anuja@89](2)" classname="Amazon1.TC_13ApplyCoupenCode" time="50.676">
    <failure message="Cannot invoke &quot;org.openqa.selenium.WebDriver.getClass()&quot; because &quot;exceptionDriver&quot; is null" type="java.lang.NullPointerException"><![CDATA[java.lang.NullPointerException: Cannot invoke "org.openqa.selenium.WebDriver.getClass()" because "exceptionDriver" is null
	at org.openqa.selenium.support.ui.WebDriverWait.timeoutException(WebDriverWait.java:85)
	at org.openqa.selenium.support.ui.FluentWait.until(FluentWait.java:228)
	at Amazon1.AmazonProductDetailPage.clickdecreasequantity(AmazonProductDetailPage.java:146)
	at Amazon1.TC_13ApplyCoupenCode.OrderingProuctWithCoupenCode(TC_13ApplyCoupenCode.java:42)
	at java.base/jdk.internal.reflect.NativeMethodAccessorImpl.invoke0(Native Method)
	at java.base/jdk.internal.reflect.NativeMethodAccessorImpl.invoke(NativeMethodAccessorImpl.java:77)
	at java.base/jdk.internal.reflect.DelegatingMethodAccessorImpl.invoke(DelegatingMethodAccessorImpl.java:43)
	at java.base/java.lang.reflect.Method.invoke(Method.java:568)
	at org.testng.internal.invokers.MethodInvocationHelper.invokeMethod(MethodInvocationHelper.java:141)
	at org.testng.internal.invokers.TestInvoker.invokeMethod(TestInvoker.java:686)
	at org.testng.internal.invokers.TestInvoker.invokeTestMethod(TestInvoker.java:230)
	at org.testng.internal.invokers.MethodRunner.runInSequence(MethodRunner.java:63)
	at org.testng.internal.invokers.TestInvoker$MethodInvocationAgent.invoke(TestInvoker.java:992)
	at org.testng.internal.invokers.TestInvoker.invokeTestMethods(TestInvoker.java:203)
	at org.testng.internal.invokers.TestMethodWorker.invokeTestMethods(TestMethodWorker.java:154)
	at org.testng.internal.invokers.TestMethodWorker.run(TestMethodWorker.java:134)
	at java.base/java.util.ArrayList.forEach(ArrayList.java:1511)
	at org.testng.TestRunner.privateRun(TestRunner.java:739)
	at org.testng.TestRunner.run(TestRunner.java:614)
	at org.testng.SuiteRunner.runTest(SuiteRunner.java:421)
	at org.testng.SuiteRunner.runSequentially(SuiteRunner.java:413)
	at org.testng.SuiteRunner.privateRun(SuiteRunner.java:373)
	at org.testng.SuiteRunner.run(SuiteRunner.java:312)
	at org.testng.SuiteRunnerWorker.runSuite(SuiteRunnerWorker.java:52)
	at org.testng.SuiteRunnerWorker.run(SuiteRunnerWorker.java:95)
	at org.testng.TestNG.runSuitesSequentially(TestNG.java:1274)
	at org.testng.TestNG.runSuitesLocally(TestNG.java:1208)
	at org.testng.TestNG.runSuites(TestNG.java:1112)
	at org.testng.TestNG.run(TestNG.java:1079)
	at org.apache.maven.surefire.testng.TestNGExecutor.run(TestNGExecutor.java:308)
	at org.apache.maven.surefire.testng.TestNGXmlTestSuite.execute(TestNGXmlTestSuite.java:71)
	at org.apache.maven.surefire.testng.TestNGProvider.invoke(TestNGProvider.java:113)
	at org.apache.maven.surefire.booter.ForkedBooter.runSuitesInProcess(ForkedBooter.java:385)
	at org.apache.maven.surefire.booter.ForkedBooter.execute(ForkedBooter.java:162)
	at org.apache.maven.surefire.booter.ForkedBooter.run(ForkedBooter.java:507)
	at org.apache.maven.surefire.booter.ForkedBooter.main(ForkedBooter.java:495)
]]></failure>
    <system-out><![CDATA[[[[ChromeDriver: chrome on windows (b634801a3d52b13345d41301d8eff608)] -> xpath: //img[@class="s-image"]], [[ChromeDriver: chrome on windows (b634801a3d52b13345d41301d8eff608)] -> xpath: //img[@class="s-image"]], [[ChromeDriver: chrome on windows (b634801a3d52b13345d41301d8eff608)] -> xpath: //img[@class="s-image"]], [[ChromeDriver: chrome on windows (b634801a3d52b13345d41301d8eff608)] -> xpath: //img[@class="s-image"]], [[ChromeDriver: chrome on windows (b634801a3d52b13345d41301d8eff608)] -> xpath: //img[@class="s-image"]], [[ChromeDriver: chrome on windows (b634801a3d52b13345d41301d8eff608)] -> xpath: //img[@class="s-image"]], [[ChromeDriver: chrome on windows (b634801a3d52b13345d41301d8eff608)] -> xpath: //img[@class="s-image"]], [[ChromeDriver: chrome on windows (b634801a3d52b13345d41301d8eff608)] -> xpath: //img[@class="s-image"]], [[ChromeDriver: chrome on windows (b634801a3d52b13345d41301d8eff608)] -> xpath: //img[@class="s-image"]], [[ChromeDriver: chrome on windows (b634801a3d52b13345d41301d8eff608)] -> xpath: //img[@class="s-image"]], [[ChromeDriver: chrome on windows (b634801a3d52b13345d41301d8eff608)] -> xpath: //img[@class="s-image"]], [[ChromeDriver: chrome on windows (b634801a3d52b13345d41301d8eff608)] -> xpath: //img[@class="s-image"]], [[ChromeDriver: chrome on windows (b634801a3d52b13345d41301d8eff608)] -> xpath: //img[@class="s-image"]], [[ChromeDriver: chrome on windows (b634801a3d52b13345d41301d8eff608)] -> xpath: //img[@class="s-image"]], [[ChromeDriver: chrome on windows (b634801a3d52b13345d41301d8eff608)] -> xpath: //img[@class="s-image"]], [[ChromeDriver: chrome on windows (b634801a3d52b13345d41301d8eff608)] -> xpath: //img[@class="s-image"]], [[ChromeDriver: chrome on windows (b634801a3d52b13345d41301d8eff608)] -> xpath: //img[@class="s-image"]], [[ChromeDriver: chrome on windows (b634801a3d52b13345d41301d8eff608)] -> xpath: //img[@class="s-image"]], [[ChromeDriver: chrome on windows (b634801a3d52b13345d41301d8eff608)] -> xpath: //img[@class="s-image"]], [[ChromeDriver: chrome on windows (b634801a3d52b13345d41301d8eff608)] -> xpath: //img[@class="s-image"]], [[ChromeDriver: chrome on windows (b634801a3d52b13345d41301d8eff608)] -> xpath: //img[@class="s-image"]], [[ChromeDriver: chrome on windows (b634801a3d52b13345d41301d8eff608)] -> xpath: //img[@class="s-image"]], [[ChromeDriver: chrome on windows (b634801a3d52b13345d41301d8eff608)] -> xpath: //img[@class="s-image"]], [[ChromeDriver: chrome on windows (b634801a3d52b13345d41301d8eff608)] -> xpath: //img[@class="s-image"]], [[ChromeDriver: chrome on windows (b634801a3d52b13345d41301d8eff608)] -> xpath: //img[@class="s-image"]], [[ChromeDriver: chrome on windows (b634801a3d52b13345d41301d8eff608)] -> xpath: //img[@class="s-image"]], [[ChromeDriver: chrome on windows (b634801a3d52b13345d41301d8eff608)] -> xpath: //img[@class="s-image"]], [[ChromeDriver: chrome on windows (b634801a3d52b13345d41301d8eff608)] -> xpath: //img[@class="s-image"]], [[ChromeDriver: chrome on windows (b634801a3d52b13345d41301d8eff608)] -> xpath: //img[@class="s-image"]], [[ChromeDriver: chrome on windows (b634801a3d52b13345d41301d8eff608)] -> xpath: //img[@class="s-image"]], [[ChromeDriver: chrome on windows (b634801a3d52b13345d41301d8eff608)] -> xpath: //img[@class="s-image"]], [[ChromeDriver: chrome on windows (b634801a3d52b13345d41301d8eff608)] -> xpath: //img[@class="s-image"]], [[ChromeDriver: chrome on windows (b634801a3d52b13345d41301d8eff608)] -> xpath: //img[@class="s-image"]], [[ChromeDriver: chrome on windows (b634801a3d52b13345d41301d8eff608)] -> xpath: //img[@class="s-image"]], [[ChromeDriver: chrome on windows (b634801a3d52b13345d41301d8eff608)] -> xpath: //img[@class="s-image"]], [[ChromeDriver: chrome on windows (b634801a3d52b13345d41301d8eff608)] -> xpath: //img[@class="s-image"]], [[ChromeDriver: chrome on windows (b634801a3d52b13345d41301d8eff608)] -> xpath: //img[@class="s-image"]], [[ChromeDriver: chrome on windows (b634801a3d52b13345d41301d8eff608)] -> xpath: //img[@class="s-image"]], [[ChromeDriver: chrome on windows (b634801a3d52b13345d41301d8eff608)] -> xpath: //img[@class="s-image"]], [[ChromeDriver: chrome on windows (b634801a3d52b13345d41301d8eff608)] -> xpath: //img[@class="s-image"]], [[ChromeDriver: chrome on windows (b634801a3d52b13345d41301d8eff608)] -> xpath: //img[@class="s-image"]], [[ChromeDriver: chrome on windows (b634801a3d52b13345d41301d8eff608)] -> xpath: //img[@class="s-image"]], [[ChromeDriver: chrome on windows (b634801a3d52b13345d41301d8eff608)] -> xpath: //img[@class="s-image"]], [[ChromeDriver: chrome on windows (b634801a3d52b13345d41301d8eff608)] -> xpath: //img[@class="s-image"]], [[ChromeDriver: chrome on windows (b634801a3d52b13345d41301d8eff608)] -> xpath: //img[@class="s-image"]], [[ChromeDriver: chrome on windows (b634801a3d52b13345d41301d8eff608)] -> xpath: //img[@class="s-image"]], [[ChromeDriver: chrome on windows (b634801a3d52b13345d41301d8eff608)] -> xpath: //img[@class="s-image"]], [[ChromeDriver: chrome on windows (b634801a3d52b13345d41301d8eff608)] -> xpath: //img[@class="s-image"]], [[ChromeDriver: chrome on windows (b634801a3d52b13345d41301d8eff608)] -> xpath: //img[@class="s-image"]], [[ChromeDriver: chrome on windows (b634801a3d52b13345d41301d8eff608)] -> xpath: //img[@class="s-image"]], [[ChromeDriver: chrome on windows (b634801a3d52b13345d41301d8eff608)] -> xpath: //img[@class="s-image"]], [[ChromeDriver: chrome on windows (b634801a3d52b13345d41301d8eff608)] -> xpath: //img[@class="s-image"]], [[ChromeDriver: chrome on windows (b634801a3d52b13345d41301d8eff608)] -> xpath: //img[@class="s-image"]], [[ChromeDriver: chrome on windows (b634801a3d52b13345d41301d8eff608)] -> xpath: //img[@class="s-image"]], [[ChromeDriver: chrome on windows (b634801a3d52b13345d41301d8eff608)] -> xpath: //img[@class="s-image"]], [[ChromeDriver: chrome on windows (b634801a3d52b13345d41301d8eff608)] -> xpath: //img[@class="s-image"]], [[ChromeDriver: chrome on windows (b634801a3d52b13345d41301d8eff608)] -> xpath: //img[@class="s-image"]], [[ChromeDriver: chrome on windows (b634801a3d52b13345d41301d8eff608)] -> xpath: //img[@class="s-image"]], [[ChromeDriver: chrome on windows (b634801a3d52b13345d41301d8eff608)] -> xpath: //img[@class="s-image"]], [[ChromeDriver: chrome on windows (b634801a3d52b13345d41301d8eff608)] -> xpath: //img[@class="s-image"]], [[ChromeDriver: chrome on windows (b634801a3d52b13345d41301d8eff608)] -> xpath: //img[@class="s-image"]], [[ChromeDriver: chrome on windows (b634801a3d52b13345d41301d8eff608)] -> xpath: //img[@class="s-image"]], [[ChromeDriver: chrome on windows (b634801a3d52b13345d41301d8eff608)] -> xpath: //img[@class="s-image"]], [[ChromeDriver: chrome on windows (b634801a3d52b13345d41301d8eff608)] -> xpath: //img[@class="s-image"]], [[ChromeDriver: chrome on windows (b634801a3d52b13345d41301d8eff608)] -> xpath: //img[@class="s-image"]], [[ChromeDriver: chrome on windows (b634801a3d52b13345d41301d8eff608)] -> xpath: //img[@class="s-image"]], [[ChromeDriver: chrome on windows (b634801a3d52b13345d41301d8eff608)] -> xpath: //img[@class="s-image"]], [[ChromeDriver: chrome on windows (b634801a3d52b13345d41301d8eff608)] -> xpath: //img[@class="s-image"]], [[ChromeDriver: chrome on windows (b634801a3d52b13345d41301d8eff608)] -> xpath: //img[@class="s-image"]], [[ChromeDriver: chrome on windows (b634801a3d52b13345d41301d8eff608)] -> xpath: //img[@class="s-image"]], [[ChromeDriver: chrome on windows (b634801a3d52b13345d41301d8eff608)] -> xpath: //img[@class="s-image"]], [[ChromeDriver: chrome on windows (b634801a3d52b13345d41301d8eff608)] -> xpath: //img[@class="s-image"]]]
]]></system-out>
  </testcase>
  <testcase name="givingRatingforLastOrder[, ](1)" classname="Amazon1.TC_14_5StarRatingOnLastOrderProduct" time="115.951">
    <failure message="Cannot invoke &quot;org.openqa.selenium.WebDriver.getClass()&quot; because &quot;exceptionDriver&quot; is null" type="java.lang.NullPointerException"><![CDATA[java.lang.NullPointerException: Cannot invoke "org.openqa.selenium.WebDriver.getClass()" because "exceptionDriver" is null
	at org.openqa.selenium.support.ui.WebDriverWait.timeoutException(WebDriverWait.java:85)
	at org.openqa.selenium.support.ui.FluentWait.until(FluentWait.java:228)
	at Amazon1.AmazonHomeLoginPage.clickingReturnsAndOrders(AmazonHomeLoginPage.java:229)
	at Amazon1.TC_14_5StarRatingOnLastOrderProduct.givingRatingforLastOrder(TC_14_5StarRatingOnLastOrderProduct.java:31)
	at java.base/jdk.internal.reflect.NativeMethodAccessorImpl.invoke0(Native Method)
	at java.base/jdk.internal.reflect.NativeMethodAccessorImpl.invoke(NativeMethodAccessorImpl.java:77)
	at java.base/jdk.internal.reflect.DelegatingMethodAccessorImpl.invoke(DelegatingMethodAccessorImpl.java:43)
	at java.base/java.lang.reflect.Method.invoke(Method.java:568)
	at org.testng.internal.invokers.MethodInvocationHelper.invokeMethod(MethodInvocationHelper.java:141)
	at org.testng.internal.invokers.TestInvoker.invokeMethod(TestInvoker.java:686)
	at org.testng.internal.invokers.TestInvoker.invokeTestMethod(TestInvoker.java:230)
	at org.testng.internal.invokers.MethodRunner.runInSequence(MethodRunner.java:63)
	at org.testng.internal.invokers.TestInvoker$MethodInvocationAgent.invoke(TestInvoker.java:992)
	at org.testng.internal.invokers.TestInvoker.invokeTestMethods(TestInvoker.java:203)
	at org.testng.internal.invokers.TestMethodWorker.invokeTestMethods(TestMethodWorker.java:154)
	at org.testng.internal.invokers.TestMethodWorker.run(TestMethodWorker.java:134)
	at java.base/java.util.ArrayList.forEach(ArrayList.java:1511)
	at org.testng.TestRunner.privateRun(TestRunner.java:739)
	at org.testng.TestRunner.run(TestRunner.java:614)
	at org.testng.SuiteRunner.runTest(SuiteRunner.java:421)
	at org.testng.SuiteRunner.runSequentially(SuiteRunner.java:413)
	at org.testng.SuiteRunner.privateRun(SuiteRunner.java:373)
	at org.testng.SuiteRunner.run(SuiteRunner.java:312)
	at org.testng.SuiteRunnerWorker.runSuite(SuiteRunnerWorker.java:52)
	at org.testng.SuiteRunnerWorker.run(SuiteRunnerWorker.java:95)
	at org.testng.TestNG.runSuitesSequentially(TestNG.java:1274)
	at org.testng.TestNG.runSuitesLocally(TestNG.java:1208)
	at org.testng.TestNG.runSuites(TestNG.java:1112)
	at org.testng.TestNG.run(TestNG.java:1079)
	at org.apache.maven.surefire.testng.TestNGExecutor.run(TestNGExecutor.java:308)
	at org.apache.maven.surefire.testng.TestNGXmlTestSuite.execute(TestNGXmlTestSuite.java:71)
	at org.apache.maven.surefire.testng.TestNGProvider.invoke(TestNGProvider.java:113)
	at org.apache.maven.surefire.booter.ForkedBooter.runSuitesInProcess(ForkedBooter.java:385)
	at org.apache.maven.surefire.booter.ForkedBooter.execute(ForkedBooter.java:162)
	at org.apache.maven.surefire.booter.ForkedBooter.run(ForkedBooter.java:507)
	at org.apache.maven.surefire.booter.ForkedBooter.main(ForkedBooter.java:495)
]]></failure>
  </testcase>
  <testcase name="givingRatingforLastOrder[anujagaikwad86@gmail.com, anuja@89](2)" classname="Amazon1.TC_14_5StarRatingOnLastOrderProduct" time="33.067"/>
  <testcase name="GoingToCartwithoutLogin" classname="Amazon1.TC_15GoToCartWithOutLogin" time="24.926">
    <system-out><![CDATA[[[[ChromeDriver: chrome on windows (db5eaf69971091d802923941f956ccc3)] -> xpath: //img[@class="s-image"]], [[ChromeDriver: chrome on windows (db5eaf69971091d802923941f956ccc3)] -> xpath: //img[@class="s-image"]], [[ChromeDriver: chrome on windows (db5eaf69971091d802923941f956ccc3)] -> xpath: //img[@class="s-image"]], [[ChromeDriver: chrome on windows (db5eaf69971091d802923941f956ccc3)] -> xpath: //img[@class="s-image"]], [[ChromeDriver: chrome on windows (db5eaf69971091d802923941f956ccc3)] -> xpath: //img[@class="s-image"]], [[ChromeDriver: chrome on windows (db5eaf69971091d802923941f956ccc3)] -> xpath: //img[@class="s-image"]], [[ChromeDriver: chrome on windows (db5eaf69971091d802923941f956ccc3)] -> xpath: //img[@class="s-image"]], [[ChromeDriver: chrome on windows (db5eaf69971091d802923941f956ccc3)] -> xpath: //img[@class="s-image"]], [[ChromeDriver: chrome on windows (db5eaf69971091d802923941f956ccc3)] -> xpath: //img[@class="s-image"]], [[ChromeDriver: chrome on windows (db5eaf69971091d802923941f956ccc3)] -> xpath: //img[@class="s-image"]], [[ChromeDriver: chrome on windows (db5eaf69971091d802923941f956ccc3)] -> xpath: //img[@class="s-image"]], [[ChromeDriver: chrome on windows (db5eaf69971091d802923941f956ccc3)] -> xpath: //img[@class="s-image"]], [[ChromeDriver: chrome on windows (db5eaf69971091d802923941f956ccc3)] -> xpath: //img[@class="s-image"]], [[ChromeDriver: chrome on windows (db5eaf69971091d802923941f956ccc3)] -> xpath: //img[@class="s-image"]], [[ChromeDriver: chrome on windows (db5eaf69971091d802923941f956ccc3)] -> xpath: //img[@class="s-image"]], [[ChromeDriver: chrome on windows (db5eaf69971091d802923941f956ccc3)] -> xpath: //img[@class="s-image"]], [[ChromeDriver: chrome on windows (db5eaf69971091d802923941f956ccc3)] -> xpath: //img[@class="s-image"]], [[ChromeDriver: chrome on windows (db5eaf69971091d802923941f956ccc3)] -> xpath: //img[@class="s-image"]], [[ChromeDriver: chrome on windows (db5eaf69971091d802923941f956ccc3)] -> xpath: //img[@class="s-image"]], [[ChromeDriver: chrome on windows (db5eaf69971091d802923941f956ccc3)] -> xpath: //img[@class="s-image"]], [[ChromeDriver: chrome on windows (db5eaf69971091d802923941f956ccc3)] -> xpath: //img[@class="s-image"]], [[ChromeDriver: chrome on windows (db5eaf69971091d802923941f956ccc3)] -> xpath: //img[@class="s-image"]], [[ChromeDriver: chrome on windows (db5eaf69971091d802923941f956ccc3)] -> xpath: //img[@class="s-image"]], [[ChromeDriver: chrome on windows (db5eaf69971091d802923941f956ccc3)] -> xpath: //img[@class="s-image"]], [[ChromeDriver: chrome on windows (db5eaf69971091d802923941f956ccc3)] -> xpath: //img[@class="s-image"]], [[ChromeDriver: chrome on windows (db5eaf69971091d802923941f956ccc3)] -> xpath: //img[@class="s-image"]], [[ChromeDriver: chrome on windows (db5eaf69971091d802923941f956ccc3)] -> xpath: //img[@class="s-image"]], [[ChromeDriver: chrome on windows (db5eaf69971091d802923941f956ccc3)] -> xpath: //img[@class="s-image"]], [[ChromeDriver: chrome on windows (db5eaf69971091d802923941f956ccc3)] -> xpath: //img[@class="s-image"]], [[ChromeDriver: chrome on windows (db5eaf69971091d802923941f956ccc3)] -> xpath: //img[@class="s-image"]], [[ChromeDriver: chrome on windows (db5eaf69971091d802923941f956ccc3)] -> xpath: //img[@class="s-image"]], [[ChromeDriver: chrome on windows (db5eaf69971091d802923941f956ccc3)] -> xpath: //img[@class="s-image"]], [[ChromeDriver: chrome on windows (db5eaf69971091d802923941f956ccc3)] -> xpath: //img[@class="s-image"]], [[ChromeDriver: chrome on windows (db5eaf69971091d802923941f956ccc3)] -> xpath: //img[@class="s-image"]], [[ChromeDriver: chrome on windows (db5eaf69971091d802923941f956ccc3)] -> xpath: //img[@class="s-image"]], [[ChromeDriver: chrome on windows (db5eaf69971091d802923941f956ccc3)] -> xpath: //img[@class="s-image"]], [[ChromeDriver: chrome on windows (db5eaf69971091d802923941f956ccc3)] -> xpath: //img[@class="s-image"]], [[ChromeDriver: chrome on windows (db5eaf69971091d802923941f956ccc3)] -> xpath: //img[@class="s-image"]], [[ChromeDriver: chrome on windows (db5eaf69971091d802923941f956ccc3)] -> xpath: //img[@class="s-image"]], [[ChromeDriver: chrome on windows (db5eaf69971091d802923941f956ccc3)] -> xpath: //img[@class="s-image"]], [[ChromeDriver: chrome on windows (db5eaf69971091d802923941f956ccc3)] -> xpath: //img[@class="s-image"]], [[ChromeDriver: chrome on windows (db5eaf69971091d802923941f956ccc3)] -> xpath: //img[@class="s-image"]], [[ChromeDriver: chrome on windows (db5eaf69971091d802923941f956ccc3)] -> xpath: //img[@class="s-image"]], [[ChromeDriver: chrome on windows (db5eaf69971091d802923941f956ccc3)] -> xpath: //img[@class="s-image"]], [[ChromeDriver: chrome on windows (db5eaf69971091d802923941f956ccc3)] -> xpath: //img[@class="s-image"]], [[ChromeDriver: chrome on windows (db5eaf69971091d802923941f956ccc3)] -> xpath: //img[@class="s-image"]], [[ChromeDriver: chrome on windows (db5eaf69971091d802923941f956ccc3)] -> xpath: //img[@class="s-image"]], [[ChromeDriver: chrome on windows (db5eaf69971091d802923941f956ccc3)] -> xpath: //img[@class="s-image"]], [[ChromeDriver: chrome on windows (db5eaf69971091d802923941f956ccc3)] -> xpath: //img[@class="s-image"]], [[ChromeDriver: chrome on windows (db5eaf69971091d802923941f956ccc3)] -> xpath: //img[@class="s-image"]], [[ChromeDriver: chrome on windows (db5eaf69971091d802923941f956ccc3)] -> xpath: //img[@class="s-image"]], [[ChromeDriver: chrome on windows (db5eaf69971091d802923941f956ccc3)] -> xpath: //img[@class="s-image"]], [[ChromeDriver: chrome on windows (db5eaf69971091d802923941f956ccc3)] -> xpath: //img[@class="s-image"]], [[ChromeDriver: chrome on windows (db5eaf69971091d802923941f956ccc3)] -> xpath: //img[@class="s-image"]], [[ChromeDriver: chrome on windows (db5eaf69971091d802923941f956ccc3)] -> xpath: //img[@class="s-image"]], [[ChromeDriver: chrome on windows (db5eaf69971091d802923941f956ccc3)] -> xpath: //img[@class="s-image"]], [[ChromeDriver: chrome on windows (db5eaf69971091d802923941f956ccc3)] -> xpath: //img[@class="s-image"]], [[ChromeDriver: chrome on windows (db5eaf69971091d802923941f956ccc3)] -> xpath: //img[@class="s-image"]], [[ChromeDriver: chrome on windows (db5eaf69971091d802923941f956ccc3)] -> xpath: //img[@class="s-image"]], [[ChromeDriver: chrome on windows (db5eaf69971091d802923941f956ccc3)] -> xpath: //img[@class="s-image"]], [[ChromeDriver: chrome on windows (db5eaf69971091d802923941f956ccc3)] -> xpath: //img[@class="s-image"]], [[ChromeDriver: chrome on windows (db5eaf69971091d802923941f956ccc3)] -> xpath: //img[@class="s-image"]], [[ChromeDriver: chrome on windows (db5eaf69971091d802923941f956ccc3)] -> xpath: //img[@class="s-image"]], [[ChromeDriver: chrome on windows (db5eaf69971091d802923941f956ccc3)] -> xpath: //img[@class="s-image"]], [[ChromeDriver: chrome on windows (db5eaf69971091d802923941f956ccc3)] -> xpath: //img[@class="s-image"]], [[ChromeDriver: chrome on windows (db5eaf69971091d802923941f956ccc3)] -> xpath: //img[@class="s-image"]], [[ChromeDriver: chrome on windows (db5eaf69971091d802923941f956ccc3)] -> xpath: //img[@class="s-image"]], [[ChromeDriver: chrome on windows (db5eaf69971091d802923941f956ccc3)] -> xpath: //img[@class="s-image"]], [[ChromeDriver: chrome on windows (db5eaf69971091d802923941f956ccc3)] -> xpath: //img[@class="s-image"]], [[ChromeDriver: chrome on windows (db5eaf69971091d802923941f956ccc3)] -> xpath: //img[@class="s-image"]], [[ChromeDriver: chrome on windows (db5eaf69971091d802923941f956ccc3)] -> xpath: //img[@class="s-image"]], [[ChromeDriver: chrome on windows (db5eaf69971091d802923941f956ccc3)] -> xpath: //img[@class="s-image"]]]
]]></system-out>
  </testcase>
</testsuite>