<?xml version="1.0" encoding="UTF-8"?>
<testsuite xmlns:xsi="http://www.w3.org/2001/XMLSchema-instance" xsi:noNamespaceSchemaLocation="https://maven.apache.org/surefire/maven-surefire-plugin/xsd/surefire-test-report.xsd" version="3.0.2" name="TestSuite" time="511.155" tests="17" errors="0" skipped="2" failures="2">
  <properties>
    <property name="java.specification.version" value="17"/>
    <property name="sun.cpu.isalist" value="amd64"/>
    <property name="sun.jnu.encoding" value="Cp1252"/>
    <property name="java.class.path" value="C:\Users\ganesh\eclipse-workspace\AmazonProject1\target\test-classes;C:\Users\ganesh\eclipse-workspace\AmazonProject1\target\classes;C:\Users\ganesh\.m2\repository\org\seleniumhq\selenium\selenium-java\4.33.0\selenium-java-4.33.0.jar;C:\Users\ganesh\.m2\repository\org\seleniumhq\selenium\selenium-api\4.33.0\selenium-api-4.33.0.jar;C:\Users\ganesh\.m2\repository\org\jspecify\jspecify\1.0.0\jspecify-1.0.0.jar;C:\Users\ganesh\.m2\repository\org\seleniumhq\selenium\selenium-chrome-driver\4.33.0\selenium-chrome-driver-4.33.0.jar;C:\Users\ganesh\.m2\repository\com\google\auto\service\auto-service-annotations\1.1.1\auto-service-annotations-1.1.1.jar;C:\Users\ganesh\.m2\repository\org\seleniumhq\selenium\selenium-chromium-driver\4.33.0\selenium-chromium-driver-4.33.0.jar;C:\Users\ganesh\.m2\repository\org\seleniumhq\selenium\selenium-json\4.33.0\selenium-json-4.33.0.jar;C:\Users\ganesh\.m2\repository\org\seleniumhq\selenium\selenium-manager\4.33.0\selenium-manager-4.33.0.jar;C:\Users\ganesh\.m2\repository\org\seleniumhq\selenium\selenium-devtools-v135\4.33.0\selenium-devtools-v135-4.33.0.jar;C:\Users\ganesh\.m2\repository\org\seleniumhq\selenium\selenium-devtools-v136\4.33.0\selenium-devtools-v136-4.33.0.jar;C:\Users\ganesh\.m2\repository\org\seleniumhq\selenium\selenium-devtools-v137\4.33.0\selenium-devtools-v137-4.33.0.jar;C:\Users\ganesh\.m2\repository\org\seleniumhq\selenium\selenium-edge-driver\4.33.0\selenium-edge-driver-4.33.0.jar;C:\Users\ganesh\.m2\repository\org\seleniumhq\selenium\selenium-firefox-driver\4.33.0\selenium-firefox-driver-4.33.0.jar;C:\Users\ganesh\.m2\repository\org\seleniumhq\selenium\selenium-http\4.33.0\selenium-http-4.33.0.jar;C:\Users\ganesh\.m2\repository\org\seleniumhq\selenium\selenium-ie-driver\4.33.0\selenium-ie-driver-4.33.0.jar;C:\Users\ganesh\.m2\repository\org\seleniumhq\selenium\selenium-remote-driver\4.33.0\selenium-remote-driver-4.33.0.jar;C:\Users\ganesh\.m2\repository\com\google\guava\guava\33.4.8-jre\guava-33.4.8-jre.jar;C:\Users\ganesh\.m2\repository\com\google\guava\failureaccess\1.0.3\failureaccess-1.0.3.jar;C:\Users\ganesh\.m2\repository\com\google\guava\listenablefuture\9999.0-empty-to-avoid-conflict-with-guava\listenablefuture-9999.0-empty-to-avoid-conflict-with-guava.jar;C:\Users\ganesh\.m2\repository\com\google\errorprone\error_prone_annotations\2.36.0\error_prone_annotations-2.36.0.jar;C:\Users\ganesh\.m2\repository\com\google\j2objc\j2objc-annotations\3.0.0\j2objc-annotations-3.0.0.jar;C:\Users\ganesh\.m2\repository\io\opentelemetry\opentelemetry-api\1.50.0\opentelemetry-api-1.50.0.jar;C:\Users\ganesh\.m2\repository\io\opentelemetry\opentelemetry-context\1.50.0\opentelemetry-context-1.50.0.jar;C:\Users\ganesh\.m2\repository\io\opentelemetry\opentelemetry-exporter-logging\1.50.0\opentelemetry-exporter-logging-1.50.0.jar;C:\Users\ganesh\.m2\repository\io\opentelemetry\opentelemetry-sdk-common\1.50.0\opentelemetry-sdk-common-1.50.0.jar;C:\Users\ganesh\.m2\repository\io\opentelemetry\opentelemetry-sdk-extension-autoconfigure-spi\1.50.0\opentelemetry-sdk-extension-autoconfigure-spi-1.50.0.jar;C:\Users\ganesh\.m2\repository\io\opentelemetry\opentelemetry-sdk-extension-autoconfigure\1.50.0\opentelemetry-sdk-extension-autoconfigure-1.50.0.jar;C:\Users\ganesh\.m2\repository\io\opentelemetry\opentelemetry-sdk-trace\1.50.0\opentelemetry-sdk-trace-1.50.0.jar;C:\Users\ganesh\.m2\repository\io\opentelemetry\opentelemetry-sdk\1.50.0\opentelemetry-sdk-1.50.0.jar;C:\Users\ganesh\.m2\repository\io\opentelemetry\opentelemetry-sdk-metrics\1.50.0\opentelemetry-sdk-metrics-1.50.0.jar;C:\Users\ganesh\.m2\repository\io\opentelemetry\opentelemetry-sdk-logs\1.50.0\opentelemetry-sdk-logs-1.50.0.jar;C:\Users\ganesh\.m2\repository\net\bytebuddy\byte-buddy\1.17.5\byte-buddy-1.17.5.jar;C:\Users\ganesh\.m2\repository\org\seleniumhq\selenium\selenium-os\4.33.0\selenium-os-4.33.0.jar;C:\Users\ganesh\.m2\repository\org\apache\commons\commons-exec\1.4.0\commons-exec-1.4.0.jar;C:\Users\ganesh\.m2\repository\org\seleniumhq\selenium\selenium-safari-driver\4.33.0\selenium-safari-driver-4.33.0.jar;C:\Users\ganesh\.m2\repository\org\seleniumhq\selenium\selenium-support\4.33.0\selenium-support-4.33.0.jar;C:\Users\ganesh\.m2\repository\org\testng\testng\7.10.2\testng-7.10.2.jar;C:\Users\ganesh\.m2\repository\org\slf4j\slf4j-api\1.7.36\slf4j-api-1.7.36.jar;C:\Users\ganesh\.m2\repository\com\beust\jcommander\1.82\jcommander-1.82.jar;C:\Users\ganesh\.m2\repository\org\webjars\jquery\3.7.1\jquery-3.7.1.jar;C:\Users\ganesh\.m2\repository\org\apache\poi\poi\5.2.5\poi-5.2.5.jar;C:\Users\ganesh\.m2\repository\commons-codec\commons-codec\1.16.0\commons-codec-1.16.0.jar;C:\Users\ganesh\.m2\repository\org\apache\commons\commons-collections4\4.4\commons-collections4-4.4.jar;C:\Users\ganesh\.m2\repository\org\apache\commons\commons-math3\3.6.1\commons-math3-3.6.1.jar;C:\Users\ganesh\.m2\repository\commons-io\commons-io\2.15.0\commons-io-2.15.0.jar;C:\Users\ganesh\.m2\repository\com\zaxxer\SparseBitSet\1.3\SparseBitSet-1.3.jar;C:\Users\ganesh\.m2\repository\org\apache\logging\log4j\log4j-api\2.21.1\log4j-api-2.21.1.jar;C:\Users\ganesh\.m2\repository\org\apache\poi\poi-ooxml\5.2.5\poi-ooxml-5.2.5.jar;C:\Users\ganesh\.m2\repository\org\apache\poi\poi-ooxml-lite\5.2.5\poi-ooxml-lite-5.2.5.jar;C:\Users\ganesh\.m2\repository\org\apache\xmlbeans\xmlbeans\5.2.0\xmlbeans-5.2.0.jar;C:\Users\ganesh\.m2\repository\org\apache\commons\commons-compress\1.25.0\commons-compress-1.25.0.jar;C:\Users\ganesh\.m2\repository\com\github\virtuald\curvesapi\1.08\curvesapi-1.08.jar;C:\Users\ganesh\.m2\repository\org\apache\poi\poi-ooxml-schemas\4.1.2\poi-ooxml-schemas-4.1.2.jar;"/>
    <property name="java.vm.vendor" value="Oracle Corporation"/>
    <property name="sun.arch.data.model" value="64"/>
    <property name="user.variant" value=""/>
    <property name="java.vendor.url" value="https://java.oracle.com/"/>
    <property name="user.timezone" value="America/New_York"/>
    <property name="os.name" value="Windows 11"/>
    <property name="java.vm.specification.version" value="17"/>
    <property name="sun.java.launcher" value="SUN_STANDARD"/>
    <property name="user.country" value="US"/>
    <property name="sun.boot.library.path" value="C:\Program Files\Java\jdk-17\bin"/>
    <property name="sun.java.command" value="C:\Users\ganesh\AppData\Local\Temp\surefire2178115094413603941\surefirebooter-20250622130001779_3.jar C:\Users\ganesh\AppData\Local\Temp\surefire2178115094413603941 2025-06-22T13-00-01_571-jvmRun1 surefire-20250622130001779_1tmp surefire_0-20250622130001779_2tmp"/>
    <property name="jdk.debug" value="release"/>
    <property name="surefire.test.class.path" value="C:\Users\ganesh\eclipse-workspace\AmazonProject1\target\test-classes;C:\Users\ganesh\eclipse-workspace\AmazonProject1\target\classes;C:\Users\ganesh\.m2\repository\org\seleniumhq\selenium\selenium-java\4.33.0\selenium-java-4.33.0.jar;C:\Users\ganesh\.m2\repository\org\seleniumhq\selenium\selenium-api\4.33.0\selenium-api-4.33.0.jar;C:\Users\ganesh\.m2\repository\org\jspecify\jspecify\1.0.0\jspecify-1.0.0.jar;C:\Users\ganesh\.m2\repository\org\seleniumhq\selenium\selenium-chrome-driver\4.33.0\selenium-chrome-driver-4.33.0.jar;C:\Users\ganesh\.m2\repository\com\google\auto\service\auto-service-annotations\1.1.1\auto-service-annotations-1.1.1.jar;C:\Users\ganesh\.m2\repository\org\seleniumhq\selenium\selenium-chromium-driver\4.33.0\selenium-chromium-driver-4.33.0.jar;C:\Users\ganesh\.m2\repository\org\seleniumhq\selenium\selenium-json\4.33.0\selenium-json-4.33.0.jar;C:\Users\ganesh\.m2\repository\org\seleniumhq\selenium\selenium-manager\4.33.0\selenium-manager-4.33.0.jar;C:\Users\ganesh\.m2\repository\org\seleniumhq\selenium\selenium-devtools-v135\4.33.0\selenium-devtools-v135-4.33.0.jar;C:\Users\ganesh\.m2\repository\org\seleniumhq\selenium\selenium-devtools-v136\4.33.0\selenium-devtools-v136-4.33.0.jar;C:\Users\ganesh\.m2\repository\org\seleniumhq\selenium\selenium-devtools-v137\4.33.0\selenium-devtools-v137-4.33.0.jar;C:\Users\ganesh\.m2\repository\org\seleniumhq\selenium\selenium-edge-driver\4.33.0\selenium-edge-driver-4.33.0.jar;C:\Users\ganesh\.m2\repository\org\seleniumhq\selenium\selenium-firefox-driver\4.33.0\selenium-firefox-driver-4.33.0.jar;C:\Users\ganesh\.m2\repository\org\seleniumhq\selenium\selenium-http\4.33.0\selenium-http-4.33.0.jar;C:\Users\ganesh\.m2\repository\org\seleniumhq\selenium\selenium-ie-driver\4.33.0\selenium-ie-driver-4.33.0.jar;C:\Users\ganesh\.m2\repository\org\seleniumhq\selenium\selenium-remote-driver\4.33.0\selenium-remote-driver-4.33.0.jar;C:\Users\ganesh\.m2\repository\com\google\guava\guava\33.4.8-jre\guava-33.4.8-jre.jar;C:\Users\ganesh\.m2\repository\com\google\guava\failureaccess\1.0.3\failureaccess-1.0.3.jar;C:\Users\ganesh\.m2\repository\com\google\guava\listenablefuture\9999.0-empty-to-avoid-conflict-with-guava\listenablefuture-9999.0-empty-to-avoid-conflict-with-guava.jar;C:\Users\ganesh\.m2\repository\com\google\errorprone\error_prone_annotations\2.36.0\error_prone_annotations-2.36.0.jar;C:\Users\ganesh\.m2\repository\com\google\j2objc\j2objc-annotations\3.0.0\j2objc-annotations-3.0.0.jar;C:\Users\ganesh\.m2\repository\io\opentelemetry\opentelemetry-api\1.50.0\opentelemetry-api-1.50.0.jar;C:\Users\ganesh\.m2\repository\io\opentelemetry\opentelemetry-context\1.50.0\opentelemetry-context-1.50.0.jar;C:\Users\ganesh\.m2\repository\io\opentelemetry\opentelemetry-exporter-logging\1.50.0\opentelemetry-exporter-logging-1.50.0.jar;C:\Users\ganesh\.m2\repository\io\opentelemetry\opentelemetry-sdk-common\1.50.0\opentelemetry-sdk-common-1.50.0.jar;C:\Users\ganesh\.m2\repository\io\opentelemetry\opentelemetry-sdk-extension-autoconfigure-spi\1.50.0\opentelemetry-sdk-extension-autoconfigure-spi-1.50.0.jar;C:\Users\ganesh\.m2\repository\io\opentelemetry\opentelemetry-sdk-extension-autoconfigure\1.50.0\opentelemetry-sdk-extension-autoconfigure-1.50.0.jar;C:\Users\ganesh\.m2\repository\io\opentelemetry\opentelemetry-sdk-trace\1.50.0\opentelemetry-sdk-trace-1.50.0.jar;C:\Users\ganesh\.m2\repository\io\opentelemetry\opentelemetry-sdk\1.50.0\opentelemetry-sdk-1.50.0.jar;C:\Users\ganesh\.m2\repository\io\opentelemetry\opentelemetry-sdk-metrics\1.50.0\opentelemetry-sdk-metrics-1.50.0.jar;C:\Users\ganesh\.m2\repository\io\opentelemetry\opentelemetry-sdk-logs\1.50.0\opentelemetry-sdk-logs-1.50.0.jar;C:\Users\ganesh\.m2\repository\net\bytebuddy\byte-buddy\1.17.5\byte-buddy-1.17.5.jar;C:\Users\ganesh\.m2\repository\org\seleniumhq\selenium\selenium-os\4.33.0\selenium-os-4.33.0.jar;C:\Users\ganesh\.m2\repository\org\apache\commons\commons-exec\1.4.0\commons-exec-1.4.0.jar;C:\Users\ganesh\.m2\repository\org\seleniumhq\selenium\selenium-safari-driver\4.33.0\selenium-safari-driver-4.33.0.jar;C:\Users\ganesh\.m2\repository\org\seleniumhq\selenium\selenium-support\4.33.0\selenium-support-4.33.0.jar;C:\Users\ganesh\.m2\repository\org\testng\testng\7.10.2\testng-7.10.2.jar;C:\Users\ganesh\.m2\repository\org\slf4j\slf4j-api\1.7.36\slf4j-api-1.7.36.jar;C:\Users\ganesh\.m2\repository\com\beust\jcommander\1.82\jcommander-1.82.jar;C:\Users\ganesh\.m2\repository\org\webjars\jquery\3.7.1\jquery-3.7.1.jar;C:\Users\ganesh\.m2\repository\org\apache\poi\poi\5.2.5\poi-5.2.5.jar;C:\Users\ganesh\.m2\repository\commons-codec\commons-codec\1.16.0\commons-codec-1.16.0.jar;C:\Users\ganesh\.m2\repository\org\apache\commons\commons-collections4\4.4\commons-collections4-4.4.jar;C:\Users\ganesh\.m2\repository\org\apache\commons\commons-math3\3.6.1\commons-math3-3.6.1.jar;C:\Users\ganesh\.m2\repository\commons-io\commons-io\2.15.0\commons-io-2.15.0.jar;C:\Users\ganesh\.m2\repository\com\zaxxer\SparseBitSet\1.3\SparseBitSet-1.3.jar;C:\Users\ganesh\.m2\repository\org\apache\logging\log4j\log4j-api\2.21.1\log4j-api-2.21.1.jar;C:\Users\ganesh\.m2\repository\org\apache\poi\poi-ooxml\5.2.5\poi-ooxml-5.2.5.jar;C:\Users\ganesh\.m2\repository\org\apache\poi\poi-ooxml-lite\5.2.5\poi-ooxml-lite-5.2.5.jar;C:\Users\ganesh\.m2\repository\org\apache\xmlbeans\xmlbeans\5.2.0\xmlbeans-5.2.0.jar;C:\Users\ganesh\.m2\repository\org\apache\commons\commons-compress\1.25.0\commons-compress-1.25.0.jar;C:\Users\ganesh\.m2\repository\com\github\virtuald\curvesapi\1.08\curvesapi-1.08.jar;C:\Users\ganesh\.m2\repository\org\apache\poi\poi-ooxml-schemas\4.1.2\poi-ooxml-schemas-4.1.2.jar;"/>
    <property name="sun.cpu.endian" value="little"/>
    <property name="user.home" value="C:\Users\ganesh"/>
    <property name="user.language" value="en"/>
    <property name="java.specification.vendor" value="Oracle Corporation"/>
    <property name="java.version.date" value="2024-07-16"/>
    <property name="java.home" value="C:\Program Files\Java\jdk-17"/>
    <property name="file.separator" value="\"/>
    <property name="style.color" value="always"/>
    <property name="basedir" value="C:\Users\ganesh\eclipse-workspace\AmazonProject1"/>
    <property name="java.vm.compressedOopsMode" value="32-bit"/>
    <property name="line.separator" value="&#10;"/>
    <property name="java.vm.specification.vendor" value="Oracle Corporation"/>
    <property name="java.specification.name" value="Java Platform API Specification"/>
    <property name="surefire.real.class.path" value="C:\Users\ganesh\AppData\Local\Temp\surefire2178115094413603941\surefirebooter-20250622130001779_3.jar"/>
    <property name="user.script" value=""/>
    <property name="sun.management.compiler" value="HotSpot 64-Bit Tiered Compilers"/>
    <property name="java.runtime.version" value="17.0.12+8-LTS-286"/>
    <property name="user.name" value="ganesh"/>
    <property name="path.separator" value=";"/>
    <property name="os.version" value="10.0"/>
    <property name="java.runtime.name" value="Java(TM) SE Runtime Environment"/>
    <property name="file.encoding" value="Cp1252"/>
    <property name="java.vm.name" value="Java HotSpot(TM) 64-Bit Server VM"/>
    <property name="localRepository" value="C:\Users\ganesh\.m2\repository"/>
    <property name="java.vendor.url.bug" value="https://bugreport.java.com/bugreport/"/>
    <property name="java.io.tmpdir" value="C:\Users\ganesh\AppData\Local\Temp\"/>
    <property name="java.version" value="17.0.12"/>
    <property name="user.dir" value="C:\Users\ganesh\eclipse-workspace\AmazonProject1"/>
    <property name="os.arch" value="amd64"/>
    <property name="java.vm.specification.name" value="Java Virtual Machine Specification"/>
    <property name="sun.os.patch.level" value=""/>
    <property name="native.encoding" value="Cp1252"/>
    <property name="java.library.path" value="C:\Program Files\Java\jdk-17\bin;C:\WINDOWS\Sun\Java\bin;C:\WINDOWS\system32;C:\WINDOWS;C:/Users/ganesh/.p2/pool/plugins/org.eclipse.justj.openjdk.hotspot.jre.full.win32.x86_64_23.0.2.v20250131-0604/jre/bin/server;C:/Users/ganesh/.p2/pool/plugins/org.eclipse.justj.openjdk.hotspot.jre.full.win32.x86_64_23.0.2.v20250131-0604/jre/bin;C:\Program Files\Common Files\Oracle\Java\javapath;C:\WINDOWS\system32;C:\WINDOWS;C:\WINDOWS\System32\Wbem;C:\WINDOWS\System32\WindowsPowerShell\v1.0\;C:\WINDOWS\System32\OpenSSH\;C:\Program Files\dotnet\;C:\Program Files\Git\cmd;C:\Users\ganesh\AppData\Local\Microsoft\WindowsApps;;C:\Users\ganesh\OneDrive\Desktop\Anuja Grotech;;."/>
    <property name="java.vm.info" value="mixed mode, sharing"/>
    <property name="java.vendor" value="Oracle Corporation"/>
    <property name="java.vm.version" value="17.0.12+8-LTS-286"/>
    <property name="sun.io.unicode.encoding" value="UnicodeLittle"/>
    <property name="java.class.version" value="61.0"/>
  </properties>
  <testcase name="registration" classname="Amazon1.TC_1AmazonRegistration" time="1.589">
    <failure message="&#10;[public void Amazon1.TC_1AmazonRegistration.registration(java.lang.String,java.lang.String,java.lang.String,java.lang.String) throws java.lang.InterruptedException] has no parameters defined but was found to be using a data provider (either explicitly specified or inherited from class level annotation).&#10;Data provider mismatch&#10;Method: registration([java.lang.String arg0, java.lang.String arg1, java.lang.String arg2, java.lang.String arg3])&#10;Arguments: [(java.lang.String) ,(java.lang.String) 0,(java.lang.String) ]" type="org.testng.internal.reflect.MethodMatcherException"><![CDATA[org.testng.internal.reflect.MethodMatcherException: 

[public void Amazon1.TC_1AmazonRegistration.registration(java.lang.String,java.lang.String,java.lang.String,java.lang.String) throws java.lang.InterruptedException] has no parameters defined but was found to be using a data provider (either explicitly specified or inherited from class level annotation).
Data provider mismatch
Method: registration([java.lang.String arg0, java.lang.String arg1, java.lang.String arg2, java.lang.String arg3])
Arguments: [(java.lang.String) ,(java.lang.String) 0,(java.lang.String) ]
	at org.testng.internal.reflect.DataProviderMethodMatcher.getConformingArguments(DataProviderMethodMatcher.java:46)
	at org.testng.internal.Parameters.injectParameters(Parameters.java:915)
	at org.testng.internal.invokers.MethodRunner.runInSequence(MethodRunner.java:50)
	at org.testng.internal.invokers.TestInvoker$MethodInvocationAgent.invoke(TestInvoker.java:992)
	at org.testng.internal.invokers.TestInvoker.invokeTestMethods(TestInvoker.java:203)
	at org.testng.internal.invokers.TestMethodWorker.invokeTestMethods(TestMethodWorker.java:154)
	at org.testng.internal.invokers.TestMethodWorker.run(TestMethodWorker.java:134)
	at java.base/java.util.concurrent.Executors$RunnableAdapter.call(Executors.java:539)
	at java.base/java.util.concurrent.FutureTask.run(FutureTask.java:264)
	at org.testng.internal.thread.graph.TestNGFutureTask.run(TestNGFutureTask.java:22)
	at java.base/java.util.concurrent.ThreadPoolExecutor.runWorker(ThreadPoolExecutor.java:1136)
	at java.base/java.util.concurrent.ThreadPoolExecutor$Worker.run(ThreadPoolExecutor.java:635)
	at java.base/java.lang.Thread.run(Thread.java:842)
]]></failure>
    <system-err><![CDATA[SLF4J: Failed to load class "org.slf4j.impl.StaticLoggerBinder".
SLF4J: Defaulting to no-operation (NOP) logger implementation
SLF4J: See http://www.slf4j.org/codes.html#StaticLoggerBinder for further details.
ERROR StatusLogger Log4j2 could not find a logging implementation. Please add log4j-core to the classpath. Using SimpleLogger to log to the console...
]]></system-err>
  </testcase>
  <testcase name="loginWithInvalidEmail[anujagaikwad86@gmail.com, anuja@89](1)" classname="Amazon1.TC_3AmazonLoginFail" time="0.0">
    <skipped message="Cannot invoke &quot;org.openqa.selenium.WebDriver.getClass()&quot; because &quot;exceptionDriver&quot; is null"/>
  </testcase>
  <testcase name="loginWithInvalidEmail[anujagaikwad86@gmail.com, anuja@89](2)" classname="Amazon1.TC_3AmazonLoginFail" time="0.0">
    <skipped message="Cannot invoke &quot;org.openqa.selenium.WebDriver.getClass()&quot; because &quot;exceptionDriver&quot; is null"/>
  </testcase>
  <testcase name="loginWithInvalidEmail[anujagaikwad86@gmail.com, anuja@89](3)" classname="Amazon1.TC_3AmazonLoginFail" time="2.706">
    <failure message="Cannot invoke &quot;org.openqa.selenium.WebDriver.getClass()&quot; because &quot;exceptionDriver&quot; is null" type="java.lang.NullPointerException"><![CDATA[java.lang.NullPointerException: Cannot invoke "org.openqa.selenium.WebDriver.getClass()" because "exceptionDriver" is null
	at org.openqa.selenium.support.ui.WebDriverWait.timeoutException(WebDriverWait.java:85)
	at org.openqa.selenium.support.ui.FluentWait.until(FluentWait.java:228)
	at Amazon1.AmazonHomeLoginPage.verifyAccountInvalid(AmazonHomeLoginPage.java:189)
	at Amazon1.TC_3AmazonLoginFail.loginWithInvalidEmail(TC_3AmazonLoginFail.java:30)
	at java.base/jdk.internal.reflect.NativeMethodAccessorImpl.invoke0(Native Method)
	at java.base/jdk.internal.reflect.NativeMethodAccessorImpl.invoke(NativeMethodAccessorImpl.java:77)
	at java.base/jdk.internal.reflect.DelegatingMethodAccessorImpl.invoke(DelegatingMethodAccessorImpl.java:43)
	at java.base/java.lang.reflect.Method.invoke(Method.java:568)
	at org.testng.internal.invokers.MethodInvocationHelper.invokeMethod(MethodInvocationHelper.java:141)
	at org.testng.internal.invokers.TestInvoker.invokeMethod(TestInvoker.java:686)
	at org.testng.internal.invokers.TestInvoker.retryFailed(TestInvoker.java:269)
	at org.testng.internal.invokers.MethodRunner.runInSequence(MethodRunner.java:76)
	at org.testng.internal.invokers.TestInvoker$MethodInvocationAgent.invoke(TestInvoker.java:992)
	at org.testng.internal.invokers.TestInvoker.invokeTestMethods(TestInvoker.java:203)
	at org.testng.internal.invokers.TestMethodWorker.invokeTestMethods(TestMethodWorker.java:154)
	at org.testng.internal.invokers.TestMethodWorker.run(TestMethodWorker.java:134)
	at java.base/java.util.concurrent.Executors$RunnableAdapter.call(Executors.java:539)
	at java.base/java.util.concurrent.FutureTask.run(FutureTask.java:264)
	at org.testng.internal.thread.graph.TestNGFutureTask.run(TestNGFutureTask.java:22)
	at java.base/java.util.concurrent.ThreadPoolExecutor.runWorker(ThreadPoolExecutor.java:1136)
	at java.base/java.util.concurrent.ThreadPoolExecutor$Worker.run(ThreadPoolExecutor.java:635)
	at java.base/java.lang.Thread.run(Thread.java:842)
]]></failure>
  </testcase>
  <testcase name="loginwithDDT[, ](1)" classname="Amazon1.TC_2AmazonLogin" time="20.967"/>
  <testcase name="loginwithDDT[, ](1)" classname="Amazon1.TC_5AmazonSearchProduct" time="3.218"/>
  <testcase name="applyingFilters[, ](1)" classname="Amazon1.TC_6Filters" time="46.763"/>
  <testcase name="loginwithDDT[, ](1)" classname="Amazon1.TC_4EditYourProfile" time="49.778"/>
  <testcase name="loginwithDDT[, ](1)" classname="Amazon1.TC_7ProductPageInfo" time="61.494">
    <system-out><![CDATA[[]
]]></system-out>
  </testcase>
  <testcase name="loginwithDDT[, ](1)" classname="Amazon1.TC_8ProductSort" time="32.805"/>
  <testcase name="loginwithDDT[, ](1)" classname="Amazon1.TC_9AddToCart" time="38.682">
    <system-out><![CDATA[[]
[]
[]
]]></system-out>
  </testcase>
  <testcase name="addRemoveproduct[, ](1)" classname="Amazon1.TC_10ItemUpdateRemove" time="49.837">
    <system-out><![CDATA[[]
]]></system-out>
  </testcase>
  <testcase name="selectingAddressPaymentMethod[, ](1)" classname="Amazon1.TC_11Checkout_AddressSelection" time="19.222">
    <system-out><![CDATA[[[[ChromeDriver: chrome on windows (de633b6bf771173dc2a639e808dcffc6)] -> xpath: //img[@class="s-image"]], [[ChromeDriver: chrome on windows (de633b6bf771173dc2a639e808dcffc6)] -> xpath: //img[@class="s-image"]], [[ChromeDriver: chrome on windows (de633b6bf771173dc2a639e808dcffc6)] -> xpath: //img[@class="s-image"]], [[ChromeDriver: chrome on windows (de633b6bf771173dc2a639e808dcffc6)] -> xpath: //img[@class="s-image"]], [[ChromeDriver: chrome on windows (de633b6bf771173dc2a639e808dcffc6)] -> xpath: //img[@class="s-image"]], [[ChromeDriver: chrome on windows (de633b6bf771173dc2a639e808dcffc6)] -> xpath: //img[@class="s-image"]], [[ChromeDriver: chrome on windows (de633b6bf771173dc2a639e808dcffc6)] -> xpath: //img[@class="s-image"]], [[ChromeDriver: chrome on windows (de633b6bf771173dc2a639e808dcffc6)] -> xpath: //img[@class="s-image"]], [[ChromeDriver: chrome on windows (de633b6bf771173dc2a639e808dcffc6)] -> xpath: //img[@class="s-image"]], [[ChromeDriver: chrome on windows (de633b6bf771173dc2a639e808dcffc6)] -> xpath: //img[@class="s-image"]], [[ChromeDriver: chrome on windows (de633b6bf771173dc2a639e808dcffc6)] -> xpath: //img[@class="s-image"]], [[ChromeDriver: chrome on windows (de633b6bf771173dc2a639e808dcffc6)] -> xpath: //img[@class="s-image"]], [[ChromeDriver: chrome on windows (de633b6bf771173dc2a639e808dcffc6)] -> xpath: //img[@class="s-image"]], [[ChromeDriver: chrome on windows (de633b6bf771173dc2a639e808dcffc6)] -> xpath: //img[@class="s-image"]], [[ChromeDriver: chrome on windows (de633b6bf771173dc2a639e808dcffc6)] -> xpath: //img[@class="s-image"]], [[ChromeDriver: chrome on windows (de633b6bf771173dc2a639e808dcffc6)] -> xpath: //img[@class="s-image"]], [[ChromeDriver: chrome on windows (de633b6bf771173dc2a639e808dcffc6)] -> xpath: //img[@class="s-image"]], [[ChromeDriver: chrome on windows (de633b6bf771173dc2a639e808dcffc6)] -> xpath: //img[@class="s-image"]], [[ChromeDriver: chrome on windows (de633b6bf771173dc2a639e808dcffc6)] -> xpath: //img[@class="s-image"]], [[ChromeDriver: chrome on windows (de633b6bf771173dc2a639e808dcffc6)] -> xpath: //img[@class="s-image"]], [[ChromeDriver: chrome on windows (de633b6bf771173dc2a639e808dcffc6)] -> xpath: //img[@class="s-image"]], [[ChromeDriver: chrome on windows (de633b6bf771173dc2a639e808dcffc6)] -> xpath: //img[@class="s-image"]], [[ChromeDriver: chrome on windows (de633b6bf771173dc2a639e808dcffc6)] -> xpath: //img[@class="s-image"]], [[ChromeDriver: chrome on windows (de633b6bf771173dc2a639e808dcffc6)] -> xpath: //img[@class="s-image"]], [[ChromeDriver: chrome on windows (de633b6bf771173dc2a639e808dcffc6)] -> xpath: //img[@class="s-image"]], [[ChromeDriver: chrome on windows (de633b6bf771173dc2a639e808dcffc6)] -> xpath: //img[@class="s-image"]], [[ChromeDriver: chrome on windows (de633b6bf771173dc2a639e808dcffc6)] -> xpath: //img[@class="s-image"]], [[ChromeDriver: chrome on windows (de633b6bf771173dc2a639e808dcffc6)] -> xpath: //img[@class="s-image"]], [[ChromeDriver: chrome on windows (de633b6bf771173dc2a639e808dcffc6)] -> xpath: //img[@class="s-image"]], [[ChromeDriver: chrome on windows (de633b6bf771173dc2a639e808dcffc6)] -> xpath: //img[@class="s-image"]], [[ChromeDriver: chrome on windows (de633b6bf771173dc2a639e808dcffc6)] -> xpath: //img[@class="s-image"]], [[ChromeDriver: chrome on windows (de633b6bf771173dc2a639e808dcffc6)] -> xpath: //img[@class="s-image"]], [[ChromeDriver: chrome on windows (de633b6bf771173dc2a639e808dcffc6)] -> xpath: //img[@class="s-image"]], [[ChromeDriver: chrome on windows (de633b6bf771173dc2a639e808dcffc6)] -> xpath: //img[@class="s-image"]], [[ChromeDriver: chrome on windows (de633b6bf771173dc2a639e808dcffc6)] -> xpath: //img[@class="s-image"]], [[ChromeDriver: chrome on windows (de633b6bf771173dc2a639e808dcffc6)] -> xpath: //img[@class="s-image"]], [[ChromeDriver: chrome on windows (de633b6bf771173dc2a639e808dcffc6)] -> xpath: //img[@class="s-image"]], [[ChromeDriver: chrome on windows (de633b6bf771173dc2a639e808dcffc6)] -> xpath: //img[@class="s-image"]], [[ChromeDriver: chrome on windows (de633b6bf771173dc2a639e808dcffc6)] -> xpath: //img[@class="s-image"]], [[ChromeDriver: chrome on windows (de633b6bf771173dc2a639e808dcffc6)] -> xpath: //img[@class="s-image"]], [[ChromeDriver: chrome on windows (de633b6bf771173dc2a639e808dcffc6)] -> xpath: //img[@class="s-image"]], [[ChromeDriver: chrome on windows (de633b6bf771173dc2a639e808dcffc6)] -> xpath: //img[@class="s-image"]], [[ChromeDriver: chrome on windows (de633b6bf771173dc2a639e808dcffc6)] -> xpath: //img[@class="s-image"]], [[ChromeDriver: chrome on windows (de633b6bf771173dc2a639e808dcffc6)] -> xpath: //img[@class="s-image"]], [[ChromeDriver: chrome on windows (de633b6bf771173dc2a639e808dcffc6)] -> xpath: //img[@class="s-image"]], [[ChromeDriver: chrome on windows (de633b6bf771173dc2a639e808dcffc6)] -> xpath: //img[@class="s-image"]], [[ChromeDriver: chrome on windows (de633b6bf771173dc2a639e808dcffc6)] -> xpath: //img[@class="s-image"]], [[ChromeDriver: chrome on windows (de633b6bf771173dc2a639e808dcffc6)] -> xpath: //img[@class="s-image"]], [[ChromeDriver: chrome on windows (de633b6bf771173dc2a639e808dcffc6)] -> xpath: //img[@class="s-image"]], [[ChromeDriver: chrome on windows (de633b6bf771173dc2a639e808dcffc6)] -> xpath: //img[@class="s-image"]], [[ChromeDriver: chrome on windows (de633b6bf771173dc2a639e808dcffc6)] -> xpath: //img[@class="s-image"]], [[ChromeDriver: chrome on windows (de633b6bf771173dc2a639e808dcffc6)] -> xpath: //img[@class="s-image"]], [[ChromeDriver: chrome on windows (de633b6bf771173dc2a639e808dcffc6)] -> xpath: //img[@class="s-image"]], [[ChromeDriver: chrome on windows (de633b6bf771173dc2a639e808dcffc6)] -> xpath: //img[@class="s-image"]], [[ChromeDriver: chrome on windows (de633b6bf771173dc2a639e808dcffc6)] -> xpath: //img[@class="s-image"]], [[ChromeDriver: chrome on windows (de633b6bf771173dc2a639e808dcffc6)] -> xpath: //img[@class="s-image"]], [[ChromeDriver: chrome on windows (de633b6bf771173dc2a639e808dcffc6)] -> xpath: //img[@class="s-image"]], [[ChromeDriver: chrome on windows (de633b6bf771173dc2a639e808dcffc6)] -> xpath: //img[@class="s-image"]], [[ChromeDriver: chrome on windows (de633b6bf771173dc2a639e808dcffc6)] -> xpath: //img[@class="s-image"]], [[ChromeDriver: chrome on windows (de633b6bf771173dc2a639e808dcffc6)] -> xpath: //img[@class="s-image"]], [[ChromeDriver: chrome on windows (de633b6bf771173dc2a639e808dcffc6)] -> xpath: //img[@class="s-image"]], [[ChromeDriver: chrome on windows (de633b6bf771173dc2a639e808dcffc6)] -> xpath: //img[@class="s-image"]], [[ChromeDriver: chrome on windows (de633b6bf771173dc2a639e808dcffc6)] -> xpath: //img[@class="s-image"]], [[ChromeDriver: chrome on windows (de633b6bf771173dc2a639e808dcffc6)] -> xpath: //img[@class="s-image"]], [[ChromeDriver: chrome on windows (de633b6bf771173dc2a639e808dcffc6)] -> xpath: //img[@class="s-image"]], [[ChromeDriver: chrome on windows (de633b6bf771173dc2a639e808dcffc6)] -> xpath: //img[@class="s-image"]], [[ChromeDriver: chrome on windows (de633b6bf771173dc2a639e808dcffc6)] -> xpath: //img[@class="s-image"]], [[ChromeDriver: chrome on windows (de633b6bf771173dc2a639e808dcffc6)] -> xpath: //img[@class="s-image"]], [[ChromeDriver: chrome on windows (de633b6bf771173dc2a639e808dcffc6)] -> xpath: //img[@class="s-image"]], [[ChromeDriver: chrome on windows (de633b6bf771173dc2a639e808dcffc6)] -> xpath: //img[@class="s-image"]], [[ChromeDriver: chrome on windows (de633b6bf771173dc2a639e808dcffc6)] -> xpath: //img[@class="s-image"]], [[ChromeDriver: chrome on windows (de633b6bf771173dc2a639e808dcffc6)] -> xpath: //img[@class="s-image"]]]
]]></system-out>
  </testcase>
  <testcase name="GoingToCartwithoutLogin" classname="Amazon1.TC_15GoToCartWithOutLogin" time="20.301"/>
  <testcase name="OrderingProuctWithCoupenCode[, ](1)" classname="Amazon1.TC_13ApplyCoupenCode" time="79.223">
    <system-out><![CDATA[[]
]]></system-out>
  </testcase>
  <testcase name="givingRatingforLastOrder[, ](1)" classname="Amazon1.TC_14_5StarRatingOnLastOrderProduct" time="92.635"/>
  <testcase name="paymentMethodValidation[, ](1)" classname="Amazon1.TC_12CheckEachPaymentMethod" time="115.813"/>
</testsuite>