<?xml version="1.0" encoding="UTF-8"?>
<!-- Generated by org.testng.reporters.JUnitReportReporter -->
<testsuite hostname="DESKTOP-2B05C2G" failures="0" tests="1" name="Amazon1.TC_15GoToCartWithOutLogin" time="27.783" errors="0" timestamp="2025-07-04T00:11:12 EDT" skipped="0">
  <testcase classname="Amazon1.TC_15GoToCartWithOutLogin" name="GoingToCartwithoutLogin" time="27.783">
    <system-out>
      <![CDATA[Test case passed: GoingToCartwithoutLogin
Driver is null so screenshot not captured]]>
    </system-out>
  </testcase> <!-- GoingToCartwithoutLogin -->
  <system-out>
    <![CDATA[Test execution started - Listener
Edge browser is launched succesfully
Test case passed: GoingToCartwithoutLogin
Driver is null so screenshot not captured]]>
  </system-out>
</testsuite> <!-- Amazon1.TC_15GoToCartWithOutLogin -->
