<?xml version="1.0" encoding="UTF-8"?>
<!-- Generated by org.testng.reporters.JUnitReportReporter -->
<testsuite hostname="DESKTOP-2B05C2G" failures="0" tests="1" name="Amazon1.TC_4EditYourProfile" time="27.699" errors="0" timestamp="2025-07-03T23:50:28 EDT" skipped="0">
  <testcase classname="Amazon1.TC_4EditYourProfile" name="loginwithDDT" time="27.699">
    <system-out>
      <![CDATA[Test case passed: loginwithDDT
Driver is null so screenshot not captured]]>
    </system-out>
  </testcase> <!-- loginwithDDT -->
  <system-out>
    <![CDATA[Test execution started - Listener
Edge browser is launched succesfully
Test case passed: loginwithDDT
Driver is null so screenshot not captured]]>
  </system-out>
</testsuite> <!-- Amazon1.TC_4EditYourProfile -->
