<?xml version="1.0" encoding="UTF-8"?>
<!-- Generated by org.testng.reporters.JUnitReportReporter -->
<testsuite hostname="DESKTOP-2B05C2G" failures="0" tests="1" name="Amazon1.TC_2AmazonLogin" time="80.350" errors="0" timestamp="2025-06-22T13:25:56 EDT" skipped="0">
  <testcase classname="Amazon1.TC_2AmazonLogin" name="loginwithDDT" time="80.350">
    <system-out>
      <![CDATA[Exception is Handeled
Exception is Handeled
Exception is Handeled
Test case passed: loginwithDDT]]>
    </system-out>
  </testcase> <!-- loginwithDDT -->
  <system-out>
    <![CDATA[Test execution started - Listener
Test case failed: registration
Chrome browser is launched succesfully
Test execution started - Listener
Test case failed: registration
Chrome browser is launched succesfully
Exception is handaled
Invalid Username is entered
Invalid Password is entered
Exception is Handeled
Exception is Handeled
Exception is Handeled
Chrome browser is launched succesfully
Exception is handaled
Invalid Username is entered
Invalid Password is entered
Exception is Handeled
Test case passed: loginwithDDT
Exception is Handeled
Chrome browser is launched succesfully
Invalid Username is entered
Invalid Password is entered
Exception is Handeled
Test case failed: loginWithInvalidEmail]]>
  </system-out>
</testsuite> <!-- Amazon1.TC_2AmazonLogin -->
