<?xml version="1.0" encoding="UTF-8"?>
<!-- Generated by org.testng.reporters.JUnitReportReporter -->
<testsuite hostname="DESKTOP-2B05C2G" failures="0" tests="2" name="Amazon1.TC_2AmazonLogin" time="145.563" errors="0" timestamp="2025-06-20T13:54:19 EDT" skipped="0">
  <testcase classname="Amazon1.TC_2AmazonLogin" name="loginwithDDT" time="114.735">
    <system-out>
      <![CDATA[Exception is Handeled
Exception is Handeled
Exception is Handeled
Test case passed: loginwithDDT]]>
    </system-out>
  </testcase> <!-- loginwithDDT -->
  <testcase classname="Amazon1.TC_2AmazonLogin" name="loginwithDDT" time="30.828">
    <system-out>
      <![CDATA[Exception is Handeled
Test case passed: loginwithDDT]]>
    </system-out>
  </testcase> <!-- loginwithDDT -->
  <system-out>
    <![CDATA[Test execution started - Listener
Test case failed: registration
Test case failed: registration
Chrome browser is launched succesfully
Exception is Handeled
Exception is Handeled
Exception is Handeled
Test case passed: loginwithDDT
Chrome browser is launched succesfully
Exception is Handeled
Test case passed: loginwithDDT]]>
  </system-out>
</testsuite> <!-- Amazon1.TC_2AmazonLogin -->
