<?xml version="1.0" encoding="UTF-8"?>
<!-- Generated by org.testng.reporters.JUnitReportReporter -->
<testsuite hostname="DESKTOP-2B05C2G" failures="0" tests="1" name="Amazon1.TC_15GoToCartWithOutLogin" time="14.956" errors="0" timestamp="2025-06-21T08:47:29 EDT" skipped="0">
  <testcase classname="Amazon1.TC_15GoToCartWithOutLogin" name="GoingToCartwithoutLogin" time="14.956">
    <system-out>
      <![CDATA[Exception is Handaled
Test case passed: GoingToCartwithoutLogin]]>
    </system-out>
  </testcase> <!-- GoingToCartwithoutLogin -->
  <system-out>
    <![CDATA[Test execution started - Listener
Test case failed: addRemoveproduct
Test case failed: selectingAddressPaymentMethod
Test case failed: paymentMethodValidation
Test case failed: OrderingProuctWithCoupenCode
Test case failed: givingRatingforLastOrder
Chrome browser is launched succesfully
Exception is Handaled
Test case passed: GoingToCartwithoutLogin]]>
  </system-out>
</testsuite> <!-- Amazon1.TC_15GoToCartWithOutLogin -->
