<?xml version="1.0" encoding="UTF-8"?>
<!-- Generated by org.testng.reporters.JUnitReportReporter -->
<testsuite hostname="DESKTOP-2B05C2G" failures="0" tests="1" name="Amazon1.TC_8ProductSort" time="16.263" errors="0" timestamp="2025-07-03T13:22:20 EDT" skipped="0">
  <testcase classname="Amazon1.TC_8ProductSort" name="loginwithDDT" time="16.263">
    <system-out>
      <![CDATA[Test case passed: loginwithDDT
Driver is null so screenshot not captured]]>
    </system-out>
  </testcase> <!-- loginwithDDT -->
  <system-out>
    <![CDATA[Test execution started - Listener
Edge browser is launched succesfully
Test case passed: loginwithDDT
Driver is null so screenshot not captured
Edge browser is launched succesfully
Invalid Username is entered
Invalid Password is entered
Login with invalid credentials:Solve this puzzle to protect your account
Test case passed: loginWithInvalidEmail
Driver is null so screenshot not captured
Edge browser is launched succesfully
Test case passed: loginwithDDT
Driver is null so screenshot not captured
Edge browser is launched succesfully
Test case passed: loginwithDDT
Driver is null so screenshot not captured
Edge browser is launched succesfully
Shoetopia is selected
Clear  price is selected
Test case passed: applyingFilters
Driver is null so screenshot not captured
Edge browser is launched succesfully
Product discription is Displayed
Customer Reviews is Displayed
Product price is Displayed
Test case passed: loginwithDDT
Driver is null so screenshot not captured
Edge browser is launched succesfully
Test case passed: loginwithDDT
Driver is null so screenshot not captured
Edge browser is launched succesfully
Test case passed: loginwithDDT
Driver is null so screenshot not captured
Edge browser is launched succesfully
Product Added To Cart
Cart count After product added to the cart: 5
Cart count Before increasing quantity: 5
Cart count After product deleted to the cart: 0
Test case passed: addRemoveproduct
Driver is null so screenshot not captured
Edge browser is launched succesfully
Edge browser is launched succesfully
Edge browser is launched succesfully
Test case failed: selectingAddressPaymentMethod
Edge browser is launched succesfully
Edge browser is launched succesfully
Edge browser is launched succesfully
Test case failed: paymentMethodValidation
Edge browser is launched succesfully
Test case passed: givingRatingforLastOrder
Driver is null so screenshot not captured
Edge browser is launched succesfully
Test case passed: GoingToCartwithoutLogin
Driver is null so screenshot not captured
Test case failed: registration
Edge browser is launched succesfully
Edge browser is launched succesfully
Edge browser is launched succesfully
Test case failed: OrderingProuctWithCoupenCode]]>
  </system-out>
</testsuite> <!-- Amazon1.TC_8ProductSort -->
