<?xml version="1.0" encoding="UTF-8"?>
<!-- Generated by org.testng.reporters.JUnitReportReporter -->
<testsuite hostname="DESKTOP-2B05C2G" failures="0" tests="1" name="Amazon1.TC_12CheckEachPaymentMethod" time="43.359" errors="0" timestamp="2025-07-04T00:04:46 EDT" skipped="0">
  <testcase classname="Amazon1.TC_12CheckEachPaymentMethod" name="paymentMethodValidation" time="43.359">
    <system-out>
      <![CDATA[Total payment options : 5
Payment option 0 is clickable
Payment option 1 is clickable
Payment option 2 is clickable
Payment option 3 is clickable
Payment option 4 is clickable
Test case passed: paymentMethodValidation
Driver is null so screenshot not captured]]>
    </system-out>
  </testcase> <!-- paymentMethodValidation -->
  <system-out>
    <![CDATA[Test execution started - Listener
Edge browser is launched succesfully
Total payment options : 5
Payment option 0 is clickable
Payment option 1 is clickable
Payment option 2 is clickable
Payment option 3 is clickable
Payment option 4 is clickable
Test case passed: paymentMethodValidation
Driver is null so screenshot not captured]]>
  </system-out>
</testsuite> <!-- Amazon1.TC_12CheckEachPaymentMethod -->
