<?xml version="1.0" encoding="UTF-8"?>
<!-- Generated by org.testng.reporters.JUnitReportReporter -->
<testsuite hostname="DESKTOP-2B05C2G" failures="0" tests="1" name="Amazon1.TC_10ItemUpdateRemove" time="41.975" errors="0" timestamp="2025-07-04T00:00:05 EDT" skipped="0">
  <testcase classname="Amazon1.TC_10ItemUpdateRemove" name="addRemoveproduct" time="41.975">
    <system-out>
      <![CDATA[Product Added To Cart
Cart count After product added to the cart: 4
Cart count Before increasing quantity: 4
Cart count After product deleted to the cart: 2
Test case passed: addRemoveproduct
Driver is null so screenshot not captured]]>
    </system-out>
  </testcase> <!-- addRemoveproduct -->
  <system-out>
    <![CDATA[Test execution started - Listener
Edge browser is launched succesfully
Product Added To Cart
Cart count After product added to the cart: 4
Cart count Before increasing quantity: 4
Cart count After product deleted to the cart: 2
Test case passed: addRemoveproduct
Driver is null so screenshot not captured]]>
  </system-out>
</testsuite> <!-- Amazon1.TC_10ItemUpdateRemove -->
