<?xml version="1.0" encoding="UTF-8"?>
<!-- Generated by org.testng.reporters.JUnitReportReporter -->
<testsuite hostname="DESKTOP-2B05C2G" failures="0" tests="1" name="Amazon1.TC_13ApplyCoupenCode" time="25.453" errors="0" timestamp="2025-07-05T20:57:50 EDT" skipped="0">
  <testcase classname="Amazon1.TC_13ApplyCoupenCode" name="OrderingProuctWithCoupenCode" time="25.453">
    <system-out>
      <![CDATA[Test case passed: OrderingProuctWithCoupenCode
Driver is null so screenshot not captured]]>
    </system-out>
  </testcase> <!-- OrderingProuctWithCoupenCode -->
  <system-out>
    <![CDATA[Test execution started - Listener
Edge browser is launched succesfully
Test case passed: OrderingProuctWithCoupenCode
Driver is null so screenshot not captured]]>
  </system-out>
</testsuite> <!-- Amazon1.TC_13ApplyCoupenCode -->
