<?xml version="1.0" encoding="UTF-8"?>
<!-- Generated by org.testng.reporters.JUnitReportReporter -->
<testsuite hostname="DESKTOP-2B05C2G" failures="0" tests="1" name="Amazon1.TC_7ProductPageInfo" time="34.456" errors="0" timestamp="2025-07-03T23:55:58 EDT" skipped="0">
  <testcase classname="Amazon1.TC_7ProductPageInfo" name="loginwithDDT" time="34.456">
    <system-out>
      <![CDATA[Product discription is Displayed
Customer Reviews is Displayed
Product price is Displayed
Test case passed: loginwithDDT
Driver is null so screenshot not captured]]>
    </system-out>
  </testcase> <!-- loginwithDDT -->
  <system-out>
    <![CDATA[Test execution started - Listener
Edge browser is launched succesfully
Product discription is Displayed
Customer Reviews is Displayed
Product price is Displayed
Test case passed: loginwithDDT
Driver is null so screenshot not captured]]>
  </system-out>
</testsuite> <!-- Amazon1.TC_7ProductPageInfo -->
