<?xml version="1.0" encoding="UTF-8"?>
<!-- Generated by org.testng.reporters.JUnitReportReporter -->
<testsuite hostname="DESKTOP-2B05C2G" failures="0" tests="1" name="Amazon1.TC_1AmazonRegistration" time="0.000" errors="1" timestamp="2025-06-22T13:25:56 EDT" skipped="0">
  <testcase classname="Amazon1.TC_1AmazonRegistration" name="registration" time="0.000">
    <error message="java.lang.ArrayIndexOutOfBoundsException: Index 3 out of bounds for length 3" type="java.lang.RuntimeException">
      <![CDATA[java.lang.RuntimeException: java.lang.ArrayIndexOutOfBoundsException: Index 3 out of bounds for length 3
at org.testng.internal.invokers.MethodInvocationHelper.invokeMethodNoCheckedException(MethodInvocationHelper.java:58)
at org.testng.internal.invokers.MethodInvocationHelper.invokeDataProvider(MethodInvocationHelper.java:159)
at org.testng.internal.Parameters.handleParameters(Parameters.java:809)
at org.testng.internal.Parameters.handleParameters(Parameters.java:734)
at org.testng.internal.invokers.ParameterHandler.handleParameters(ParameterHandler.java:72)
at org.testng.internal.invokers.ParameterHandler.createParameters(ParameterHandler.java:51)
at org.testng.internal.invokers.TestInvoker$MethodInvocationAgent.invoke(TestInvoker.java:949)
at org.testng.internal.invokers.TestInvoker.invokeTestMethods(TestInvoker.java:203)
at org.testng.internal.invokers.TestMethodWorker.invokeTestMethods(TestMethodWorker.java:154)
at org.testng.internal.invokers.TestMethodWorker.run(TestMethodWorker.java:134)
at java.base/java.util.concurrent.Executors$RunnableAdapter.call(Executors.java:539)
at java.base/java.util.concurrent.FutureTask.run(FutureTask.java:264)
at org.testng.internal.thread.graph.TestNGFutureTask.run(TestNGFutureTask.java:22)
at java.base/java.util.concurrent.ThreadPoolExecutor.runWorker(ThreadPoolExecutor.java:1136)
at java.base/java.util.concurrent.ThreadPoolExecutor$Worker.run(ThreadPoolExecutor.java:635)
at java.base/java.lang.Thread.run(Thread.java:842)
Caused by: java.lang.ArrayIndexOutOfBoundsException: Index 3 out of bounds for length 3
at AmazonUtils.DataSheetForRegistration.loginData(DataSheetForRegistration.java:42)
at java.base/jdk.internal.reflect.NativeMethodAccessorImpl.invoke0(Native Method)
at java.base/jdk.internal.reflect.NativeMethodAccessorImpl.invoke(NativeMethodAccessorImpl.java:77)
at java.base/jdk.internal.reflect.DelegatingMethodAccessorImpl.invoke(DelegatingMethodAccessorImpl.java:43)
at java.base/java.lang.reflect.Method.invoke(Method.java:568)
at org.testng.internal.invokers.MethodInvocationHelper.invokeMethod(MethodInvocationHelper.java:141)
at org.testng.internal.invokers.MethodInvocationHelper.invokeMethod(MethodInvocationHelper.java:86)
at org.testng.internal.invokers.MethodInvocationHelper.invokeMethodNoCheckedException(MethodInvocationHelper.java:54)
... 15 more
]]>
    </error>
  </testcase> <!-- registration -->
  <system-out>
    <![CDATA[Test execution started - Listener
Test case failed: registration
Chrome browser is launched succesfully
Test execution started - Listener
Test case failed: registration
Chrome browser is launched succesfully
Exception is handaled
Invalid Username is entered
Invalid Password is entered
Exception is Handeled
Exception is Handeled
Exception is Handeled
Chrome browser is launched succesfully
Exception is handaled
Invalid Username is entered
Invalid Password is entered
Exception is Handeled
Test case passed: loginwithDDT
Exception is Handeled
Chrome browser is launched succesfully
Invalid Username is entered
Invalid Password is entered
Exception is Handeled
Test case failed: loginWithInvalidEmail]]>
  </system-out>
</testsuite> <!-- Amazon1.TC_1AmazonRegistration -->
