<?xml version="1.0" encoding="UTF-8"?>
<!-- Generated by org.testng.reporters.JUnitReportReporter -->
<testsuite hostname="DESKTOP-2B05C2G" failures="0" tests="1" name="Amazon1.TC_14_5StarRatingOnLastOrderProduct" time="26.367" errors="0" timestamp="2025-07-04T00:09:27 EDT" skipped="0">
  <testcase classname="Amazon1.TC_14_5StarRatingOnLastOrderProduct" name="givingRatingforLastOrder" time="26.367">
    <system-out>
      <![CDATA[Test case passed: givingRatingforLastOrder
Driver is null so screenshot not captured]]>
    </system-out>
  </testcase> <!-- givingRatingforLastOrder -->
  <system-out>
    <![CDATA[Test execution started - Listener
Edge browser is launched succesfully
Test case passed: givingRatingforLastOrder
Driver is null so screenshot not captured]]>
  </system-out>
</testsuite> <!-- Amazon1.TC_14_5StarRatingOnLastOrderProduct -->
