<?xml version="1.0" encoding="UTF-8"?>
<!-- Generated by org.testng.reporters.JUnitReportReporter -->
<testsuite hostname="DESKTOP-2B05C2G" failures="0" tests="1" name="Amazon1.TC_6Filters" time="30.817" errors="0" timestamp="2025-07-03T23:54:02 EDT" skipped="0">
  <testcase classname="Amazon1.TC_6Filters" name="applyingFilters" time="30.817">
    <system-out>
      <![CDATA[Puma is selected
Clear  price is selected
Test case passed: applyingFilters
Driver is null so screenshot not captured]]>
    </system-out>
  </testcase> <!-- applyingFilters -->
  <system-out>
    <![CDATA[Test execution started - Listener
Edge browser is launched succesfully
Puma is selected
Clear  price is selected
Test case passed: applyingFilters
Driver is null so screenshot not captured]]>
  </system-out>
</testsuite> <!-- Amazon1.TC_6Filters -->
