<?xml version="1.0" encoding="UTF-8"?>
<!-- Generated by org.testng.reporters.JUnitReportReporter -->
<testsuite hostname="DESKTOP-2B05C2G" failures="0" tests="1" name="Amazon1.TC_2AmazonLogin" time="41.970" errors="0" timestamp="2025-07-03T23:47:29 EDT" skipped="0">
  <testcase classname="Amazon1.TC_2AmazonLogin" name="loginwithDDT" time="41.970">
    <system-out>
      <![CDATA[Test case passed: loginwithDDT
Driver is null so screenshot not captured]]>
    </system-out>
  </testcase> <!-- loginwithDDT -->
  <system-out>
    <![CDATA[Test execution started - Listener
Edge browser is launched succesfully
Test case passed: loginwithDDT
Driver is null so screenshot not captured]]>
  </system-out>
</testsuite> <!-- Amazon1.TC_2AmazonLogin -->
