<?xml version="1.0" encoding="UTF-8"?>
<!-- Generated by org.testng.reporters.JUnitReportReporter -->
<testsuite hostname="DESKTOP-2B05C2G" failures="0" tests="1" name="Amazon1.TC_15GoToCartWithOutLogin" time="28.909" errors="0" timestamp="2025-06-20T18:19:13 EDT" skipped="0">
  <testcase classname="Amazon1.TC_15GoToCartWithOutLogin" name="GoingToCartwithoutLogin" time="28.909">
    <system-out>
      <![CDATA[Exception is handaled
Exception is Handaled
Test case passed: GoingToCartwithoutLogin]]>
    </system-out>
  </testcase> <!-- GoingToCartwithoutLogin -->
  <system-out>
    <![CDATA[Test execution started - Listener
Chrome browser is launched succesfully
Exception is handaled
Exception is Handeled
Exception is Handeled
Exception is Handeled
Exception is Handeled
Exception is Handaled
Chrome browser is launched succesfully
Exception is handaled
Exception is Handeled
Exception is Handeled
Exception is Handeled
Exception is Handeled
Exception is Handaled
Chrome browser is launched succesfully
Exception is Handeled
Exception is Handeled
Exception is Handeled
Exception is Handeled
Exception is Handaled
Test case failed: addRemoveproduct
Chrome browser is launched succesfully
Exception is Handeled
Exception is Handeled
Exception is Handeled
Exception is Handaled
Chrome browser is launched succesfully
Exception is handaled
Exception is Handeled
Exception is Handeled
Exception is Handeled
Exception is Handaled
Chrome browser is launched succesfully
Exception is handaled
Exception is Handeled
Exception is Handeled
Exception is Handeled
Exception is Handaled
Test case failed: addRemoveproduct
Chrome browser is launched succesfully
Exception is handaled
Exception is Handeled
Exception is Handeled
Exception is Handeled
Exception is Handeled
Exception is Handaled
Chrome browser is launched succesfully
Exception is handaled
Exception is Handeled
Exception is Handeled
Exception is Handeled
Exception is Handeled
Exception is Handaled
Chrome browser is launched succesfully
Exception is handaled
Exception is Handeled
Exception is Handeled
Exception is Handeled
Exception is Handeled
Exception is Handaled
Test case failed: selectingAddressPaymentMethod
Chrome browser is launched succesfully
Exception is handaled
Exception is Handeled
Exception is Handeled
Exception is Handeled
Exception is Handaled
Chrome browser is launched succesfully
Exception is handaled
Exception is Handeled
Exception is Handeled
Exception is Handeled
Exception is Handaled
Chrome browser is launched succesfully
Exception is handaled
Exception is Handeled
Exception is Handeled
Exception is Handeled
Exception is Handaled
Test case failed: selectingAddressPaymentMethod
Chrome browser is launched succesfully
Exception is handaled
Exception is Handeled
Exception is Handeled
Exception is Handeled
Exception is Handeled
Exception is Handaled
Chrome browser is launched succesfully
Exception is handaled
Exception is Handeled
Exception is Handeled
Exception is Handeled
Exception is Handeled
Exception is Handaled
Chrome browser is launched succesfully
Exception is handaled
Exception is Handeled
Exception is Handeled
Exception is Handeled
Exception is Handeled
Exception is Handaled
Test case failed: paymentMethodValidation
Chrome browser is launched succesfully
Exception is handaled
Exception is Handeled
Exception is Handeled
Exception is Handeled
Exception is Handaled
Chrome browser is launched succesfully
Exception is handaled
Exception is Handeled
Exception is Handeled
Exception is Handeled
Exception is Handaled
Chrome browser is launched succesfully
Exception is handaled
Exception is Handeled
Exception is Handaled
Exception is handeled
Exception is handeled
Test case failed: paymentMethodValidation
Chrome browser is launched succesfully
Exception is handaled
Exception is Handeled
Exception is Handeled
Exception is Handeled
Exception is Handeled
Exception is Handaled
Chrome browser is launched succesfully
Exception is Handeled
Exception is Handeled
Exception is Handeled
Exception is Handeled
Exception is Handaled
Chrome browser is launched succesfully
Exception is Handeled
Exception is Handeled
Exception is Handeled
Exception is Handeled
Exception is Handaled
Test case failed: OrderingProuctWithCoupenCode
Chrome browser is launched succesfully
Exception is handaled
Exception is Handeled
Exception is Handaled
Exception is handeled
Exception is handeled
Chrome browser is launched succesfully
Exception is handaled
Exception is Handeled
Chrome browser is launched succesfully
Exception is handaled
Exception is Handeled
Exception is Handaled
Exception is handeled
Exception is handeled
Test case failed: OrderingProuctWithCoupenCode
Chrome browser is launched succesfully
Exception is handaled
Exception is Handeled
Exception is Handeled
Exception is Handeled
Chrome browser is launched succesfully
Exception is handaled
Exception is Handeled
Exception is Handeled
Exception is Handeled
Chrome browser is launched succesfully
Exception is Handeled
Exception is Handeled
Exception is Handeled
Test case failed: givingRatingforLastOrder
Chrome browser is launched succesfully
Exception is Handeled
Test case passed: givingRatingforLastOrder
Chrome browser is launched succesfully
Exception is handaled
Exception is Handaled
Test case passed: GoingToCartwithoutLogin]]>
  </system-out>
</testsuite> <!-- Amazon1.TC_15GoToCartWithOutLogin -->
