<?xml version="1.0" encoding="UTF-8"?>
<!-- Generated by org.testng.reporters.JUnitReportReporter -->
<testsuite hostname="DESKTOP-2B05C2G" failures="0" tests="1" name="Amazon1.TC_3AmazonLoginFail" time="8.817" errors="0" timestamp="2025-06-30T15:02:53 EDT" skipped="0">
  <testcase classname="Amazon1.TC_3AmazonLoginFail" name="loginWithInvalidEmail" time="8.817">
    <system-out>
      <![CDATA[Invalid Username is entered
Invalid Password is entered
Login with invalid credentials:Solve this puzzle to protect your account
Test case passed: loginWithInvalidEmail]]>
    </system-out>
  </testcase> <!-- loginWithInvalidEmail -->
  <system-out>
    <![CDATA[Test execution started - Listener
Edge browser is launched succesfully
Test case passed: loginwithDDT
Edge browser is launched succesfully
Invalid Username is entered
Invalid Password is entered
Login with invalid credentials:Solve this puzzle to protect your account
Test case passed: loginWithInvalidEmail
Edge browser is launched succesfully
Edge browser is launched succesfully
Edge browser is launched succesfully
Test case failed: loginwithDDT
Edge browser is launched succesfully
Edge browser is launched succesfully
Edge browser is launched succesfully
Test case failed: loginwithDDT
Edge browser is launched succesfully
Edge browser is launched succesfully
Edge browser is launched succesfully
Test case failed: applyingFilters
Edge browser is launched succesfully
Edge browser is launched succesfully
Edge browser is launched succesfully
Test case failed: loginwithDDT
Edge browser is launched succesfully
Edge browser is launched succesfully
Edge browser is launched succesfully
Test case failed: loginwithDDT
Edge browser is launched succesfully
Edge browser is launched succesfully
Edge browser is launched succesfully
Test case failed: loginwithDDT
Edge browser is launched succesfully
Edge browser is launched succesfully
Edge browser is launched succesfully
Test case failed: addRemoveproduct
Edge browser is launched succesfully
Edge browser is launched succesfully
Edge browser is launched succesfully
Test case failed: selectingAddressPaymentMethod
Edge browser is launched succesfully
Edge browser is launched succesfully
Edge browser is launched succesfully
Test case failed: paymentMethodValidation
Edge browser is launched succesfully
Edge browser is launched succesfully
Edge browser is launched succesfully
Test case failed: givingRatingforLastOrder
Edge browser is launched succesfully
Test case passed: GoingToCartwithoutLogin
Test case failed: registration
Edge browser is launched succesfully
Edge browser is launched succesfully
Edge browser is launched succesfully
Test case failed: OrderingProuctWithCoupenCode]]>
  </system-out>
</testsuite> <!-- Amazon1.TC_3AmazonLoginFail -->
