<?xml version="1.0" encoding="UTF-8"?>
<!-- Generated by org.testng.reporters.JUnitReportReporter -->
<testsuite hostname="DESKTOP-2B05C2G" failures="0" tests="4" name="AmazonPractice.TC_7ProductPageInfo" time="459.469" errors="1" timestamp="2025-06-19T22:23:03 EDT" skipped="2">
  <testcase classname="AmazonPractice.TC_7ProductPageInfo" name="loginwithDDT" time="129.349">
    <error message="Cannot invoke &quot;org.openqa.selenium.WebDriver.getClass()&quot; because &quot;exceptionDriver&quot; is null" type="java.lang.NullPointerException">
      <![CDATA[java.lang.NullPointerException: Cannot invoke "org.openqa.selenium.WebDriver.getClass()" because "exceptionDriver" is null
at org.openqa.selenium.support.ui.WebDriverWait.timeoutException(WebDriverWait.java:85)
at org.openqa.selenium.support.ui.FluentWait.until(FluentWait.java:228)
at AmazonPractice.AmazonHomeLoginPage.verifyAccount(AmazonHomeLoginPage.java:170)
at AmazonPractice.TC_7ProductPageInfo.loginwithDDT(TC_7ProductPageInfo.java:31)
at java.base/jdk.internal.reflect.NativeMethodAccessorImpl.invoke0(Native Method)
at java.base/jdk.internal.reflect.NativeMethodAccessorImpl.invoke(NativeMethodAccessorImpl.java:77)
at java.base/jdk.internal.reflect.DelegatingMethodAccessorImpl.invoke(DelegatingMethodAccessorImpl.java:43)
at java.base/java.lang.reflect.Method.invoke(Method.java:568)
at org.testng.internal.invokers.MethodInvocationHelper.invokeMethod(MethodInvocationHelper.java:141)
at org.testng.internal.invokers.TestInvoker.invokeMethod(TestInvoker.java:686)
at org.testng.internal.invokers.TestInvoker.retryFailed(TestInvoker.java:269)
at org.testng.internal.invokers.MethodRunner.runInSequence(MethodRunner.java:76)
at org.testng.internal.invokers.TestInvoker$MethodInvocationAgent.invoke(TestInvoker.java:992)
at org.testng.internal.invokers.TestInvoker.invokeTestMethods(TestInvoker.java:203)
at org.testng.internal.invokers.TestMethodWorker.invokeTestMethods(TestMethodWorker.java:154)
at org.testng.internal.invokers.TestMethodWorker.run(TestMethodWorker.java:134)
at java.base/java.util.ArrayList.forEach(ArrayList.java:1511)
at org.testng.TestRunner.privateRun(TestRunner.java:739)
at org.testng.TestRunner.run(TestRunner.java:614)
at org.testng.SuiteRunner.runTest(SuiteRunner.java:421)
at org.testng.SuiteRunner.runSequentially(SuiteRunner.java:413)
at org.testng.SuiteRunner.privateRun(SuiteRunner.java:373)
at org.testng.SuiteRunner.run(SuiteRunner.java:312)
at org.testng.SuiteRunnerWorker.runSuite(SuiteRunnerWorker.java:52)
at org.testng.SuiteRunnerWorker.run(SuiteRunnerWorker.java:95)
at org.testng.TestNG.runSuitesSequentially(TestNG.java:1274)
at org.testng.TestNG.runSuitesLocally(TestNG.java:1208)
at org.testng.TestNG.runSuites(TestNG.java:1112)
at org.testng.TestNG.run(TestNG.java:1079)
at org.apache.maven.surefire.testng.TestNGExecutor.run(TestNGExecutor.java:308)
at org.apache.maven.surefire.testng.TestNGXmlTestSuite.execute(TestNGXmlTestSuite.java:71)
at org.apache.maven.surefire.testng.TestNGProvider.invoke(TestNGProvider.java:113)
at org.apache.maven.surefire.booter.ForkedBooter.runSuitesInProcess(ForkedBooter.java:385)
at org.apache.maven.surefire.booter.ForkedBooter.execute(ForkedBooter.java:162)
at org.apache.maven.surefire.booter.ForkedBooter.run(ForkedBooter.java:507)
at org.apache.maven.surefire.booter.ForkedBooter.main(ForkedBooter.java:495)
]]>
    </error>
    <system-out>
      <![CDATA[Exception is handaled
Exception is Handeled
Exception is Handeled
Test case failed: loginwithDDT]]>
    </system-out>
  </testcase> <!-- loginwithDDT -->
  <testcase classname="AmazonPractice.TC_7ProductPageInfo" name="loginwithDDT" time="128.390">
    <skipped/>
    <system-out>
      <![CDATA[Exception is handaled
Exception is Handeled
Exception is Handeled]]>
    </system-out>
  </testcase> <!-- loginwithDDT -->
  <testcase classname="AmazonPractice.TC_7ProductPageInfo" name="loginwithDDT" time="71.186">
    <system-out>
      <![CDATA[Exception is handaled
Exception is Handeled
Exception is Handaled
Test case passed: loginwithDDT]]>
    </system-out>
  </testcase> <!-- loginwithDDT -->
  <testcase classname="AmazonPractice.TC_7ProductPageInfo" name="loginwithDDT" time="130.544">
    <skipped/>
    <system-out>
      <![CDATA[Exception is handaled
Exception is Handeled
Exception is Handeled]]>
    </system-out>
  </testcase> <!-- loginwithDDT -->
  <system-out>
    <![CDATA[Test execution started - Listener
Exception is handaled
Exception is handaled
Exception is handaled
Test case failed: registration
Exception is handaled
Exception is handaled
Exception is handaled
Test case failed: registration
Chrome browser is launched succesfully
Exception is handaled
Exception is Handeled
Exception is Handeled
Chrome browser is launched succesfully
Exception is handaled
Exception is Handeled
Exception is Handeled
Chrome browser is launched succesfully
Exception is handaled
Exception is Handeled
Exception is Handeled
Test case failed: loginwithDDT
Chrome browser is launched succesfully
Exception is handaled
Exception is Handeled
Test case passed: loginwithDDT
Chrome browser is launched succesfully
Exception is handaled
Chrome browser is launched succesfully
Exception is handaled
Chrome browser is launched succesfully
Exception is handaled
Test case failed: loginWithInvalidEmail
Chrome browser is launched succesfully
Exception is handaled
Exception is Handeled
Chrome browser is launched succesfully
Exception is handaled
Exception is Handeled
Chrome browser is launched succesfully
Exception is handaled
Exception is Handeled
Test case failed: loginWithInvalidEmail
Chrome browser is launched succesfully
Exception is handaled
Exception is Handeled
Exception is Handeled
Chrome browser is launched succesfully
Exception is handaled
Exception is Handeled
Exception is Handeled
Chrome browser is launched succesfully
Exception is handaled
Exception is Handeled
Exception is Handeled
Test case failed: loginwithDDT
Chrome browser is launched succesfully
Exception is handaled
Exception is Handeled
Chrome browser is launched succesfully
Exception is handaled
Exception is Handeled
Chrome browser is launched succesfully
Exception is handaled
Exception is Handeled
Test case failed: loginwithDDT
Chrome browser is launched succesfully
Exception is handaled
Exception is Handeled
Exception is Handeled
Chrome browser is launched succesfully
Exception is handaled
Exception is Handeled
Exception is Handeled
Chrome browser is launched succesfully
Exception is handaled
Exception is Handeled
Exception is Handeled
Test case failed: loginwithDDT
Chrome browser is launched succesfully
Exception is handaled
Exception is Handeled
Test case passed: loginwithDDT
Chrome browser is launched succesfully
Exception is handaled
Exception is Handeled
Exception is Handeled
Chrome browser is launched succesfully
Exception is handaled
Exception is Handeled
Exception is Handeled
Chrome browser is launched succesfully
Exception is handaled
Exception is Handeled
Exception is Handeled
Test case failed: loginwithDDT
Chrome browser is launched succesfully
Exception is handaled
Exception is Handeled
Chrome browser is launched succesfully
Exception is handaled
Chrome browser is launched succesfully
Exception is handaled
Exception is Handeled
Test case passed: loginwithDDT
Chrome browser is launched succesfully
Exception is handaled
Exception is Handeled
Exception is Handeled
Chrome browser is launched succesfully
Exception is handaled
Exception is Handeled
Exception is Handeled
Chrome browser is launched succesfully
Exception is handaled
Exception is Handeled
Exception is Handeled
Test case failed: loginwithDDT
Chrome browser is launched succesfully
Exception is handaled
Exception is Handeled
Exception is Handaled
Test case passed: loginwithDDT
Chrome browser is launched succesfully
Exception is handaled
Exception is Handeled
Exception is Handeled
Chrome browser is launched succesfully
Exception is handaled
Exception is Handeled
Exception is Handeled
Chrome browser is launched succesfully
Exception is handaled
Exception is Handeled
Exception is Handeled
Test case failed: loginwithDDT
Chrome browser is launched succesfully
Exception is handaled
Exception is Handeled
Exception is Handaled
Test case passed: loginwithDDT
Chrome browser is launched succesfully
Exception is handaled
Exception is Handeled
Exception is Handeled
Chrome browser is launched succesfully
Exception is handaled
Exception is Handeled
Exception is Handeled
Chrome browser is launched succesfully
Exception is handaled
Exception is Handeled
Exception is Handeled
Test case failed: loginwithDDT
Chrome browser is launched succesfully
Exception is handaled
Exception is Handeled
Exception is Handaled
Test case passed: loginwithDDT]]>
  </system-out>
</testsuite> <!-- AmazonPractice.TC_7ProductPageInfo -->
