<?xml version="1.0" encoding="UTF-8"?>
<!-- Generated by org.testng.reporters.JUnitReportReporter -->
<testsuite hostname="DESKTOP-2B05C2G" failures="0" tests="1" name="Amazon1.TC_15GoToCartWithOutLogin" time="29.932" errors="0" timestamp="2025-06-21T14:57:47 EDT" skipped="0">
  <testcase classname="Amazon1.TC_15GoToCartWithOutLogin" name="GoingToCartwithoutLogin" time="29.932">
    <system-out>
      <![CDATA[Exception is handaled
Exception is Handaled
Test case passed: GoingToCartwithoutLogin]]>
    </system-out>
  </testcase> <!-- GoingToCartwithoutLogin -->
  <system-out>
    <![CDATA[Test execution started - Listener
Test case failed: registration
Test case failed: registration
Chrome browser is launched succesfully
Exception is handaled
Exception is Handeled
Exception is Handeled
Exception is Handeled
Test case passed: loginwithDDT
Chrome browser is launched succesfully
Exception is handaled
Exception is Handeled
Test case passed: loginwithDDT
Chrome browser is launched succesfully
Invalid Username is entered
Chrome browser is launched succesfully
Invalid Username is entered
Chrome browser is launched succesfully
Invalid Username is entered
Test case failed: loginWithInvalidEmail
Chrome browser is launched succesfully
Exception is handaled
Invalid Username is entered
Invalid Password is entered
Exception is Handeled
Chrome browser is launched succesfully
Exception is handaled
Invalid Username is entered
Invalid Password is entered
Exception is Handeled
Chrome browser is launched succesfully
Invalid Username is entered
Invalid Password is entered
Exception is Handeled
Test case failed: loginWithInvalidEmail
Chrome browser is launched succesfully
Exception is handaled
Exception is Handeled
Exception is Handeled
Exception is Handeled
Exception is handaled
Chrome browser is launched succesfully
Exception is handaled
Exception is Handeled
Exception is Handeled
Exception is Handeled
Exception is handaled
Chrome browser is launched succesfully
Exception is handaled
Exception is Handeled
Exception is Handeled
Exception is Handeled
Exception is handaled
Test case failed: loginwithDDT
Chrome browser is launched succesfully
Exception is handaled
Exception is Handeled
Chrome browser is launched succesfully
Exception is handaled
Exception is Handeled
Chrome browser is launched succesfully
Exception is Handeled
Test case failed: loginwithDDT
Chrome browser is launched succesfully
Exception is Handeled
Exception is Handeled
Exception is Handeled
Exception is Handeled
Test case passed: loginwithDDT
Chrome browser is launched succesfully
Exception is handaled
Exception is Handeled
Test case passed: loginwithDDT
Chrome browser is launched succesfully
Exception is Handeled
Exception is Handeled
Exception is Handeled
Exception is Handeled
Exception is handeled
Test case failed: loginwithDDT
Chrome browser is launched succesfully
Exception is Handeled
Exception is handeled
Test case passed: loginwithDDT
Chrome browser is launched succesfully
Exception is handaled
Exception is Handeled
Exception is Handeled
Exception is Handeled
Exception is Handeled
Exception is Handaled
Test case passed: loginwithDDT
Chrome browser is launched succesfully
Exception is handaled
Exception is Handeled
Exception is Handaled
Product discription is Displayed
Customer Reviews is Displayed
Product price is Displayed
Test case passed: loginwithDDT
Chrome browser is launched succesfully
Exception is Handeled
Exception is Handeled
Exception is Handeled
Exception is Handeled
Test case failed: loginwithDDT
Chrome browser is launched succesfully
Exception is Handeled
Exception is Handaled
Test case passed: loginwithDDT
Chrome browser is launched succesfully
Exception is handaled
Exception is Handeled
Exception is Handeled
Exception is Handeled
Exception is Handeled
Exception is Handaled
Exception is handaled
Test case passed: loginwithDDT
Chrome browser is launched succesfully
Exception is Handeled
Exception is Handaled
Test case passed: loginwithDDT
Chrome browser is launched succesfully
Exception is handaled
Exception is Handeled
Exception is Handeled
Exception is Handeled
Exception is Handeled
Exception is Handaled
Exception is handaled
Exception is handeled
Test case failed: addRemoveproduct
Chrome browser is launched succesfully
Exception is Handeled
Exception is Handaled
Exception is handeled
Test case passed: addRemoveproduct
Chrome browser is launched succesfully
Exception is handaled
Exception is Handeled
Exception is Handeled
Exception is Handeled
Exception is Handeled
Exception is Handaled
Exception is handaled
Exception is handeled
Test case failed: selectingAddressPaymentMethod
Chrome browser is launched succesfully
Exception is handaled
Exception is Handeled
Exception is Handaled
Exception is handeled
Exception is handeled
Test case passed: selectingAddressPaymentMethod
Chrome browser is launched succesfully
Exception is handaled
Exception is Handeled
Exception is Handeled
Exception is Handeled
Exception is Handeled
Exception is Handaled
Exception is handeled
Test case passed: paymentMethodValidation
Chrome browser is launched succesfully
Exception is handaled
Exception is Handeled
Exception is Handaled
Exception is handeled
Test case passed: paymentMethodValidation
Chrome browser is launched succesfully
Exception is handaled
Exception is Handeled
Exception is Handeled
Exception is Handeled
Exception is Handeled
Exception is Handaled
Exception is handaled
Exception is handeled
Test case failed: OrderingProuctWithCoupenCode
Chrome browser is launched succesfully
Exception is Handeled
Exception is Handaled
Exception is handeled
Test case failed: OrderingProuctWithCoupenCode
Chrome browser is launched succesfully
Exception is handaled
Exception is Handeled
Exception is Handeled
Exception is Handeled
Test case failed: givingRatingforLastOrder
Chrome browser is launched succesfully
Exception is handaled
Exception is Handeled
Test case passed: givingRatingforLastOrder
Chrome browser is launched succesfully
Exception is handaled
Exception is Handaled
Test case passed: GoingToCartwithoutLogin]]>
  </system-out>
</testsuite> <!-- Amazon1.TC_15GoToCartWithOutLogin -->
